08:47:41.168	SERVER	admin	OK	Server was started (port: 1984)
08:47:41.261	SERVER	admin	OK	HTTP Server was started (port: 8984)
08:47:51.882	0:0:0:0:0:0:0:1:61510	admin	REQUEST	[POST] http://localhost:8984/save_dict_file_request?uri=http://localhost:8984/get_dict_file_xml_content_request?file=content/dictionary_f.delahaye_bpri.xml
08:47:52.750	0:0:0:0:0:0:0:1:61510	admin	200		872.5 ms
08:49:44.004	0:0:0:0:0:0:0:1:61540	admin	REQUEST	[GET] http://localhost:8984/get_dict_file_content_as_textile_request?file=content/dictionary_f.delahaye_bpri.xml
08:49:46.416	0:0:0:0:0:0:0:1:61540	admin	200		2421.4 ms
09:38:24.123	0:0:0:0:0:0:0:1:62383	admin	REQUEST	[POST] http://localhost:8984/save_dict_file_request?uri=http://localhost:8984/get_dict_file_xml_content_request?file=content/dictionary_f.delahaye_bpri.xml
09:38:24.332	0:0:0:0:0:0:0:1:62383	admin	200		212.42 ms
09:40:32.530	0:0:0:0:0:0:0:1:62426	admin	REQUEST	[POST] http://localhost:8984/save_dict_file_request?uri=http://localhost:8984/get_dict_file_xml_content_request?file=content/dictionary_f.delahaye_bpri.xml
09:40:32.681	0:0:0:0:0:0:0:1:62426	admin	200		151.46 ms
09:41:00.446	0:0:0:0:0:0:0:1:62426	admin	REQUEST	[GET] http://localhost:8984/get_dict_file_content_as_textile_request?file=content/dictionary_f.delahaye_bpri.xml
09:41:01.836	0:0:0:0:0:0:0:1:62426	admin	200		1390.42 ms
09:41:34.399	0:0:0:0:0:0:0:1:62426	admin	REQUEST	[POST] http://localhost:8984/save_dict_file_request?uri=http://localhost:8984/get_dict_file_xml_content_request?file=content/dictionary_f.delahaye_bpri.xml
09:41:34.516	0:0:0:0:0:0:0:1:62426	admin	200		118.32 ms
09:41:40.364	0:0:0:0:0:0:0:1:62426	admin	REQUEST	[GET] http://localhost:8984/get_dict_file_content_as_textile_request?file=content/dictionary_f.delahaye_bpri.xml
09:41:40.939	0:0:0:0:0:0:0:1:62426	admin	200		575.56 ms
09:44:23.172	0:0:0:0:0:0:0:1:62499	admin	REQUEST	[POST] http://localhost:8984/save_dict_file_request?uri=http://localhost:8984/get_dict_file_xml_content_request?file=content/dictionary_f.delahaye_bpri.xml
09:44:23.294	0:0:0:0:0:0:0:1:62499	admin	200		123.3 ms
09:44:26.532	0:0:0:0:0:0:0:1:62499	admin	REQUEST	[GET] http://localhost:8984/get_dict_file_content_as_textile_request?file=content/dictionary_f.delahaye_bpri.xml
09:44:27.435	0:0:0:0:0:0:0:1:62499	admin	200		903.52 ms
09:57:36.670	0:0:0:0:0:0:0:1:62758	admin	REQUEST	[POST] http://localhost:8984/save_dict_file_request?uri=http://localhost:8984/get_dict_file_xml_content_request?file=content/dictionary_f.delahaye_bpri.xml
09:57:36.780	0:0:0:0:0:0:0:1:62758	admin	200		110.51 ms
10:00:20.052	0:0:0:0:0:0:0:1:62809	admin	REQUEST	[POST] http://localhost:8984/save_dict_file_request?uri=http://localhost:8984/get_dict_file_xml_content_request?file=content/dictionary_f.delahaye_bpri.xml
10:00:20.231	0:0:0:0:0:0:0:1:62809	admin	200		183.32 ms
10:00:25.391	0:0:0:0:0:0:0:1:62809	admin	REQUEST	[GET] http://localhost:8984/get_dict_file_content_as_textile_request?file=content/dictionary_f.delahaye_bpri.xml
10:00:26.367	0:0:0:0:0:0:0:1:62809	admin	200		976.73 ms
10:04:57.530	0:0:0:0:0:0:0:1:62884	admin	REQUEST	[POST] http://localhost:8984/save_dict_file_request?uri=http://localhost:8984/get_dict_file_xml_content_request?file=content/dictionary_f.delahaye_bpri.xml
10:04:57.631	0:0:0:0:0:0:0:1:62884	admin	200		100.65 ms
10:05:08.035	0:0:0:0:0:0:0:1:62884	admin	REQUEST	[POST] http://localhost:8984/save_dict_file_request?uri=http://localhost:8984/get_dict_file_xml_content_request?file=content/dictionary_f.delahaye_bpri.xml
10:05:08.115	0:0:0:0:0:0:0:1:62884	admin	200		80.42 ms
14:56:44.669	0:0:0:0:0:0:0:1:50940	admin	REQUEST	[POST] http://localhost:8984/save_dict_file_request?uri=http://localhost:8984/get_dict_file_xml_content_request?file=content/dictionary_f.delahaye_bpri.xml
14:56:44.774	0:0:0:0:0:0:0:1:50940	admin	200		106.01 ms
15:57:39.542	0:0:0:0:0:0:0:1:51822	admin	REQUEST	[POST] http://localhost:8984/save_dict_file_request?uri=http://localhost:8984/get_dict_file_xml_content_request?file=content/dictionary_f.delahaye_bpri.xml
15:57:39.673	0:0:0:0:0:0:0:1:51822	admin	200		131.96 ms
15:58:13.054	0:0:0:0:0:0:0:1:51822	admin	REQUEST	[GET] http://localhost:8984/get_dict_file_content_as_textile_request?file=content/dictionary_f.delahaye_bpri.xml
15:58:14.131	0:0:0:0:0:0:0:1:51822	admin	200		1078.3 ms
16:00:39.986	0:0:0:0:0:0:0:1:51863	admin	REQUEST	[POST] http://localhost:8984/save_dict_file_request?uri=http://localhost:8984/get_dict_file_xml_content_request?file=content/dictionary_f.delahaye_bpri.xml
16:00:40.078	0:0:0:0:0:0:0:1:51863	admin	200		93.15 ms
16:00:44.080	0:0:0:0:0:0:0:1:51863	admin	REQUEST	[GET] http://localhost:8984/get_dict_file_content_as_textile_request?file=content/dictionary_f.delahaye_bpri.xml
16:00:44.905	0:0:0:0:0:0:0:1:51863	admin	200		825.18 ms
16:04:47.862	0:0:0:0:0:0:0:1:51917	admin	REQUEST	[POST] http://localhost:8984/save_dict_file_request?uri=http://localhost:8984/get_dict_file_xml_content_request?file=content/dictionary_f.delahaye_bpri.xml
16:04:47.983	0:0:0:0:0:0:0:1:51917	admin	200		122.19 ms
17:35:55.478	0:0:0:0:0:0:0:1:53215	admin	REQUEST	[POST] http://localhost:8984/save_dict_file_request?uri=http://localhost:8984/get_dict_file_xml_content_request?file=content/dictionary_f.delahaye_bpri.xml
17:35:55.633	0:0:0:0:0:0:0:1:53215	admin	200		156.27 ms
17:36:00.500	0:0:0:0:0:0:0:1:53215	admin	REQUEST	[GET] http://localhost:8984/get_dict_file_content_as_textile_request?file=content/dictionary_f.delahaye_bpri.xml
17:36:01.294	0:0:0:0:0:0:0:1:53215	admin	200		794.11 ms
17:41:25.372	0:0:0:0:0:0:0:1:53297	admin	REQUEST	[POST] http://localhost:8984/save_dict_file_request?uri=http://localhost:8984/get_dict_file_xml_content_request?file=content/dictionary_f.delahaye_bpri.xml
17:41:25.464	0:0:0:0:0:0:0:1:53297	admin	200		92.95 ms
17:58:15.739	0:0:0:0:0:0:0:1:53577	admin	REQUEST	[POST] http://localhost:8984/save_dict_file_request?uri=http://localhost:8984/get_dict_file_xml_content_request?file=content/dictionary_f.delahaye_bpri.xml
17:58:15.898	0:0:0:0:0:0:0:1:53577	admin	200		160.68 ms
18:07:59.016	0:0:0:0:0:0:0:1:53698	admin	REQUEST	[POST] http://localhost:8984/save_dict_file_request?uri=http://localhost:8984/get_dict_file_xml_content_request?file=content/dictionary_f.delahaye_bpri.xml
18:07:59.123	0:0:0:0:0:0:0:1:53698	admin	200		110.41 ms
18:08:08.637	0:0:0:0:0:0:0:1:53698	admin	REQUEST	[GET] http://localhost:8984/get_dict_file_content_as_textile_request?file=content/dictionary_f.delahaye_bpri.xml
18:08:09.521	0:0:0:0:0:0:0:1:53698	admin	200		884.43 ms
18:11:01.316	0:0:0:0:0:0:0:1:53731	admin	REQUEST	[POST] http://localhost:8984/save_dict_file_request?uri=http://localhost:8984/get_dict_file_xml_content_request?file=content/dictionary_f.delahaye_bpri.xml
18:11:01.394	0:0:0:0:0:0:0:1:53731	admin	200		78.36 ms
18:11:06.227	0:0:0:0:0:0:0:1:53731	admin	REQUEST	[GET] http://localhost:8984/get_dict_file_content_as_textile_request?file=content/dictionary_f.delahaye_bpri.xml
18:11:07.062	0:0:0:0:0:0:0:1:53731	admin	200		835.91 ms
18:16:41.550	0:0:0:0:0:0:0:1:53797	admin	REQUEST	[POST] http://localhost:8984/save_dict_file_request?uri=http://localhost:8984/get_dict_file_xml_content_request?file=content/dictionary_f.delahaye_bpri.xml
18:16:41.650	0:0:0:0:0:0:0:1:53797	admin	200		101.76 ms
