10:18:32.549	10.101.1.204:57900	admin	REQUEST	[GET] http://10.101.1.201:8984/
10:18:32.855	10.101.1.204:57900	admin	200		314.51 ms
10:18:33.572	10.101.1.204:57900	admin	REQUEST	[GET] http://10.101.1.201:8984/favicon.ico
10:18:33.607	10.101.1.204:57900	admin	404	No function found that matches the request.	36.39 ms
10:58:33.977	0:0:0:0:0:0:0:1:54491	admin	REQUEST	[POST] http://localhost:8984/save_dict_file_request?uri=http://localhost:8984/get_dict_file_xml_content_request?file=content/dictionary_f.delahaye_bpri.xml
10:58:34.435	0:0:0:0:0:0:0:1:54491	admin	200		461.63 ms
10:59:53.401	0:0:0:0:0:0:0:1:54547	admin	REQUEST	[POST] http://localhost:8984/save_dict_file_request?uri=http://localhost:8984/get_dict_file_xml_content_request?file=content/dictionary_f.delahaye_bpri.xml
10:59:53.533	0:0:0:0:0:0:0:1:54547	admin	200		132.42 ms
11:02:36.284	0:0:0:0:0:0:0:1:54629	admin	REQUEST	[POST] http://localhost:8984/save_dict_file_request?uri=http://localhost:8984/get_dict_file_xml_content_request?file=content/dictionary_f.delahaye_bpri.xml
11:02:36.422	0:0:0:0:0:0:0:1:54629	admin	200		137.82 ms
11:21:38.306	0:0:0:0:0:0:0:1:55157	admin	REQUEST	[POST] http://localhost:8984/save_dict_file_request?uri=http://localhost:8984/get_dict_file_xml_content_request?file=content/dictionary_f.delahaye_bpri.xml
11:21:38.420	0:0:0:0:0:0:0:1:55157	admin	200		114.49 ms
11:24:31.565	0:0:0:0:0:0:0:1:55231	admin	REQUEST	[POST] http://localhost:8984/save_dict_file_request?uri=http://localhost:8984/get_dict_file_xml_content_request?file=content/dictionary_f.delahaye_bpri.xml
11:24:31.663	0:0:0:0:0:0:0:1:55231	admin	200		98.97 ms
11:33:26.655	0:0:0:0:0:0:0:1:55488	admin	REQUEST	[POST] http://localhost:8984/save_dict_file_request?uri=http://localhost:8984/get_dict_file_xml_content_request?file=content/dictionary_f.delahaye_bpri.xml
11:33:26.755	0:0:0:0:0:0:0:1:55488	admin	200		100.84 ms
11:59:45.186	0:0:0:0:0:0:0:1:56226	admin	REQUEST	[POST] http://localhost:8984/save_dict_file_request?uri=http://localhost:8984/get_dict_file_xml_content_request?file=content/dictionary_f.delahaye_bpri.xml
11:59:45.295	0:0:0:0:0:0:0:1:56226	admin	200		110.68 ms
12:09:54.156	0:0:0:0:0:0:0:1:56483	admin	REQUEST	[POST] http://localhost:8984/save_dict_file_request?uri=http://localhost:8984/get_dict_file_xml_content_request?file=content/dictionary_f.delahaye_bpri.xml
12:09:54.251	0:0:0:0:0:0:0:1:56483	admin	200		97.41 ms
12:12:55.185	0:0:0:0:0:0:0:1:56566	admin	REQUEST	[POST] http://localhost:8984/save_dict_file_request?uri=http://localhost:8984/get_dict_file_xml_content_request?file=content/dictionary_f.delahaye_bpri.xml
12:12:55.314	0:0:0:0:0:0:0:1:56566	admin	200		129.86 ms
12:18:33.799	0:0:0:0:0:0:0:1:56701	admin	REQUEST	[POST] http://localhost:8984/save_dict_file_request?uri=http://localhost:8984/get_dict_file_xml_content_request?file=content/dictionary_f.delahaye_bpri.xml
12:18:33.895	0:0:0:0:0:0:0:1:56701	admin	200		96.62 ms
14:13:34.592	0:0:0:0:0:0:0:1:59617	admin	REQUEST	[POST] http://localhost:8984/save_dict_file_request?uri=http://localhost:8984/get_dict_file_xml_content_request?file=content/dictionary_f.delahaye_bpri.xml
14:13:34.693	0:0:0:0:0:0:0:1:59617	admin	200		101.7 ms
14:24:28.252	0:0:0:0:0:0:0:1:59930	admin	REQUEST	[POST] http://localhost:8984/save_dict_file_request?uri=http://localhost:8984/get_dict_file_xml_content_request?file=content/dictionary_f.delahaye_bpri.xml
14:24:28.380	0:0:0:0:0:0:0:1:59930	admin	200		129.68 ms
14:32:56.381	0:0:0:0:0:0:0:1:60189	admin	REQUEST	[POST] http://localhost:8984/save_dict_file_request?uri=http://localhost:8984/get_dict_file_xml_content_request?file=content/dictionary_f.delahaye_bpri.xml
14:32:56.485	0:0:0:0:0:0:0:1:60189	admin	200		105.17 ms
14:33:23.501	0:0:0:0:0:0:0:1:60189	admin	REQUEST	[POST] http://localhost:8984/save_dict_file_request?uri=http://localhost:8984/get_dict_file_xml_content_request?file=content/dictionary_f.delahaye_bpri.xml
14:33:23.590	0:0:0:0:0:0:0:1:60189	admin	200		89.99 ms
14:40:43.927	0:0:0:0:0:0:0:1:60393	admin	REQUEST	[POST] http://localhost:8984/save_dict_file_request?uri=http://localhost:8984/get_dict_file_xml_content_request?file=content/dictionary_f.delahaye_bpri.xml
14:40:44.050	0:0:0:0:0:0:0:1:60393	admin	200		123.62 ms
14:42:20.836	0:0:0:0:0:0:0:1:60442	admin	REQUEST	[POST] http://localhost:8984/save_dict_file_request?uri=http://localhost:8984/get_dict_file_xml_content_request?file=content/dictionary_f.delahaye_bpri.xml
14:42:20.942	0:0:0:0:0:0:0:1:60442	admin	200		106.74 ms
14:42:53.203	0:0:0:0:0:0:0:1:60442	admin	REQUEST	[POST] http://localhost:8984/save_dict_file_request?uri=http://localhost:8984/get_dict_file_xml_content_request?file=content/dictionary_f.delahaye_bpri.xml
14:42:53.306	0:0:0:0:0:0:0:1:60442	admin	200		108.07 ms
14:43:38.227	0:0:0:0:0:0:0:1:60442	admin	REQUEST	[POST] http://localhost:8984/save_dict_file_request?uri=http://localhost:8984/get_dict_file_xml_content_request?file=content/dictionary_f.delahaye_bpri.xml
14:43:38.351	0:0:0:0:0:0:0:1:60442	admin	200		127.18 ms
14:44:26.239	0:0:0:0:0:0:0:1:60442	admin	REQUEST	[POST] http://localhost:8984/save_dict_file_request?uri=http://localhost:8984/get_dict_file_xml_content_request?file=content/dictionary_f.delahaye_bpri.xml
14:44:26.359	0:0:0:0:0:0:0:1:60442	admin	200		120.27 ms
14:44:38.404	0:0:0:0:0:0:0:1:60442	admin	REQUEST	[POST] http://localhost:8984/save_dict_file_request?uri=http://localhost:8984/get_dict_file_xml_content_request?file=content/dictionary_f.delahaye_bpri.xml
14:44:38.476	0:0:0:0:0:0:0:1:60442	admin	200		72.88 ms
14:45:31.081	0:0:0:0:0:0:0:1:60442	admin	REQUEST	[POST] http://localhost:8984/save_dict_file_request?uri=http://localhost:8984/get_dict_file_xml_content_request?file=content/dictionary_f.delahaye_bpri.xml
14:45:31.203	0:0:0:0:0:0:0:1:60442	admin	200		122.3 ms
14:46:12.485	0:0:0:0:0:0:0:1:60442	admin	REQUEST	[POST] http://localhost:8984/save_dict_file_request?uri=http://localhost:8984/get_dict_file_xml_content_request?file=content/dictionary_f.delahaye_bpri.xml
14:46:12.590	0:0:0:0:0:0:0:1:60442	admin	200		106.67 ms
14:47:38.442	0:0:0:0:0:0:0:1:60597	admin	REQUEST	[POST] http://localhost:8984/save_dict_file_request?uri=http://localhost:8984/get_dict_file_xml_content_request?file=content/dictionary_f.delahaye_bpri.xml
14:47:38.575	0:0:0:0:0:0:0:1:60597	admin	200		134.21 ms
15:02:09.170	0:0:0:0:0:0:0:1:61021	admin	REQUEST	[POST] http://localhost:8984/save_dict_file_request?uri=http://localhost:8984/get_dict_file_xml_content_request?file=content/dictionary_f.delahaye_bpri.xml
15:02:09.285	0:0:0:0:0:0:0:1:61021	admin	200		115.73 ms
15:09:20.477	0:0:0:0:0:0:0:1:61201	admin	REQUEST	[POST] http://localhost:8984/save_dict_file_request?uri=http://localhost:8984/get_dict_file_xml_content_request?file=content/dictionary_f.delahaye_bpri.xml
15:09:20.613	0:0:0:0:0:0:0:1:61201	admin	200		136.94 ms
