09:28:04.220	0:0:0:0:0:0:0:1:59805	admin	REQUEST	[GET] http://localhost:8984/edit_dict_file_request?file=content/dictionary_f.delahaye_bpri.xml
09:28:04.277	0:0:0:0:0:0:0:1:59805	admin	200		57.53 ms
09:28:04.290	0:0:0:0:0:0:0:1:59807	admin	REQUEST	[GET] http://localhost:8984/edit_dict_file_request?file=content/dictionary_f.delahaye_bpri.xml
09:28:04.307	0:0:0:0:0:0:0:1:59807	admin	200		17.06 ms
09:28:04.335	0:0:0:0:0:0:0:1:59807	admin	REQUEST	[GET] http://localhost:8984/get_dict_file_xml_content_request?file=content/dictionary_f.delahaye_bpri.xml
09:28:04.360	0:0:0:0:0:0:0:1:59807	admin	200		24.57 ms
09:42:00.521	0:0:0:0:0:0:0:1:60004	admin	REQUEST	[POST] http://localhost:8984/save_dict_file_request?uri=http://localhost:8984/get_dict_file_xml_content_request?file=content/dictionary_f.delahaye_bpri.xml
09:42:00.668	0:0:0:0:0:0:0:1:60004	admin	200		148.58 ms
09:42:17.689	0:0:0:0:0:0:0:1:60004	admin	REQUEST	[GET] http://localhost:8984/get_dict_file_content_as_textile_request?file=content/dictionary_f.delahaye_bpri.xml
09:42:18.480	0:0:0:0:0:0:0:1:60004	admin	200		792.08 ms
09:43:27.227	0:0:0:0:0:0:0:1:60026	admin	REQUEST	[POST] http://localhost:8984/save_dict_file_request?uri=http://localhost:8984/get_dict_file_xml_content_request?file=content/dictionary_f.delahaye_bpri.xml
09:43:27.293	0:0:0:0:0:0:0:1:60026	admin	200		67.83 ms
09:43:32.152	0:0:0:0:0:0:0:1:60026	admin	REQUEST	[GET] http://localhost:8984/get_dict_file_content_as_textile_request?file=content/dictionary_f.delahaye_bpri.xml
09:43:32.923	0:0:0:0:0:0:0:1:60026	admin	200		770.58 ms
09:43:36.926	0:0:0:0:0:0:0:1:60026	admin	REQUEST	[GET] http://localhost:8984/get_dict_file_content_as_textile_request?file=content/dictionary_f.delahaye_bpri.xml
09:43:37.167	0:0:0:0:0:0:0:1:60026	admin	200		240.71 ms
09:58:10.311	0:0:0:0:0:0:0:1:60270	admin	REQUEST	[POST] http://localhost:8984/save_dict_file_request?uri=http://localhost:8984/get_dict_file_xml_content_request?file=content/dictionary_f.delahaye_bpri.xml
09:58:10.438	0:0:0:0:0:0:0:1:60270	admin	200		127.79 ms
12:15:01.036	0:0:0:0:0:0:0:1:64808	admin	REQUEST	[POST] http://localhost:8984/save_dict_file_request?uri=http://localhost:8984/get_dict_file_xml_content_request?file=content/dictionary_f.delahaye_bpri.xml
12:15:01.190	0:0:0:0:0:0:0:1:64808	admin	200		154.76 ms
12:23:46.046	0:0:0:0:0:0:0:1:64945	admin	REQUEST	[POST] http://localhost:8984/save_dict_file_request?uri=http://localhost:8984/get_dict_file_xml_content_request?file=content/dictionary_f.delahaye_bpri.xml
12:23:46.154	0:0:0:0:0:0:0:1:64945	admin	200		109.02 ms
12:27:36.606	0:0:0:0:0:0:0:1:65007	admin	REQUEST	[POST] http://localhost:8984/save_dict_file_request?uri=http://localhost:8984/get_dict_file_xml_content_request?file=content/dictionary_f.delahaye_bpri.xml
12:27:36.683	0:0:0:0:0:0:0:1:65007	admin	200		77.07 ms
12:34:59.540	0:0:0:0:0:0:0:1:65138	admin	REQUEST	[POST] http://localhost:8984/save_dict_file_request?uri=http://localhost:8984/get_dict_file_xml_content_request?file=content/dictionary_f.delahaye_bpri.xml
12:34:59.641	0:0:0:0:0:0:0:1:65138	admin	200		101.96 ms
12:39:14.777	0:0:0:0:0:0:0:1:65224	admin	REQUEST	[GET] http://localhost:8984/get_dict_file_content_as_textile_request?file=content/dictionary_f.delahaye_bpri.xml
12:39:15.621	0:0:0:0:0:0:0:1:65224	admin	200		844.44 ms
12:47:54.417	0:0:0:0:0:0:0:1:65347	admin	REQUEST	[POST] http://localhost:8984/save_dict_file_request?uri=http://localhost:8984/get_dict_file_xml_content_request?file=content/dictionary_f.delahaye_bpri.xml
12:47:54.501	0:0:0:0:0:0:0:1:65347	admin	200		84.79 ms
15:59:36.936	0:0:0:0:0:0:0:1:51269	admin	REQUEST	[POST] http://localhost:8984/save_dict_file_request?uri=http://localhost:8984/get_dict_file_xml_content_request?file=content/dictionary_f.delahaye_bpri.xml
15:59:37.021	0:0:0:0:0:0:0:1:51269	admin	200		86.35 ms
16:07:18.643	0:0:0:0:0:0:0:1:51375	admin	REQUEST	[POST] http://localhost:8984/save_dict_file_request?uri=http://localhost:8984/get_dict_file_xml_content_request?file=content/dictionary_f.delahaye_bpri.xml
16:07:18.749	0:0:0:0:0:0:0:1:51375	admin	200		106.32 ms
16:08:32.370	0:0:0:0:0:0:0:1:51391	admin	REQUEST	[POST] http://localhost:8984/save_dict_file_request?uri=http://localhost:8984/get_dict_file_xml_content_request?file=content/dictionary_f.delahaye_bpri.xml
16:08:32.434	0:0:0:0:0:0:0:1:51391	admin	200		64.46 ms
16:09:23.365	0:0:0:0:0:0:0:1:51391	admin	REQUEST	[POST] http://localhost:8984/save_dict_file_request?uri=http://localhost:8984/get_dict_file_xml_content_request?file=content/dictionary_f.delahaye_bpri.xml
16:09:23.441	0:0:0:0:0:0:0:1:51391	admin	200		75.58 ms
16:10:02.527	0:0:0:0:0:0:0:1:51391	admin	REQUEST	[POST] http://localhost:8984/save_dict_file_request?uri=http://localhost:8984/get_dict_file_xml_content_request?file=content/dictionary_f.delahaye_bpri.xml
16:10:02.587	0:0:0:0:0:0:0:1:51391	admin	200		60.61 ms
16:10:14.528	0:0:0:0:0:0:0:1:51391	admin	REQUEST	[POST] http://localhost:8984/save_dict_file_request?uri=http://localhost:8984/get_dict_file_xml_content_request?file=content/dictionary_f.delahaye_bpri.xml
16:10:14.581	0:0:0:0:0:0:0:1:51391	admin	200		53.78 ms
16:10:35.385	0:0:0:0:0:0:0:1:51391	admin	REQUEST	[POST] http://localhost:8984/save_dict_file_request?uri=http://localhost:8984/get_dict_file_xml_content_request?file=content/dictionary_f.delahaye_bpri.xml
16:10:35.442	0:0:0:0:0:0:0:1:51391	admin	200		57.18 ms
16:10:59.727	0:0:0:0:0:0:0:1:51391	admin	REQUEST	[GET] http://localhost:8984/get_dict_file_content_as_textile_request?file=content/dictionary_f.delahaye_bpri.xml
16:11:00.534	0:0:0:0:0:0:0:1:51391	admin	200		808.04 ms
16:12:46.131	0:0:0:0:0:0:0:1:51457	admin	REQUEST	[POST] http://localhost:8984/save_dict_file_request?uri=http://localhost:8984/get_dict_file_xml_content_request?file=content/dictionary_f.delahaye_bpri.xml
16:12:46.227	0:0:0:0:0:0:0:1:51457	admin	200		96.99 ms
16:13:07.725	0:0:0:0:0:0:0:1:51457	admin	REQUEST	[GET] http://localhost:8984/get_dict_file_content_as_textile_request?file=content/dictionary_f.delahaye_bpri.xml
16:13:08.496	0:0:0:0:0:0:0:1:51457	admin	200		771.45 ms
18:11:21.680	SERVER	admin	OK	Server was stopped (port: 1984)
18:11:21.687	SERVER	admin	OK	HTTP Server was stopped (port: 8984)
