09:28:38.373	0:0:0:0:0:0:0:1:65486	admin	REQUEST	[POST] http://localhost:8984/save_dict_file_request?uri=http://localhost:8984/get_dict_file_xml_content_request?file=content/dictionary_f.delahaye_bpri.xml
09:28:38.735	0:0:0:0:0:0:0:1:65486	admin	200		363.91 ms
09:36:01.930	0:0:0:0:0:0:0:1:49197	admin	REQUEST	[POST] http://localhost:8984/save_dict_file_request?uri=http://localhost:8984/get_dict_file_xml_content_request?file=content/dictionary_f.delahaye_bpri.xml
09:36:02.128	0:0:0:0:0:0:0:1:49197	admin	200		198.55 ms
10:10:26.098	0:0:0:0:0:0:0:1:49680	admin	REQUEST	[GET] http://localhost:8984/get_dict_file_content_as_markdown_request?file=content/dictionary_f.delahaye_bpri.xml
10:10:26.769	0:0:0:0:0:0:0:1:49680	admin	400	Stopped at /Volumes/Samsung_T5/dev/epad/fdelahaye/editor/document_root/examples/epad/content/basex/webapp/bilendi_dictionary.xqm, 243/21: [bxerr:BXSL0001] Error on line 122 column 5 of xhtml2markdown.xsl: SXXP0003: Error reported by XML parser: The string "--" is not permitted within comments.	674.54 ms
10:15:42.760	0:0:0:0:0:0:0:1:49755	admin	REQUEST	[GET] http://localhost:8984/get_dict_file_content_as_markdown_request?file=content/dictionary_f.delahaye_bpri.xml
10:15:43.304	0:0:0:0:0:0:0:1:49755	admin	200		547.76 ms
10:20:03.954	0:0:0:0:0:0:0:1:49821	admin	REQUEST	[GET] http://localhost:8984/get_dict_file_content_as_markdown_request?file=content/dictionary_f.delahaye_bpri.xml
10:20:04.349	0:0:0:0:0:0:0:1:49821	admin	200		396.1 ms
10:21:26.779	0:0:0:0:0:0:0:1:50172	admin	REQUEST	[GET] http://localhost:8984/get_dict_file_content_as_markdown_request?file=content/dictionary_f.delahaye_bpri.xml
10:21:27.194	0:0:0:0:0:0:0:1:50172	admin	200		415.31 ms
10:22:41.326	0:0:0:0:0:0:0:1:50481	admin	REQUEST	[GET] http://localhost:8984/get_dict_file_content_as_markdown_request?file=content/dictionary_f.delahaye_bpri.xml
10:22:41.613	0:0:0:0:0:0:0:1:50481	admin	200		288.34 ms
10:24:57.463	0:0:0:0:0:0:0:1:51049	admin	REQUEST	[GET] http://localhost:8984/get_dict_file_content_as_markdown_request?file=content/dictionary_f.delahaye_bpri.xml
10:24:57.729	0:0:0:0:0:0:0:1:51049	admin	200		267.74 ms
10:26:47.741	0:0:0:0:0:0:0:1:51513	admin	REQUEST	[GET] http://localhost:8984/get_dict_file_content_as_markdown_request?file=content/dictionary_f.delahaye_bpri.xml
10:26:48.048	0:0:0:0:0:0:0:1:51513	admin	200		314.38 ms
10:27:36.329	0:0:0:0:0:0:0:1:51513	admin	REQUEST	[GET] http://localhost:8984/get_dict_file_content_as_markdown_request?file=content/dictionary_f.delahaye_bpri.xml
10:27:36.691	0:0:0:0:0:0:0:1:51513	admin	200		362.99 ms
10:29:46.682	0:0:0:0:0:0:0:1:52259	admin	REQUEST	[GET] http://localhost:8984/get_dict_file_content_as_markdown_request?file=content/dictionary_f.delahaye_bpri.xml
10:29:47.010	0:0:0:0:0:0:0:1:52259	admin	200		329.09 ms
10:30:42.913	0:0:0:0:0:0:0:1:52259	admin	REQUEST	[GET] http://localhost:8984/get_dict_file_content_as_markdown_request?file=content/dictionary_f.delahaye_bpri.xml
10:30:43.233	0:0:0:0:0:0:0:1:52259	admin	200		322.0 ms
10:31:49.050	0:0:0:0:0:0:0:1:52774	admin	REQUEST	[GET] http://localhost:8984/get_dict_file_content_as_markdown_request?file=content/dictionary_f.delahaye_bpri.xml
10:31:49.348	0:0:0:0:0:0:0:1:52774	admin	200		300.14 ms
10:34:57.644	0:0:0:0:0:0:0:1:53585	admin	REQUEST	[GET] http://localhost:8984/get_dict_file_content_as_markdown_request?file=content/dictionary_f.delahaye_bpri.xml
10:34:57.935	0:0:0:0:0:0:0:1:53585	admin	200		291.38 ms
10:37:27.105	0:0:0:0:0:0:0:1:54218	admin	REQUEST	[GET] http://localhost:8984/get_dict_file_content_as_markdown_request?file=content/dictionary_f.delahaye_bpri.xml
10:37:27.366	0:0:0:0:0:0:0:1:54218	admin	200		262.64 ms
10:38:19.819	0:0:0:0:0:0:0:1:54218	admin	REQUEST	[GET] http://localhost:8984/get_dict_file_content_as_markdown_request?file=content/dictionary_f.delahaye_bpri.xml
10:38:20.023	0:0:0:0:0:0:0:1:54218	admin	200		206.49 ms
10:38:40.839	0:0:0:0:0:0:0:1:54218	admin	REQUEST	[GET] http://localhost:8984/get_dict_file_content_as_markdown_request?file=content/dictionary_f.delahaye_bpri.xml
10:38:41.083	0:0:0:0:0:0:0:1:54218	admin	200		244.76 ms
10:39:32.412	0:0:0:0:0:0:0:1:54218	admin	REQUEST	[GET] http://localhost:8984/get_dict_file_content_as_markdown_request?file=content/dictionary_f.delahaye_bpri.xml
10:39:32.603	0:0:0:0:0:0:0:1:54218	admin	200		196.25 ms
10:41:58.085	0:0:0:0:0:0:0:1:55370	admin	REQUEST	[GET] http://localhost:8984/get_dict_file_content_as_markdown_request?file=content/dictionary_f.delahaye_bpri.xml
10:41:58.405	0:0:0:0:0:0:0:1:55370	admin	200		321.44 ms
10:42:48.300	0:0:0:0:0:0:0:1:55370	admin	REQUEST	[GET] http://localhost:8984/get_dict_file_content_as_markdown_request?file=content/dictionary_f.delahaye_bpri.xml
10:42:48.497	0:0:0:0:0:0:0:1:55370	admin	200		197.37 ms
10:43:13.944	0:0:0:0:0:0:0:1:55370	admin	REQUEST	[GET] http://localhost:8984/get_dict_file_content_as_markdown_request?file=content/dictionary_f.delahaye_bpri.xml
10:43:14.212	0:0:0:0:0:0:0:1:55370	admin	200		269.83 ms
10:46:25.242	0:0:0:0:0:0:0:1:56518	admin	REQUEST	[GET] http://localhost:8984/get_dict_file_content_as_markdown_request?file=content/dictionary_f.delahaye_bpri.xml
10:46:25.514	0:0:0:0:0:0:0:1:56518	admin	200		274.04 ms
10:47:49.126	0:0:0:0:0:0:0:1:56880	admin	REQUEST	[GET] http://localhost:8984/get_dict_file_content_as_markdown_request?file=content/dictionary_f.delahaye_bpri.xml
10:47:49.527	0:0:0:0:0:0:0:1:56880	admin	200		403.5 ms
10:49:47.637	0:0:0:0:0:0:0:1:57391	admin	REQUEST	[GET] http://localhost:8984/get_dict_file_content_as_markdown_request?file=content/dictionary_f.delahaye_bpri.xml
10:49:48.069	0:0:0:0:0:0:0:1:57391	admin	200		434.85 ms
10:50:25.716	0:0:0:0:0:0:0:1:57391	admin	REQUEST	[GET] http://localhost:8984/get_dict_file_content_as_markdown_request?file=content/dictionary_f.delahaye_bpri.xml
10:50:25.901	0:0:0:0:0:0:0:1:57391	admin	200		186.47 ms
10:51:01.187	0:0:0:0:0:0:0:1:57391	admin	REQUEST	[GET] http://localhost:8984/get_dict_file_content_as_markdown_request?file=content/dictionary_f.delahaye_bpri.xml
10:51:01.414	0:0:0:0:0:0:0:1:57391	admin	200		229.11 ms
10:52:06.352	0:0:0:0:0:0:0:1:57990	admin	REQUEST	[GET] http://localhost:8984/get_dict_file_content_as_markdown_request?file=content/dictionary_f.delahaye_bpri.xml
10:52:06.538	0:0:0:0:0:0:0:1:57990	admin	200		187.74 ms
10:53:59.915	0:0:0:0:0:0:0:1:58474	admin	REQUEST	[GET] http://localhost:8984/get_dict_file_content_as_markdown_request?file=content/dictionary_f.delahaye_bpri.xml
10:54:00.150	0:0:0:0:0:0:0:1:58474	admin	200		235.69 ms
11:00:48.172	0:0:0:0:0:0:0:1:60260	admin	REQUEST	[GET] http://localhost:8984/get_dict_file_content_as_markdown_request?file=content/dictionary_f.delahaye_bpri.xml
11:00:48.414	0:0:0:0:0:0:0:1:60260	admin	200		243.56 ms
11:06:29.756	0:0:0:0:0:0:0:1:61700	admin	REQUEST	[GET] http://localhost:8984/get_dict_file_content_as_markdown_request?file=content/dictionary_f.delahaye_bpri.xml
11:06:29.985	0:0:0:0:0:0:0:1:61700	admin	200		230.18 ms
11:11:16.088	0:0:0:0:0:0:0:1:62904	admin	REQUEST	[GET] http://localhost:8984/get_dict_file_content_as_markdown_request?file=content/dictionary_f.delahaye_bpri.xml
11:11:16.340	0:0:0:0:0:0:0:1:62904	admin	200		253.44 ms
11:13:01.792	0:0:0:0:0:0:0:1:63363	admin	REQUEST	[GET] http://localhost:8984/get_dict_file_content_as_markdown_request?file=content/dictionary_f.delahaye_bpri.xml
11:13:02.029	0:0:0:0:0:0:0:1:63363	admin	200		237.89 ms
11:17:20.381	0:0:0:0:0:0:0:1:64458	admin	REQUEST	[GET] http://localhost:8984/get_dict_file_content_as_markdown_request?file=content/dictionary_f.delahaye_bpri.xml
11:17:20.627	0:0:0:0:0:0:0:1:64458	admin	200		246.76 ms
11:27:07.903	0:0:0:0:0:0:0:1:50756	admin	REQUEST	[GET] http://localhost:8984/get_dict_file_content_as_markdown_request?file=content/dictionary_f.delahaye_bpri.xml
11:27:08.121	0:0:0:0:0:0:0:1:50756	admin	200		218.19 ms
11:28:37.514	0:0:0:0:0:0:0:1:51157	admin	REQUEST	[GET] http://localhost:8984/get_dict_file_content_as_markdown_request?file=content/dictionary_f.delahaye_bpri.xml
11:28:37.780	0:0:0:0:0:0:0:1:51157	admin	200		267.47 ms
11:32:31.900	0:0:0:0:0:0:0:1:52180	admin	REQUEST	[GET] http://localhost:8984/get_dict_file_content_as_markdown_request?file=content/dictionary_f.delahaye_bpri.xml
11:32:32.115	0:0:0:0:0:0:0:1:52180	admin	200		215.12 ms
11:37:32.458	0:0:0:0:0:0:0:1:53495	admin	REQUEST	[GET] http://localhost:8984/get_dict_file_content_as_markdown_request?file=content/dictionary_f.delahaye_bpri.xml
11:37:32.789	0:0:0:0:0:0:0:1:53495	admin	200		335.43 ms
11:38:54.887	0:0:0:0:0:0:0:1:53860	admin	REQUEST	[GET] http://localhost:8984/get_dict_file_content_as_markdown_request?file=content/dictionary_f.delahaye_bpri.xml
11:38:55.188	0:0:0:0:0:0:0:1:53860	admin	200		302.96 ms
11:40:43.172	0:0:0:0:0:0:0:1:54326	admin	REQUEST	[POST] http://localhost:8984/save_dict_file_request?uri=http://localhost:8984/get_dict_file_xml_content_request?file=content/dictionary_f.delahaye_bpri.xml
11:40:43.358	0:0:0:0:0:0:0:1:54326	admin	200		186.92 ms
11:41:47.789	0:0:0:0:0:0:0:1:54608	admin	REQUEST	[POST] http://localhost:8984/save_dict_file_request?uri=http://localhost:8984/get_dict_file_xml_content_request?file=content/dictionary_f.delahaye_bpri.xml
11:41:48.063	0:0:0:0:0:0:0:1:54608	admin	200		275.12 ms
11:41:55.184	0:0:0:0:0:0:0:1:54608	admin	REQUEST	[GET] http://localhost:8984/get_dict_file_content_as_markdown_request?file=content/dictionary_f.delahaye_bpri.xml
11:41:55.356	0:0:0:0:0:0:0:1:54608	admin	200		172.36 ms
12:02:49.601	0:0:0:0:0:0:0:1:60081	admin	REQUEST	[POST] http://localhost:8984/save_dict_file_request?uri=http://localhost:8984/get_dict_file_xml_content_request?file=content/dictionary_f.delahaye_bpri.xml
12:02:49.776	0:0:0:0:0:0:0:1:60081	admin	200		176.71 ms
12:03:07.966	0:0:0:0:0:0:0:1:60081	admin	REQUEST	[GET] http://localhost:8984/get_dict_file_content_as_markdown_request?file=content/dictionary_f.delahaye_bpri.xml
12:03:08.160	0:0:0:0:0:0:0:1:60081	admin	200		194.47 ms
12:03:14.038	0:0:0:0:0:0:0:1:60081	admin	REQUEST	[GET] http://localhost:8984/get_dict_file_content_as_textile_request?file=content/dictionary_f.delahaye_bpri.xml
12:03:15.018	0:0:0:0:0:0:0:1:60081	admin	200		980.75 ms
12:04:58.022	0:0:0:0:0:0:0:1:60640	admin	REQUEST	[POST] http://localhost:8984/save_dict_file_request?uri=http://localhost:8984/get_dict_file_xml_content_request?file=content/dictionary_f.delahaye_bpri.xml
12:04:58.173	0:0:0:0:0:0:0:1:60640	admin	200		152.07 ms
12:05:20.039	0:0:0:0:0:0:0:1:60640	admin	REQUEST	[GET] http://localhost:8984/get_dict_file_content_as_markdown_request?file=content/dictionary_f.delahaye_bpri.xml
12:05:20.213	0:0:0:0:0:0:0:1:60640	admin	200		174.62 ms
12:05:57.627	0:0:0:0:0:0:0:1:60640	admin	REQUEST	[GET] http://localhost:8984/get_dict_file_content_as_textile_request?file=content/dictionary_f.delahaye_bpri.xml
12:05:58.528	0:0:0:0:0:0:0:1:60640	admin	200		901.34 ms
12:08:36.493	0:0:0:0:0:0:0:1:61603	admin	REQUEST	[POST] http://localhost:8984/save_dict_file_request?uri=http://localhost:8984/get_dict_file_xml_content_request?file=content/dictionary_f.delahaye_bpri.xml
12:08:36.655	0:0:0:0:0:0:0:1:61603	admin	200		163.29 ms
12:08:58.564	0:0:0:0:0:0:0:1:61603	admin	REQUEST	[POST] http://localhost:8984/save_dict_file_request?uri=http://localhost:8984/get_dict_file_xml_content_request?file=content/dictionary_f.delahaye_bpri.xml
12:08:58.675	0:0:0:0:0:0:0:1:61603	admin	200		112.3 ms
12:09:28.941	0:0:0:0:0:0:0:1:61603	admin	REQUEST	[GET] http://localhost:8984/get_dict_file_content_as_textile_request?file=content/dictionary_f.delahaye_bpri.xml
12:09:30.096	0:0:0:0:0:0:0:1:61603	admin	200		1159.54 ms
14:13:18.820	0:0:0:0:0:0:0:1:56334	admin	REQUEST	[GET] http://localhost:8984/get_dict_file_content_request?file=content/dictionary_f.delahaye_bpri.xml
14:13:19.019	0:0:0:0:0:0:0:1:56334	admin	200		200.19 ms
14:29:27.075	0:0:0:0:0:0:0:1:60402	admin	REQUEST	[POST] http://localhost:8984/save_dict_file_request?uri=http://localhost:8984/get_dict_file_xml_content_request?file=content/dictionary_f.delahaye_bpri.xml
14:29:27.274	0:0:0:0:0:0:0:1:60402	admin	200		203.43 ms
14:29:51.224	0:0:0:0:0:0:0:1:60402	admin	REQUEST	[POST] http://localhost:8984/save_dict_file_request?uri=http://localhost:8984/get_dict_file_xml_content_request?file=content/dictionary_f.delahaye_bpri.xml
14:29:51.332	0:0:0:0:0:0:0:1:60402	admin	200		108.15 ms
14:30:17.098	0:0:0:0:0:0:0:1:60402	admin	REQUEST	[GET] http://localhost:8984/get_dict_file_content_as_textile_request?file=content/dictionary_f.delahaye_bpri.xml
14:30:18.291	0:0:0:0:0:0:0:1:60402	admin	200		1193.66 ms
14:30:23.991	0:0:0:0:0:0:0:1:60402	admin	REQUEST	[GET] http://localhost:8984/get_dict_file_content_as_markdown_request?file=content/dictionary_f.delahaye_bpri.xml
14:30:24.137	0:0:0:0:0:0:0:1:60402	admin	200		146.68 ms
14:37:03.937	0:0:0:0:0:0:0:1:62344	admin	REQUEST	[POST] http://localhost:8984/save_dict_file_request?uri=http://localhost:8984/get_dict_file_xml_content_request?file=content/dictionary_f.delahaye_bpri.xml
14:37:04.086	0:0:0:0:0:0:0:1:62344	admin	200		149.37 ms
14:37:08.576	0:0:0:0:0:0:0:1:62344	admin	REQUEST	[GET] http://localhost:8984/get_dict_file_content_as_markdown_request?file=content/dictionary_f.delahaye_bpri.xml
14:37:08.738	0:0:0:0:0:0:0:1:62344	admin	200		162.15 ms
14:43:38.673	0:0:0:0:0:0:0:1:64035	admin	REQUEST	[POST] http://localhost:8984/save_dict_file_request?uri=http://localhost:8984/get_dict_file_xml_content_request?file=content/dictionary_f.delahaye_bpri.xml
14:43:38.792	0:0:0:0:0:0:0:1:64035	admin	200		119.77 ms
14:43:44.494	0:0:0:0:0:0:0:1:64035	admin	REQUEST	[GET] http://localhost:8984/get_dict_file_content_as_markdown_request?file=content/dictionary_f.delahaye_bpri.xml
14:43:44.641	0:0:0:0:0:0:0:1:64035	admin	200		147.32 ms
15:07:55.677	0:0:0:0:0:0:0:1:53891	admin	REQUEST	[GET] http://localhost:8984/dictionary
15:07:55.769	0:0:0:0:0:0:0:1:53891	admin	200		93.2 ms
15:07:55.788	0:0:0:0:0:0:0:1:53891	admin	REQUEST	[GET] http://localhost:8984/list_dictionary_request
15:07:55.821	0:0:0:0:0:0:0:1:53891	admin	200		33.84 ms
15:08:20.655	0:0:0:0:0:0:0:1:53891	admin	REQUEST	[GET] http://localhost:8984/get_dict_file_content_as_textile_v2_request?file=content/dictionary_f.delahaye_bpri.xml
15:08:20.832	0:0:0:0:0:0:0:1:53891	admin	200		177.66 ms
15:08:46.454	0:0:0:0:0:0:0:1:53891	admin	REQUEST	[GET] http://localhost:8984/get_dict_file_content_as_markdown_request?file=content/dictionary_f.delahaye_bpri.xml
15:08:46.586	0:0:0:0:0:0:0:1:53891	admin	200		132.23 ms
15:42:12.788	0:0:0:0:0:0:0:1:55197	admin	REQUEST	[POST] http://localhost:8984/save_dict_file_request?uri=http://localhost:8984/get_dict_file_xml_content_request?file=content/dictionary_f.delahaye_bpri.xml
15:42:12.919	0:0:0:0:0:0:0:1:55197	admin	200		131.96 ms
