16:51:22.423	SERVER	admin	OK	Server was started (port: 1984)
16:51:22.514	SERVER	admin	OK	HTTP Server was started (port: 8984)
16:51:57.841	0:0:0:0:0:0:0:1:65058	admin	REQUEST	[GET] http://localhost:8984/edit_dict_file_request?file=content/dictionary_f.delahaye_bpri.xml
16:51:58.315	0:0:0:0:0:0:0:1:65058	admin	200		497.11 ms
16:51:58.333	0:0:0:0:0:0:0:1:65058	admin	REQUEST	[GET] http://localhost:8984/edit_dict_file_request?file=content/dictionary_f.delahaye_bpri.xml
16:51:58.377	0:0:0:0:0:0:0:1:65058	admin	200		45.01 ms
16:51:58.414	0:0:0:0:0:0:0:1:65058	admin	REQUEST	[GET] http://localhost:8984/get_dict_file_xml_content_request?file=content/dictionary_f.delahaye_bpri.xml
16:51:58.600	0:0:0:0:0:0:0:1:65058	admin	200		186.63 ms
16:55:30.444	0:0:0:0:0:0:0:1:65130	admin	REQUEST	[POST] http://localhost:8984/save_dict_file_request?uri=http://localhost:8984/get_dict_file_xml_content_request?file=content/dictionary_f.delahaye_bpri.xml
16:55:30.894	0:0:0:0:0:0:0:1:65130	admin	200		451.44 ms
17:01:42.914	0:0:0:0:0:0:0:1:65194	admin	REQUEST	[POST] http://localhost:8984/save_dict_file_request?uri=http://localhost:8984/get_dict_file_xml_content_request?file=content/dictionary_f.delahaye_bpri.xml
17:01:43.121	0:0:0:0:0:0:0:1:65194	admin	200		209.12 ms
17:22:23.735	0:0:0:0:0:0:0:1:65485	admin	REQUEST	[POST] http://localhost:8984/save_dict_file_request?uri=http://localhost:8984/get_dict_file_xml_content_request?file=content/dictionary_f.delahaye_bpri.xml
17:22:23.932	0:0:0:0:0:0:0:1:65485	admin	200		199.55 ms
17:23:07.947	0:0:0:0:0:0:0:1:65485	admin	REQUEST	[POST] http://localhost:8984/save_dict_file_request?uri=http://localhost:8984/get_dict_file_xml_content_request?file=content/dictionary_f.delahaye_bpri.xml
17:23:08.112	0:0:0:0:0:0:0:1:65485	admin	200		165.15 ms
17:23:24.203	0:0:0:0:0:0:0:1:65485	admin	REQUEST	[POST] http://localhost:8984/save_dict_file_request?uri=http://localhost:8984/get_dict_file_xml_content_request?file=content/dictionary_f.delahaye_bpri.xml
17:23:24.325	0:0:0:0:0:0:0:1:65485	admin	200		121.59 ms
17:24:11.420	0:0:0:0:0:0:0:1:65485	admin	REQUEST	[POST] http://localhost:8984/save_dict_file_request?uri=http://localhost:8984/get_dict_file_xml_content_request?file=content/dictionary_f.delahaye_bpri.xml
17:24:11.572	0:0:0:0:0:0:0:1:65485	admin	200		152.57 ms
17:24:52.846	0:0:0:0:0:0:0:1:65485	admin	REQUEST	[POST] http://localhost:8984/save_dict_file_request?uri=http://localhost:8984/get_dict_file_xml_content_request?file=content/dictionary_f.delahaye_bpri.xml
17:24:52.998	0:0:0:0:0:0:0:1:65485	admin	200		154.02 ms
17:27:20.662	0:0:0:0:0:0:0:1:49188	admin	REQUEST	[POST] http://localhost:8984/save_dict_file_request?uri=http://localhost:8984/get_dict_file_xml_content_request?file=content/dictionary_f.delahaye_bpri.xml
17:27:20.813	0:0:0:0:0:0:0:1:49188	admin	200		152.65 ms
17:29:09.517	0:0:0:0:0:0:0:1:49213	admin	REQUEST	[POST] http://localhost:8984/save_dict_file_request?uri=http://localhost:8984/get_dict_file_xml_content_request?file=content/dictionary_f.delahaye_bpri.xml
17:29:09.677	0:0:0:0:0:0:0:1:49213	admin	200		159.94 ms
17:29:33.976	0:0:0:0:0:0:0:1:49213	admin	REQUEST	[POST] http://localhost:8984/save_dict_file_request?uri=http://localhost:8984/get_dict_file_xml_content_request?file=content/dictionary_f.delahaye_bpri.xml
17:29:34.152	0:0:0:0:0:0:0:1:49213	admin	200		176.43 ms
17:32:23.431	0:0:0:0:0:0:0:1:49257	admin	REQUEST	[POST] http://localhost:8984/save_dict_file_request?uri=http://localhost:8984/get_dict_file_xml_content_request?file=content/dictionary_f.delahaye_bpri.xml
17:32:23.571	0:0:0:0:0:0:0:1:49257	admin	200		139.67 ms
17:38:45.661	0:0:0:0:0:0:0:1:49348	admin	REQUEST	[POST] http://localhost:8984/save_dict_file_request?uri=http://localhost:8984/get_dict_file_xml_content_request?file=content/dictionary_f.delahaye_bpri.xml
17:38:45.810	0:0:0:0:0:0:0:1:49348	admin	200		149.41 ms
17:39:26.515	0:0:0:0:0:0:0:1:49348	admin	REQUEST	[GET] http://localhost:8984/dictionnary
17:39:26.560	0:0:0:0:0:0:0:1:49348	admin	404	No function found that matches the request.	45.3 ms
17:39:26.624	0:0:0:0:0:0:0:1:49348	admin	REQUEST	[GET] http://localhost:8984/favicon.ico
17:39:26.635	0:0:0:0:0:0:0:1:49348	admin	404	No function found that matches the request.	12.0 ms
17:39:31.202	0:0:0:0:0:0:0:1:49348	admin	REQUEST	[GET] http://localhost:8984/dictinnary
17:39:31.226	0:0:0:0:0:0:0:1:49348	admin	404	No function found that matches the request.	30.72 ms
17:39:38.698	0:0:0:0:0:0:0:1:49348	admin	REQUEST	[GET] http://localhost:8984/dictionary
17:39:38.764	0:0:0:0:0:0:0:1:49348	admin	200		65.82 ms
17:39:38.798	0:0:0:0:0:0:0:1:49348	admin	REQUEST	[GET] http://localhost:8984/list_dictionary_request
17:39:38.833	0:0:0:0:0:0:0:1:49348	admin	200		35.21 ms
17:39:43.250	0:0:0:0:0:0:0:1:49348	admin	REQUEST	[GET] http://localhost:8984/get_dict_file_content_as_textile_request?file=content/dictionary_f.delahaye_bpri.xml
17:39:46.136	0:0:0:0:0:0:0:1:49348	admin	200		2889.82 ms
17:40:19.584	0:0:0:0:0:0:0:1:49348	admin	REQUEST	[GET] http://localhost:8984/get_dict_file_content_as_markdown_request?file=content/dictionary_f.delahaye_bpri.xml
17:40:20.312	0:0:0:0:0:0:0:1:49348	admin	200		730.19 ms
17:57:36.260	0:0:0:0:0:0:0:1:49727	admin	REQUEST	[GET] http://localhost:8984/get_dict_file_content_as_markdown_request?file=content/dictionary_f.delahaye_bpri.xml
17:57:36.789	0:0:0:0:0:0:0:1:49727	admin	200		530.29 ms
17:57:48.785	0:0:0:0:0:0:0:1:49727	admin	REQUEST	[GET] http://localhost:8984/get_dict_file_content_as_markdown_request?file=content/dictionary_f.delahaye_bpri.xml
17:57:49.185	0:0:0:0:0:0:0:1:49727	admin	200		403.8 ms
17:58:00.592	0:0:0:0:0:0:0:1:49727	admin	REQUEST	[GET] http://localhost:8984/get_dict_file_content_as_markdown_request?file=content/dictionary_f.delahaye_bpri.xml
17:58:00.977	0:0:0:0:0:0:0:1:49727	admin	200		389.04 ms
17:58:03.085	0:0:0:0:0:0:0:1:49727	admin	REQUEST	[GET] http://localhost:8984/get_dict_file_content_as_markdown_request?file=content/dictionary_f.delahaye_bpri.xml
17:58:03.324	0:0:0:0:0:0:0:1:49727	admin	200		240.09 ms
17:59:16.446	0:0:0:0:0:0:0:1:50076	admin	REQUEST	[GET] http://localhost:8984/get_dict_file_content_as_markdown_request?file=content/dictionary_f.delahaye_bpri.xml
17:59:16.734	0:0:0:0:0:0:0:1:50076	admin	200		290.51 ms
18:00:01.032	0:0:0:0:0:0:0:1:50076	admin	REQUEST	[GET] http://localhost:8984/get_dict_file_content_as_markdown_request?file=content/dictionary_f.delahaye_bpri.xml
18:00:01.344	0:0:0:0:0:0:0:1:50076	admin	200		313.84 ms
18:01:09.108	0:0:0:0:0:0:0:1:50555	admin	REQUEST	[GET] http://localhost:8984/get_dict_file_content_request?file=content/dictionary_f.delahaye_bpri.xml
18:01:09.407	0:0:0:0:0:0:0:1:50555	admin	200		299.89 ms
18:03:49.846	0:0:0:0:0:0:0:1:51241	admin	REQUEST	[GET] http://localhost:8984/get_dict_file_content_as_markdown_request?file=content/dictionary_f.delahaye_bpri.xml
18:03:50.147	0:0:0:0:0:0:0:1:51241	admin	200		302.1 ms
18:04:18.747	0:0:0:0:0:0:0:1:51241	admin	REQUEST	[GET] http://localhost:8984/get_dict_file_content_as_markdown_request?file=content/dictionary_f.delahaye_bpri.xml
18:04:18.960	0:0:0:0:0:0:0:1:51241	admin	200		213.59 ms
18:11:17.738	0:0:0:0:0:0:0:1:53142	admin	REQUEST	[GET] http://localhost:8984/get_dict_file_content_as_markdown_request?file=content/dictionary_f.delahaye_bpri.xml
18:11:17.964	0:0:0:0:0:0:0:1:53142	admin	200		226.52 ms
18:12:27.273	0:0:0:0:0:0:0:1:53434	admin	REQUEST	[GET] http://localhost:8984/get_dict_file_content_as_markdown_request?file=content/dictionary_f.delahaye_bpri.xml
18:12:27.496	0:0:0:0:0:0:0:1:53434	admin	200		229.37 ms
18:13:29.972	127.0.0.1:53701	admin	REQUEST	[GET] http://localhost:8984/edit_dict_file_request?file=content/dictionary_f.delahaye_bpri.xml
18:13:30.019	127.0.0.1:53701	admin	200		47.8 ms
18:13:30.036	127.0.0.1:53701	admin	REQUEST	[GET] http://localhost:8984/edit_dict_file_request?file=content/dictionary_f.delahaye_bpri.xml
18:13:30.084	127.0.0.1:53701	admin	200		47.91 ms
18:13:30.129	127.0.0.1:53701	admin	REQUEST	[GET] http://localhost:8984/get_dict_file_xml_content_request?file=content/dictionary_f.delahaye_bpri.xml
18:13:30.202	127.0.0.1:53701	admin	200		74.22 ms
18:13:44.614	127.0.0.1:53701	admin	REQUEST	[GET] http://localhost:8984/get_dict_file_content_as_markdown_request?file=content/dictionary_f.delahaye_bpri.xml
18:13:44.940	127.0.0.1:53701	admin	200		330.02 ms
18:13:44.969	127.0.0.1:53701	admin	REQUEST	[GET] http://localhost:8984/favicon.ico
18:13:44.987	127.0.0.1:53701	admin	404	No function found that matches the request.	18.95 ms
18:15:22.308	0:0:0:0:0:0:0:1:54185	admin	REQUEST	[GET] http://localhost:8984/get_dict_file_content_as_markdown_request?file=content/dictionary_f.delahaye_bpri.xml
18:15:22.744	0:0:0:0:0:0:0:1:54185	admin	400	Stopped at /Volumes/Samsung_T5/dev/epad/fdelahaye/editor/document_root/examples/epad/content/basex/webapp/bilendi_dictionary.xqm, 243/21: [bxerr:BXSL0001] Static error at char 13 in xsl:when/@test on line 499 column 53 of xhtml2markdown_text.xsl: XPST0008: Variable table-style has not been declared (or its declaration is not in scope)	440.45 ms
18:15:54.301	0:0:0:0:0:0:0:1:54185	admin	REQUEST	[GET] http://localhost:8984/get_dict_file_content_as_markdown_request?file=content/dictionary_f.delahaye_bpri.xml
18:15:54.564	0:0:0:0:0:0:0:1:54185	admin	200		265.22 ms
18:16:33.697	0:0:0:0:0:0:0:1:54185	admin	REQUEST	[GET] http://localhost:8984/get_dict_file_content_as_markdown_request?file=content/dictionary_f.delahaye_bpri.xml
18:16:33.964	0:0:0:0:0:0:0:1:54185	admin	400	Stopped at /Volumes/Samsung_T5/dev/epad/fdelahaye/editor/document_root/examples/epad/content/basex/webapp/bilendi_dictionary.xqm, 243/21: [bxerr:BXSL0001] Syntax error in expression in xsl:param/@select on line 76 column 46 of xhtml2markdown_text.xsl: XPST0003: The expression is empty	267.6 ms
18:17:13.705	0:0:0:0:0:0:0:1:54185	admin	REQUEST	[GET] http://localhost:8984/get_dict_file_content_as_markdown_request?file=content/dictionary_f.delahaye_bpri.xml
18:17:13.901	0:0:0:0:0:0:0:1:54185	admin	200		196.65 ms
18:18:41.199	0:0:0:0:0:0:0:1:55033	admin	REQUEST	[GET] http://localhost:8984/get_dict_file_content_as_markdown_request?file=content/dictionary_f.delahaye_bpri.xml
18:18:41.439	0:0:0:0:0:0:0:1:55033	admin	200		240.9 ms
