08:35:27.166	0:0:0:0:0:0:0:1:53456	admin	REQUEST	[GET] http://localhost:8984/edit_dict_file_request?file=content/dictionary_f.delahaye.xml
08:35:27.250	0:0:0:0:0:0:0:1:53456	admin	200		85.74 ms
08:35:27.268	0:0:0:0:0:0:0:1:53456	admin	REQUEST	[GET] http://localhost:8984/edit_dict_file_request?file=content/dictionary_f.delahaye.xml
08:35:27.319	0:0:0:0:0:0:0:1:53456	admin	200		52.09 ms
08:35:27.358	0:0:0:0:0:0:0:1:53456	admin	REQUEST	[GET] http://localhost:8984/get_dict_file_xml_content_request?file=content/dictionary_f.delahaye.xml
08:35:27.381	0:0:0:0:0:0:0:1:53456	admin	200		23.42 ms
08:36:37.160	0:0:0:0:0:0:0:1:53470	admin	REQUEST	[POST] http://localhost:8984/save_dict_file_request?uri=http://localhost:8984/get_dict_file_xml_content_request?file=content/dictionary_f.delahaye.xml
08:36:37.270	0:0:0:0:0:0:0:1:53470	admin	200		110.82 ms
08:37:03.542	0:0:0:0:0:0:0:1:53514	admin	REQUEST	[GET] http://localhost:8984/edit_dict_file_request?file=content/dictionary_f.delahaye.xml
08:37:03.598	0:0:0:0:0:0:0:1:53514	admin	200		56.67 ms
08:37:03.616	0:0:0:0:0:0:0:1:53514	admin	REQUEST	[GET] http://localhost:8984/edit_dict_file_request?file=content/dictionary_f.delahaye.xml
08:37:03.644	0:0:0:0:0:0:0:1:53514	admin	200		28.16 ms
08:37:03.685	0:0:0:0:0:0:0:1:53514	admin	REQUEST	[GET] http://localhost:8984/get_dict_file_xml_content_request?file=content/dictionary_f.delahaye.xml
08:37:03.705	0:0:0:0:0:0:0:1:53514	admin	200		20.7 ms
08:38:21.190	0:0:0:0:0:0:0:1:53840	admin	REQUEST	[GET] http://localhost:8984/edit_dict_file_request?file=content/dictionary_f.delahaye.xml
08:38:21.256	0:0:0:0:0:0:0:1:53840	admin	200		68.44 ms
08:38:21.278	0:0:0:0:0:0:0:1:53840	admin	REQUEST	[GET] http://localhost:8984/edit_dict_file_request?file=content/dictionary_f.delahaye.xml
08:38:21.299	0:0:0:0:0:0:0:1:53840	admin	200		20.77 ms
08:38:21.333	0:0:0:0:0:0:0:1:53840	admin	REQUEST	[GET] http://localhost:8984/get_dict_file_xml_content_request?file=content/dictionary_f.delahaye.xml
08:38:21.376	0:0:0:0:0:0:0:1:53840	admin	200		43.75 ms
08:39:05.333	0:0:0:0:0:0:0:1:53924	admin	REQUEST	[GET] http://localhost:8984/dictionary
08:39:05.376	0:0:0:0:0:0:0:1:53924	admin	200		43.84 ms
08:39:05.411	0:0:0:0:0:0:0:1:53924	admin	REQUEST	[GET] http://localhost:8984/list_dictionary_request
08:39:05.434	0:0:0:0:0:0:0:1:53924	admin	200		23.63 ms
08:39:05.451	0:0:0:0:0:0:0:1:53924	admin	REQUEST	[GET] http://localhost:8984/favicon.ico
08:39:05.461	0:0:0:0:0:0:0:1:53924	admin	404	No function found that matches the request.	10.15 ms
08:39:10.153	0:0:0:0:0:0:0:1:53924	admin	REQUEST	[GET] http://localhost:8984/edit_dict_file_request?file=content/dictionary_f.delahaye.xml
08:39:10.186	0:0:0:0:0:0:0:1:53924	admin	200		33.36 ms
08:39:11.087	0:0:0:0:0:0:0:1:53924	admin	REQUEST	[GET] http://localhost:8984/edit_dict_file_request?file=content/dictionary_f.delahaye.xml
08:39:11.134	0:0:0:0:0:0:0:1:53924	admin	200		47.33 ms
08:39:11.174	0:0:0:0:0:0:0:1:53924	admin	REQUEST	[GET] http://localhost:8984/get_dict_file_xml_content_request?file=content/dictionary_f.delahaye.xml
08:39:11.198	0:0:0:0:0:0:0:1:53924	admin	200		24.74 ms
08:40:49.477	0:0:0:0:0:0:0:1:53952	admin	REQUEST	[GET] http://localhost:8984/edit_dict_file_request?file=content/dictionary_f.delahaye.xml
08:40:49.498	0:0:0:0:0:0:0:1:53952	admin	200		21.45 ms
08:40:49.514	0:0:0:0:0:0:0:1:53954	admin	REQUEST	[GET] http://localhost:8984/edit_dict_file_request?file=content/dictionary_f.delahaye.xml
08:40:49.523	0:0:0:0:0:0:0:1:53954	admin	200		8.62 ms
08:40:49.552	0:0:0:0:0:0:0:1:53954	admin	REQUEST	[GET] http://localhost:8984/get_dict_file_xml_content_request?file=content/dictionary_f.delahaye.xml
08:40:49.575	0:0:0:0:0:0:0:1:53954	admin	200		22.63 ms
08:41:20.442	127.0.0.1:53962	admin	REQUEST	[GET] http://localhost:8984/edit_dict_file_request?file=content/dictionary_f.delahaye.xml
08:41:20.478	127.0.0.1:53962	admin	200		37.37 ms
08:41:20.495	127.0.0.1:53962	admin	REQUEST	[GET] http://localhost:8984/edit_dict_file_request?file=content/dictionary_f.delahaye.xml
08:41:20.522	127.0.0.1:53962	admin	200		27.78 ms
08:41:20.566	127.0.0.1:53962	admin	REQUEST	[GET] http://localhost:8984/get_dict_file_xml_content_request?file=content/dictionary_f.delahaye.xml
08:41:20.579	127.0.0.1:53962	admin	200		12.8 ms
08:47:38.517	0:0:0:0:0:0:0:1:54050	admin	REQUEST	[GET] http://localhost:8984/dictionary
08:47:38.559	0:0:0:0:0:0:0:1:54050	admin	200		42.71 ms
08:47:38.581	0:0:0:0:0:0:0:1:54050	admin	REQUEST	[GET] http://localhost:8984/list_dictionary_request
08:47:38.610	0:0:0:0:0:0:0:1:54050	admin	200		29.27 ms
08:47:41.263	0:0:0:0:0:0:0:1:54050	admin	REQUEST	[GET] http://localhost:8984/edit_dict_file_request?file=content/dictionary_f.delahaye.xml
08:47:41.291	0:0:0:0:0:0:0:1:54050	admin	200		29.39 ms
08:47:41.303	0:0:0:0:0:0:0:1:54050	admin	REQUEST	[GET] http://localhost:8984/edit_dict_file_request?file=content/dictionary_f.delahaye.xml
08:47:41.313	0:0:0:0:0:0:0:1:54050	admin	200		10.27 ms
08:47:41.339	0:0:0:0:0:0:0:1:54050	admin	REQUEST	[GET] http://localhost:8984/get_dict_file_xml_content_request?file=content/dictionary_f.delahaye.xml
08:47:41.363	0:0:0:0:0:0:0:1:54050	admin	200		24.69 ms
08:48:04.754	0:0:0:0:0:0:0:1:54050	admin	REQUEST	[GET] http://localhost:8984/edit_dict_file_request?file=content/dictionary_f.delahaye.xml
08:48:04.782	0:0:0:0:0:0:0:1:54050	admin	200		29.76 ms
08:48:04.797	0:0:0:0:0:0:0:1:54050	admin	REQUEST	[GET] http://localhost:8984/edit_dict_file_request?file=content/dictionary_f.delahaye.xml
08:48:04.807	0:0:0:0:0:0:0:1:54050	admin	200		11.09 ms
08:48:04.834	0:0:0:0:0:0:0:1:54050	admin	REQUEST	[GET] http://localhost:8984/get_dict_file_xml_content_request?file=content/dictionary_f.delahaye.xml
08:48:04.847	0:0:0:0:0:0:0:1:54050	admin	200		12.68 ms
08:48:13.854	0:0:0:0:0:0:0:1:54050	admin	REQUEST	[GET] http://localhost:8984/edit_dict_file_request?file=content/dictionary_f.delahaye.xml
08:48:13.892	0:0:0:0:0:0:0:1:54050	admin	200		38.49 ms
08:48:13.915	0:0:0:0:0:0:0:1:54112	admin	REQUEST	[GET] http://localhost:8984/edit_dict_file_request?file=content/dictionary_f.delahaye.xml
08:48:13.924	0:0:0:0:0:0:0:1:54112	admin	200		9.25 ms
08:48:13.958	0:0:0:0:0:0:0:1:54112	admin	REQUEST	[GET] http://localhost:8984/get_dict_file_xml_content_request?file=content/dictionary_f.delahaye.xml
08:48:13.968	0:0:0:0:0:0:0:1:54112	admin	200		10.1 ms
08:59:16.278	0:0:0:0:0:0:0:1:54275	admin	REQUEST	[POST] http://localhost:8984/save_dict_file_request?uri=http://localhost:8984/get_dict_file_xml_content_request?file=content/dictionary_f.delahaye.xml
08:59:16.355	0:0:0:0:0:0:0:1:54275	admin	200		78.47 ms
08:59:50.920	0:0:0:0:0:0:0:1:54275	admin	REQUEST	[POST] http://localhost:8984/save_dict_file_request?uri=http://localhost:8984/get_dict_file_xml_content_request?file=content/dictionary_f.delahaye.xml
08:59:50.975	0:0:0:0:0:0:0:1:54275	admin	200		55.56 ms
08:59:59.661	0:0:0:0:0:0:0:1:54275	admin	REQUEST	[GET] http://localhost:8984/get_dict_file_content_as_markdown_request?file=content/dictionary_f.delahaye.xml
09:00:00.260	0:0:0:0:0:0:0:1:54275	admin	200		599.92 ms
09:04:48.546	0:0:0:0:0:0:0:1:54356	admin	REQUEST	[GET] http://localhost:8984/get_dict_file_xml_content_request?file=content/dictionary_f.delahaye.xml
09:04:48.629	0:0:0:0:0:0:0:1:54356	admin	200		85.95 ms
09:08:43.579	0:0:0:0:0:0:0:1:54395	admin	REQUEST	[GET] http://localhost:8984/get_dict_file_content_as_markdown_request?file=content/dictionary_f.delahaye.xml
09:08:43.979	0:0:0:0:0:0:0:1:54395	admin	200		404.15 ms
09:09:24.484	0:0:0:0:0:0:0:1:54395	admin	REQUEST	[GET] http://localhost:8984/get_dict_file_content_as_markdown_request?file=content/dictionary_f.delahaye.xml
09:09:24.737	0:0:0:0:0:0:0:1:54395	admin	200		253.83 ms
09:09:26.414	0:0:0:0:0:0:0:1:54395	admin	REQUEST	[GET] http://localhost:8984/get_dict_file_content_as_markdown_request?file=content/dictionary_f.delahaye.xml
09:09:26.660	0:0:0:0:0:0:0:1:54395	admin	200		245.68 ms
09:09:34.735	0:0:0:0:0:0:0:1:54395	admin	REQUEST	[GET] http://localhost:8984/get_dict_file_content_as_markdown_request?file=content/dictionary_f.delahaye.xml
09:09:34.953	0:0:0:0:0:0:0:1:54395	admin	200		218.54 ms
09:11:21.616	0:0:0:0:0:0:0:1:54911	admin	REQUEST	[GET] http://localhost:8984/get_dict_file_content_as_markdown_request?file=content/dictionary_f.delahaye.xml
09:11:21.977	0:0:0:0:0:0:0:1:54911	admin	200		361.63 ms
09:12:44.184	0:0:0:0:0:0:0:1:55254	admin	REQUEST	[GET] http://localhost:8984/get_dict_file_content_as_markdown_request?file=content/dictionary_f.delahaye.xml
09:12:44.376	0:0:0:0:0:0:0:1:55254	admin	200		191.95 ms
09:12:46.621	0:0:0:0:0:0:0:1:55254	admin	REQUEST	[GET] http://localhost:8984/get_dict_file_content_as_markdown_request?file=content/dictionary_f.delahaye.xml
09:12:46.815	0:0:0:0:0:0:0:1:55254	admin	200		193.96 ms
09:12:59.093	0:0:0:0:0:0:0:1:55254	admin	REQUEST	[GET] http://localhost:8984/edit_dict_file_request?file=content/dictionary_f.delahaye.xml
09:12:59.126	0:0:0:0:0:0:0:1:55254	admin	200		32.9 ms
09:12:59.136	0:0:0:0:0:0:0:1:55254	admin	REQUEST	[GET] http://localhost:8984/edit_dict_file_request?file=content/dictionary_f.delahaye.xml
09:12:59.151	0:0:0:0:0:0:0:1:55254	admin	200		15.31 ms
09:12:59.181	0:0:0:0:0:0:0:1:55254	admin	REQUEST	[GET] http://localhost:8984/get_dict_file_xml_content_request?file=content/dictionary_f.delahaye.xml
09:12:59.194	0:0:0:0:0:0:0:1:55254	admin	200		13.69 ms
09:13:19.217	0:0:0:0:0:0:0:1:55254	admin	REQUEST	[GET] http://localhost:8984/get_dict_file_content_as_markdown_request?file=content/dictionary_f.delahaye.xml
09:13:19.364	0:0:0:0:0:0:0:1:55254	admin	200		147.43 ms
09:13:25.935	0:0:0:0:0:0:0:1:55254	admin	REQUEST	[GET] http://localhost:8984/get_dict_file_content_as_markdown_request?file=content/dictionary_f.delahaye.xml
09:13:26.081	0:0:0:0:0:0:0:1:55254	admin	200		146.65 ms
09:15:33.265	0:0:0:0:0:0:0:1:55965	admin	REQUEST	[POST] http://localhost:8984/save_dict_file_request?uri=http://localhost:8984/get_dict_file_xml_content_request?file=content/dictionary_f.delahaye.xml
09:15:33.343	0:0:0:0:0:0:0:1:55965	admin	200		78.42 ms
09:15:38.544	0:0:0:0:0:0:0:1:55965	admin	REQUEST	[GET] http://localhost:8984/get_dict_file_content_as_markdown_request?file=content/dictionary_f.delahaye.xml
09:15:38.659	0:0:0:0:0:0:0:1:55965	admin	200		114.64 ms
09:16:11.655	0:0:0:0:0:0:0:1:55965	admin	REQUEST	[GET] http://localhost:8984/get_dict_file_content_as_markdown_request?file=content/dictionary_f.delahaye.xml
09:16:11.792	0:0:0:0:0:0:0:1:55965	admin	200		138.06 ms
09:16:13.162	0:0:0:0:0:0:0:1:55965	admin	REQUEST	[GET] http://localhost:8984/get_dict_file_content_as_markdown_request?file=content/dictionary_f.delahaye.xml
09:16:13.307	0:0:0:0:0:0:0:1:55965	admin	200		145.92 ms
09:16:17.953	0:0:0:0:0:0:0:1:55965	admin	REQUEST	[GET] http://localhost:8984/get_dict_file_content_as_markdown_request?file=content/dictionary_f.delahaye.xml
09:16:18.155	0:0:0:0:0:0:0:1:55965	admin	200		202.65 ms
09:16:23.679	0:0:0:0:0:0:0:1:55965	admin	REQUEST	[GET] http://localhost:8984/get_dict_file_content_as_markdown_request?file=content/dictionary_f.delahaye.xml
09:16:23.916	0:0:0:0:0:0:0:1:55965	admin	200		239.18 ms
09:18:01.658	0:0:0:0:0:0:0:1:56586	admin	REQUEST	[GET] http://localhost:8984/edit_dict_file_request?file=content/dictionary_f.delahaye.xml
09:18:01.697	0:0:0:0:0:0:0:1:56586	admin	200		39.76 ms
09:18:01.709	0:0:0:0:0:0:0:1:56586	admin	REQUEST	[GET] http://localhost:8984/edit_dict_file_request?file=content/dictionary_f.delahaye.xml
09:18:01.716	0:0:0:0:0:0:0:1:56586	admin	200		8.78 ms
09:18:01.743	0:0:0:0:0:0:0:1:56586	admin	REQUEST	[GET] http://localhost:8984/get_dict_file_xml_content_request?file=content/dictionary_f.delahaye.xml
09:18:01.755	0:0:0:0:0:0:0:1:56586	admin	200		11.6 ms
09:18:25.630	0:0:0:0:0:0:0:1:56586	admin	REQUEST	[GET] http://localhost:8984/edit_dict_file_request?file=content/dictionary_f.delahaye.xml
09:18:25.691	0:0:0:0:0:0:0:1:56586	admin	200		61.73 ms
09:18:25.704	0:0:0:0:0:0:0:1:56586	admin	REQUEST	[GET] http://localhost:8984/edit_dict_file_request?file=content/dictionary_f.delahaye.xml
09:18:25.713	0:0:0:0:0:0:0:1:56586	admin	200		9.26 ms
09:18:25.739	0:0:0:0:0:0:0:1:56586	admin	REQUEST	[GET] http://localhost:8984/get_dict_file_xml_content_request?file=content/dictionary_f.delahaye.xml
09:18:25.750	0:0:0:0:0:0:0:1:56586	admin	200		11.04 ms
09:18:54.840	0:0:0:0:0:0:0:1:56586	admin	REQUEST	[GET] http://localhost:8984/edit_dict_file_request?file=content/dictionary_f.delahaye.xml
09:18:54.867	0:0:0:0:0:0:0:1:56586	admin	200		27.19 ms
09:18:54.885	0:0:0:0:0:0:0:1:56586	admin	REQUEST	[GET] http://localhost:8984/edit_dict_file_request?file=content/dictionary_f.delahaye.xml
09:18:54.893	0:0:0:0:0:0:0:1:56586	admin	200		8.48 ms
09:18:54.942	0:0:0:0:0:0:0:1:56586	admin	REQUEST	[GET] http://localhost:8984/get_dict_file_xml_content_request?file=content/dictionary_f.delahaye.xml
09:18:54.959	0:0:0:0:0:0:0:1:56586	admin	200		16.71 ms
09:19:27.801	0:0:0:0:0:0:0:1:56814	admin	REQUEST	[GET] http://localhost:8984/get_dict_file_xml_content_request?file=content/dictionary_f.delahaye.xml
09:19:27.836	0:0:0:0:0:0:0:1:56814	admin	200		34.77 ms
09:19:54.419	0:0:0:0:0:0:0:1:56814	admin	REQUEST	[POST] http://localhost:8984/save_dict_file_request?uri=http://localhost:8984/get_dict_file_xml_content_request?file=content/dictionary_f.delahaye.xml
09:19:54.464	0:0:0:0:0:0:0:1:56814	admin	200		45.5 ms
09:20:35.968	0:0:0:0:0:0:0:1:56814	admin	REQUEST	[GET] http://localhost:8984/edit_dict_file_request?file=content/dictionary_f.delahaye.xml
09:20:36.001	0:0:0:0:0:0:0:1:56814	admin	200		34.25 ms
09:20:36.014	0:0:0:0:0:0:0:1:56814	admin	REQUEST	[GET] http://localhost:8984/edit_dict_file_request?file=content/dictionary_f.delahaye.xml
09:20:36.023	0:0:0:0:0:0:0:1:56814	admin	200		9.23 ms
09:20:36.058	0:0:0:0:0:0:0:1:56814	admin	REQUEST	[GET] http://localhost:8984/get_dict_file_xml_content_request?file=content/dictionary_f.delahaye.xml
09:20:36.069	0:0:0:0:0:0:0:1:56814	admin	200		11.65 ms
09:20:44.079	0:0:0:0:0:0:0:1:57268	admin	REQUEST	[GET] http://localhost:8984/edit_dict_file_request?file=content/dictionary_f.delahaye.xml
09:20:44.107	0:0:0:0:0:0:0:1:57268	admin	200		27.8 ms
09:20:44.121	0:0:0:0:0:0:0:1:57270	admin	REQUEST	[GET] http://localhost:8984/edit_dict_file_request?file=content/dictionary_f.delahaye.xml
09:20:44.138	0:0:0:0:0:0:0:1:57270	admin	200		16.84 ms
09:20:44.176	0:0:0:0:0:0:0:1:57270	admin	REQUEST	[GET] http://localhost:8984/get_dict_file_xml_content_request?file=content/dictionary_f.delahaye.xml
09:20:44.183	0:0:0:0:0:0:0:1:57270	admin	200		7.62 ms
09:21:06.484	0:0:0:0:0:0:0:1:56814	admin	REQUEST	[GET] http://localhost:8984/get_dict_file_content_as_markdown_request?file=content/dictionary_f.delahaye.xml
09:21:06.645	0:0:0:0:0:0:0:1:56814	admin	200		160.91 ms
09:21:46.031	0:0:0:0:0:0:0:1:56814	admin	REQUEST	[GET] http://localhost:8984/get_dict_file_content_as_markdown_request?file=content/dictionary_f.delahaye.xml
09:21:46.149	0:0:0:0:0:0:0:1:56814	admin	200		118.12 ms
09:22:01.094	0:0:0:0:0:0:0:1:56814	admin	REQUEST	[GET] http://localhost:8984/get_dict_file_content_as_markdown_request?file=content/dictionary_f.delahaye.xml
09:22:01.215	0:0:0:0:0:0:0:1:56814	admin	200		121.16 ms
09:22:04.987	0:0:0:0:0:0:0:1:56814	admin	REQUEST	[GET] http://localhost:8984/get_dict_file_content_as_markdown_request?file=content/dictionary_f.delahaye.xml
09:22:05.119	0:0:0:0:0:0:0:1:56814	admin	200		132.72 ms
10:12:37.462	0:0:0:0:0:0:0:1:54474	admin	REQUEST	[GET] http://localhost:8984/edit_dict_file_request?file=content/dictionary_f.delahaye.xml
10:12:37.513	0:0:0:0:0:0:0:1:54474	admin	200		56.24 ms
10:12:37.547	0:0:0:0:0:0:0:1:54474	admin	REQUEST	[GET] http://localhost:8984/edit_dict_file_request?file=content/dictionary_f.delahaye.xml
10:12:37.554	0:0:0:0:0:0:0:1:54474	admin	200		7.51 ms
10:12:37.602	0:0:0:0:0:0:0:1:54474	admin	REQUEST	[GET] http://localhost:8984/get_dict_file_xml_content_request?file=content/dictionary_f.delahaye.xml
10:12:37.631	0:0:0:0:0:0:0:1:54474	admin	200		30.03 ms
10:12:43.650	0:0:0:0:0:0:0:1:54481	admin	REQUEST	[GET] http://localhost:8984/edit_dict_file_request?file=content/dictionary_f.delahaye.xml
10:12:43.672	0:0:0:0:0:0:0:1:54481	admin	200		22.35 ms
10:12:43.690	0:0:0:0:0:0:0:1:54481	admin	REQUEST	[GET] http://localhost:8984/edit_dict_file_request?file=content/dictionary_f.delahaye.xml
10:12:43.707	0:0:0:0:0:0:0:1:54481	admin	200		17.52 ms
10:12:43.733	0:0:0:0:0:0:0:1:54481	admin	REQUEST	[GET] http://localhost:8984/get_dict_file_xml_content_request?file=content/dictionary_f.delahaye.xml
10:12:43.743	0:0:0:0:0:0:0:1:54481	admin	200		10.44 ms
10:12:48.501	0:0:0:0:0:0:0:1:54480	admin	REQUEST	[GET] http://localhost:8984/edit_dict_file_request?file=content/dictionary_f.delahaye.xml
10:12:48.544	0:0:0:0:0:0:0:1:54480	admin	200		43.22 ms
10:12:48.564	0:0:0:0:0:0:0:1:54480	admin	REQUEST	[GET] http://localhost:8984/edit_dict_file_request?file=content/dictionary_f.delahaye.xml
10:12:48.582	0:0:0:0:0:0:0:1:54480	admin	200		18.44 ms
10:12:48.625	0:0:0:0:0:0:0:1:54480	admin	REQUEST	[GET] http://localhost:8984/get_dict_file_xml_content_request?file=content/dictionary_f.delahaye.xml
10:12:48.635	0:0:0:0:0:0:0:1:54480	admin	200		10.15 ms
10:43:39.668	SERVER	admin	OK	Server was stopped (port: 1984)
10:43:39.672	SERVER	admin	OK	HTTP Server was stopped (port: 8984)
14:28:01.601	SERVER	admin	OK	Server was started (port: 1984)
14:28:01.695	SERVER	admin	OK	HTTP Server was started (port: 8984)
14:28:46.342	0:0:0:0:0:0:0:1:55463	admin	REQUEST	[GET] http://localhost:8984/edit_dict_file_request?file=content/dictionary_f.delahaye.xml
14:28:46.756	0:0:0:0:0:0:0:1:55463	admin	200		438.03 ms
14:28:46.788	0:0:0:0:0:0:0:1:55469	admin	REQUEST	[GET] http://localhost:8984/edit_dict_file_request?file=content/dictionary_f.delahaye.xml
14:28:46.826	0:0:0:0:0:0:0:1:55469	admin	200		38.57 ms
14:28:46.882	0:0:0:0:0:0:0:1:55469	admin	REQUEST	[GET] http://localhost:8984/get_dict_file_xml_content_request?file=content/dictionary_f.delahaye.xml
14:28:47.019	0:0:0:0:0:0:0:1:55469	admin	200		138.0 ms
14:29:32.515	0:0:0:0:0:0:0:1:55462	admin	REQUEST	[GET] http://localhost:8984/edit_dict_file_request?file=content/dictionary_f.delahaye.xml
14:29:32.623	0:0:0:0:0:0:0:1:55462	admin	200		107.97 ms
14:29:32.649	0:0:0:0:0:0:0:1:55462	admin	REQUEST	[GET] http://localhost:8984/edit_dict_file_request?file=content/dictionary_f.delahaye.xml
14:29:32.672	0:0:0:0:0:0:0:1:55462	admin	200		23.8 ms
14:29:32.708	0:0:0:0:0:0:0:1:55462	admin	REQUEST	[GET] http://localhost:8984/get_dict_file_xml_content_request?file=content/dictionary_f.delahaye.xml
14:29:32.748	0:0:0:0:0:0:0:1:55462	admin	200		40.32 ms
14:29:46.954	0:0:0:0:0:0:0:1:55461	admin	REQUEST	[POST] http://localhost:8984/save_dict_file_request?uri=http://localhost:8984/get_dict_file_xml_content_request?file=content/dictionary_f.delahaye.xml
14:29:47.120	0:0:0:0:0:0:0:1:55461	admin	200		166.84 ms
14:29:53.686	0:0:0:0:0:0:0:1:55469	admin	REQUEST	[GET] http://localhost:8984/edit_dict_file_request?file=content/dictionary_f.delahaye.xml
14:29:53.755	0:0:0:0:0:0:0:1:55469	admin	200		70.81 ms
14:29:53.777	0:0:0:0:0:0:0:1:55462	admin	REQUEST	[GET] http://localhost:8984/edit_dict_file_request?file=content/dictionary_f.delahaye.xml
14:29:53.800	0:0:0:0:0:0:0:1:55462	admin	200		23.24 ms
14:29:53.835	0:0:0:0:0:0:0:1:55462	admin	REQUEST	[GET] http://localhost:8984/get_dict_file_xml_content_request?file=content/dictionary_f.delahaye.xml
14:29:53.862	0:0:0:0:0:0:0:1:55462	admin	200		26.42 ms
14:30:06.573	0:0:0:0:0:0:0:1:55463	admin	REQUEST	[GET] http://localhost:8984/edit_dict_file_request?file=content/dictionary_f.delahaye.xml
14:30:06.624	0:0:0:0:0:0:0:1:55463	admin	200		51.49 ms
14:30:06.640	0:0:0:0:0:0:0:1:55463	admin	REQUEST	[GET] http://localhost:8984/edit_dict_file_request?file=content/dictionary_f.delahaye.xml
14:30:06.662	0:0:0:0:0:0:0:1:55463	admin	200		22.35 ms
14:30:06.691	0:0:0:0:0:0:0:1:55463	admin	REQUEST	[GET] http://localhost:8984/get_dict_file_xml_content_request?file=content/dictionary_f.delahaye.xml
14:30:06.734	0:0:0:0:0:0:0:1:55463	admin	200		43.57 ms
14:30:11.568	0:0:0:0:0:0:0:1:55468	admin	REQUEST	[GET] http://localhost:8984/edit_dict_file_request?file=content/dictionary_f.delahaye.xml
14:30:11.614	0:0:0:0:0:0:0:1:55468	admin	200		45.92 ms
14:30:11.637	0:0:0:0:0:0:0:1:55468	admin	REQUEST	[GET] http://localhost:8984/edit_dict_file_request?file=content/dictionary_f.delahaye.xml
14:30:11.669	0:0:0:0:0:0:0:1:55468	admin	200		32.81 ms
14:30:11.705	0:0:0:0:0:0:0:1:55468	admin	REQUEST	[GET] http://localhost:8984/get_dict_file_xml_content_request?file=content/dictionary_f.delahaye.xml
14:30:11.719	0:0:0:0:0:0:0:1:55468	admin	200		15.19 ms
14:31:04.744	0:0:0:0:0:0:0:1:55463	admin	REQUEST	[GET] http://localhost:8984/get_dict_file_content_as_markdown_request?file=content/dictionary_f.delahaye.xml
14:31:06.268	0:0:0:0:0:0:0:1:55463	admin	200		1525.71 ms
14:32:47.825	0:0:0:0:0:0:0:1:56474	admin	REQUEST	[GET] http://localhost:8984/get_dict_file_content_as_markdown_request?file=content/dictionary_f.delahaye.xml
14:32:48.413	0:0:0:0:0:0:0:1:56474	admin	200		593.18 ms
14:34:17.459	0:0:0:0:0:0:0:1:56852	admin	REQUEST	[POST] http://localhost:8984/save_dict_file_request?uri=http://localhost:8984/get_dict_file_xml_content_request?file=content/dictionary_f.delahaye.xml
14:34:17.545	0:0:0:0:0:0:0:1:56852	admin	200		86.29 ms
14:34:22.317	0:0:0:0:0:0:0:1:56870	admin	REQUEST	[GET] http://localhost:8984/edit_dict_file_request?file=content/dictionary_f.delahaye.xml
14:34:22.366	0:0:0:0:0:0:0:1:56870	admin	200		49.6 ms
14:34:22.388	0:0:0:0:0:0:0:1:56876	admin	REQUEST	[GET] http://localhost:8984/edit_dict_file_request?file=content/dictionary_f.delahaye.xml
14:34:22.403	0:0:0:0:0:0:0:1:56876	admin	200		15.87 ms
14:34:22.440	0:0:0:0:0:0:0:1:56876	admin	REQUEST	[GET] http://localhost:8984/get_dict_file_xml_content_request?file=content/dictionary_f.delahaye.xml
14:34:22.453	0:0:0:0:0:0:0:1:56876	admin	200		13.28 ms
14:34:40.646	0:0:0:0:0:0:0:1:56852	admin	REQUEST	[GET] http://localhost:8984/get_dict_file_content_as_markdown_request?file=content/dictionary_f.delahaye.xml
14:34:41.057	0:0:0:0:0:0:0:1:56852	admin	200		410.85 ms
14:37:34.910	SERVER	admin	OK	Server was stopped (port: 1984)
14:37:34.912	SERVER	admin	OK	HTTP Server was stopped (port: 8984)
14:37:38.523	SERVER	admin	OK	Server was started (port: 1984)
14:37:38.611	SERVER	admin	OK	HTTP Server was started (port: 8984)
14:38:04.749	0:0:0:0:0:0:0:1:57809	admin	REQUEST	[GET] http://localhost:8984/edit_dict_file_request?file=content/dictionary_f.delahaye.xml
14:38:05.140	0:0:0:0:0:0:0:1:57809	admin	200		410.86 ms
14:38:05.167	0:0:0:0:0:0:0:1:57809	admin	REQUEST	[GET] http://localhost:8984/edit_dict_file_request?file=content/dictionary_f.delahaye.xml
14:38:05.205	0:0:0:0:0:0:0:1:57809	admin	200		38.93 ms
14:38:05.255	0:0:0:0:0:0:0:1:57809	admin	REQUEST	[GET] http://localhost:8984/get_dict_file_xml_content_request?file=content/dictionary_f.delahaye.xml
14:38:05.402	0:0:0:0:0:0:0:1:57809	admin	200		148.09 ms
14:38:12.725	0:0:0:0:0:0:0:1:57816	admin	REQUEST	[GET] http://localhost:8984/edit_dict_file_request?file=content/dictionary_f.delahaye.xml
14:38:12.799	0:0:0:0:0:0:0:1:57816	admin	200		74.63 ms
14:38:12.814	0:0:0:0:0:0:0:1:57816	admin	REQUEST	[GET] http://localhost:8984/edit_dict_file_request?file=content/dictionary_f.delahaye.xml
14:38:12.845	0:0:0:0:0:0:0:1:57816	admin	200		32.37 ms
14:38:12.872	0:0:0:0:0:0:0:1:57816	admin	REQUEST	[GET] http://localhost:8984/get_dict_file_xml_content_request?file=content/dictionary_f.delahaye.xml
14:38:12.904	0:0:0:0:0:0:0:1:57816	admin	200		32.67 ms
14:38:18.220	0:0:0:0:0:0:0:1:57809	admin	REQUEST	[GET] http://localhost:8984/edit_dict_file_request?file=content/dictionary_f.delahaye.xml
14:38:18.272	0:0:0:0:0:0:0:1:57809	admin	200		54.4 ms
14:38:18.300	0:0:0:0:0:0:0:1:57809	admin	REQUEST	[GET] http://localhost:8984/edit_dict_file_request?file=content/dictionary_f.delahaye.xml
14:38:18.322	0:0:0:0:0:0:0:1:57809	admin	200		22.71 ms
14:38:18.360	0:0:0:0:0:0:0:1:57809	admin	REQUEST	[GET] http://localhost:8984/get_dict_file_xml_content_request?file=content/dictionary_f.delahaye.xml
14:38:18.385	0:0:0:0:0:0:0:1:57809	admin	200		25.27 ms
14:38:45.907	0:0:0:0:0:0:0:1:57810	admin	REQUEST	[GET] http://localhost:8984/get_dict_file_content_as_markdown_request?file=content/dictionary_f.delahaye.xml
14:38:47.386	0:0:0:0:0:0:0:1:57810	admin	200		1480.09 ms
14:39:19.224	0:0:0:0:0:0:0:1:57810	admin	REQUEST	[GET] http://localhost:8984/get_dict_file_content_as_markdown_request?file=content/dictionary_f.delahaye.xml
14:39:19.819	0:0:0:0:0:0:0:1:57810	admin	200		597.08 ms
14:39:33.036	0:0:0:0:0:0:0:1:57810	admin	REQUEST	[GET] http://localhost:8984/get_dict_file_content_as_markdown_request?file=content/dictionary_f.delahaye.xml
14:39:33.475	0:0:0:0:0:0:0:1:57810	admin	200		440.6 ms
14:39:37.043	0:0:0:0:0:0:0:1:57810	admin	REQUEST	[GET] http://localhost:8984/get_dict_file_content_as_markdown_request?file=content/dictionary_f.delahaye.xml
14:39:37.382	0:0:0:0:0:0:0:1:57810	admin	200		339.46 ms
14:40:38.270	SERVER	admin	OK	Server was stopped (port: 1984)
14:40:38.270	SERVER	admin	OK	HTTP Server was stopped (port: 8984)
14:43:54.619	SERVER	admin	OK	Server was started (port: 1984)
14:43:54.706	SERVER	admin	OK	HTTP Server was started (port: 8984)
14:47:18.108	0:0:0:0:0:0:0:1:60148	admin	REQUEST	[POST] http://localhost:8984/save_dict_file_request?uri=http://localhost:8984/get_dict_file_xml_content_request?file=content/dictionary_f.delahaye.xml
14:47:18.629	0:0:0:0:0:0:0:1:60148	admin	200		523.34 ms
14:54:08.226	0:0:0:0:0:0:0:1:61858	admin	REQUEST	[POST] http://localhost:8984/save_dict_file_request?uri=http://localhost:8984/get_dict_file_xml_content_request?file=content/dictionary_f.delahaye.xml
14:54:08.349	0:0:0:0:0:0:0:1:61858	admin	200		124.06 ms
14:54:19.416	SERVER	admin	OK	HTTP Server was stopped (port: 8984)
14:54:19.417	SERVER	admin	OK	Server was stopped (port: 1984)
14:54:54.217	SERVER	admin	OK	Server was started (port: 1984)
14:54:54.296	SERVER	admin	OK	HTTP Server was started (port: 8984)
14:55:41.256	0:0:0:0:0:0:0:1:62228	admin	REQUEST	[GET] http://localhost:8984/edit_dict_file_request?file=content/dictionary_f.delahaye.xml
14:55:41.638	0:0:0:0:0:0:0:1:62228	admin	200		389.21 ms
14:55:41.657	0:0:0:0:0:0:0:1:62228	admin	REQUEST	[GET] http://localhost:8984/edit_dict_file_request?file=content/dictionary_f.delahaye.xml
14:55:41.685	0:0:0:0:0:0:0:1:62228	admin	200		28.29 ms
14:55:41.707	0:0:0:0:0:0:0:1:62228	admin	REQUEST	[GET] http://localhost:8984/get_dict_file_xml_content_request?file=content/dictionary_f.delahaye.xml
14:55:41.842	0:0:0:0:0:0:0:1:62228	admin	200		136.48 ms
14:56:17.223	127.0.0.1:62235	admin	REQUEST	[GET] http://localhost:8984/dictionary
14:56:17.298	127.0.0.1:62235	admin	200		75.81 ms
14:56:17.324	127.0.0.1:62235	admin	REQUEST	[GET] http://localhost:8984/list_dictionary_request
14:56:17.366	127.0.0.1:62235	admin	200		42.7 ms
14:56:24.792	127.0.0.1:62235	admin	REQUEST	[GET] http://localhost:8984/dictionary
14:56:24.843	127.0.0.1:62235	admin	200		52.32 ms
14:56:24.855	127.0.0.1:62235	admin	REQUEST	[GET] http://localhost:8984/list_dictionary_request
14:56:24.891	127.0.0.1:62235	admin	200		36.56 ms
14:56:29.319	127.0.0.1:62235	admin	REQUEST	[GET] http://localhost:8984/edit_dict_file_request?file=content/dictionary_f.delahaye.xml
14:56:29.362	127.0.0.1:62235	admin	200		42.62 ms
14:56:29.377	127.0.0.1:62244	admin	REQUEST	[GET] http://localhost:8984/edit_dict_file_request?file=content/dictionary_f.delahaye.xml
14:56:29.397	127.0.0.1:62244	admin	200		19.88 ms
14:56:29.435	127.0.0.1:62244	admin	REQUEST	[GET] http://localhost:8984/get_dict_file_xml_content_request?file=content/dictionary_f.delahaye.xml
14:56:29.467	127.0.0.1:62244	admin	200		31.85 ms
14:58:21.412	127.0.0.1:62267	admin	REQUEST	[GET] http://localhost:8984/dictionary
14:58:21.455	127.0.0.1:62267	admin	200		42.69 ms
14:58:21.472	127.0.0.1:62267	admin	REQUEST	[GET] http://localhost:8984/list_dictionary_request
14:58:21.519	127.0.0.1:62267	admin	200		46.45 ms
14:58:26.957	127.0.0.1:62269	admin	REQUEST	[GET] http://localhost:8984/edit_dict_file_request?file=content/dictionary_f.delahaye.xml
14:58:27.003	127.0.0.1:62269	admin	200		46.22 ms
14:58:27.015	127.0.0.1:62269	admin	REQUEST	[GET] http://localhost:8984/edit_dict_file_request?file=content/dictionary_f.delahaye.xml
14:58:27.034	127.0.0.1:62269	admin	200		19.65 ms
14:58:27.061	127.0.0.1:62269	admin	REQUEST	[GET] http://localhost:8984/get_dict_file_xml_content_request?file=content/dictionary_f.delahaye.xml
14:58:27.083	127.0.0.1:62269	admin	200		22.1 ms
14:58:43.137	127.0.0.1:62278	admin	REQUEST	[GET] http://localhost:8984/edit_dict_file_request?file=content/dictionary_f.delahaye.xml
14:58:43.181	127.0.0.1:62278	admin	200		43.68 ms
14:58:43.197	127.0.0.1:62278	admin	REQUEST	[GET] http://localhost:8984/edit_dict_file_request?file=content/dictionary_f.delahaye.xml
14:58:43.220	127.0.0.1:62278	admin	200		23.92 ms
14:58:43.267	127.0.0.1:62278	admin	REQUEST	[GET] http://localhost:8984/get_dict_file_xml_content_request?file=content/dictionary_f.delahaye.xml
14:58:43.293	127.0.0.1:62278	admin	200		26.75 ms
15:00:05.094	SERVER	admin	OK	Server was stopped (port: 1984)
15:00:05.096	SERVER	admin	OK	HTTP Server was stopped (port: 8984)
15:16:52.968	SERVER	admin	OK	Server was started (port: 1984)
15:16:53.050	SERVER	admin	OK	HTTP Server was started (port: 8984)
15:16:56.053	127.0.0.1:62576	admin	REQUEST	[GET] http://localhost:8984/dictionary
15:16:56.542	127.0.0.1:62576	admin	200		496.25 ms
15:16:56.556	127.0.0.1:62576	admin	REQUEST	[GET] http://localhost:8984/list_dictionary_request
15:16:56.673	127.0.0.1:62576	admin	200		118.18 ms
15:16:59.629	127.0.0.1:62577	admin	REQUEST	[GET] http://localhost:8984/edit_dict_file_request?file=content/dictionary_f.delahaye.xml
15:16:59.691	127.0.0.1:62577	admin	200		62.6 ms
15:16:59.705	127.0.0.1:62577	admin	REQUEST	[GET] http://localhost:8984/edit_dict_file_request?file=content/dictionary_f.delahaye.xml
15:16:59.755	127.0.0.1:62577	admin	200		50.7 ms
15:16:59.782	127.0.0.1:62577	admin	REQUEST	[GET] http://localhost:8984/get_dict_file_xml_content_request?file=content/dictionary_f.delahaye.xml
15:16:59.815	127.0.0.1:62577	admin	200		33.17 ms
15:24:52.107	127.0.0.1:62671	admin	REQUEST	[POST] http://localhost:8984/save_dict_file_request?uri=http://localhost:8984/get_dict_file_xml_content_request?file=content/dictionary_f.delahaye.xml
15:24:52.254	127.0.0.1:62671	admin	200		148.05 ms
15:34:10.157	127.0.0.1:62762	admin	REQUEST	[POST] http://localhost:8984/save_dict_file_request?uri=http://localhost:8984/get_dict_file_xml_content_request?file=content/dictionary_f.delahaye.xml
15:34:10.269	127.0.0.1:62762	admin	200		114.75 ms
16:22:04.598	SERVER	admin	OK	HTTP Server was stopped (port: 8984)
16:22:04.604	SERVER	admin	OK	Server was stopped (port: 1984)
