09:57:38.450	SERVER	admin	OK	Server was stopped (port: 1984)
09:57:38.461	SERVER	admin	OK	HTTP Server was stopped (port: 8984)
12:21:42.396	SERVER	admin	OK	Server was started (port: 1984)
12:21:42.494	SERVER	admin	OK	HTTP Server was started (port: 8984)
12:21:51.062	0:0:0:0:0:0:0:1:50120	admin	REQUEST	[POST] http://localhost:8984/save_dict_file_request?uri=http://localhost:8984/get_dict_file_xml_content_request?file=content/dictionary_f.delahaye_bpri.xml
12:21:51.972	0:0:0:0:0:0:0:1:50120	admin	200		914.7 ms
12:22:12.674	0:0:0:0:0:0:0:1:50120	admin	REQUEST	[POST] http://localhost:8984/save_dict_file_request?uri=http://localhost:8984/get_dict_file_xml_content_request?file=content/dictionary_f.delahaye_bpri.xml
12:22:12.849	0:0:0:0:0:0:0:1:50120	admin	200		176.93 ms
12:23:27.624	0:0:0:0:0:0:0:1:50166	admin	REQUEST	[POST] http://localhost:8984/save_dict_file_request?uri=http://localhost:8984/get_dict_file_xml_content_request?file=content/dictionary_f.delahaye_bpri.xml
12:23:27.778	0:0:0:0:0:0:0:1:50166	admin	200		154.84 ms
12:24:56.379	0:0:0:0:0:0:0:1:50205	admin	REQUEST	[POST] http://localhost:8984/save_dict_file_request?uri=http://localhost:8984/get_dict_file_xml_content_request?file=content/dictionary_f.delahaye_bpri.xml
12:24:56.529	0:0:0:0:0:0:0:1:50205	admin	200		150.39 ms
12:25:23.620	0:0:0:0:0:0:0:1:50205	admin	REQUEST	[POST] http://localhost:8984/save_dict_file_request?uri=http://localhost:8984/get_dict_file_xml_content_request?file=content/dictionary_f.delahaye_bpri.xml
12:25:23.751	0:0:0:0:0:0:0:1:50205	admin	200		131.42 ms
12:27:09.170	0:0:0:0:0:0:0:1:50267	admin	REQUEST	[POST] http://localhost:8984/save_dict_file_request?uri=http://localhost:8984/get_dict_file_xml_content_request?file=content/dictionary_f.delahaye_bpri.xml
12:27:09.314	0:0:0:0:0:0:0:1:50267	admin	200		144.72 ms
12:31:49.986	0:0:0:0:0:0:0:1:50395	admin	REQUEST	[POST] http://localhost:8984/save_dict_file_request?uri=http://localhost:8984/get_dict_file_xml_content_request?file=content/dictionary_f.delahaye_bpri.xml
12:31:50.143	0:0:0:0:0:0:0:1:50395	admin	200		158.3 ms
12:32:50.230	0:0:0:0:0:0:0:1:50395	admin	REQUEST	[POST] http://localhost:8984/save_dict_file_request?uri=http://localhost:8984/get_dict_file_xml_content_request?file=content/dictionary_f.delahaye_bpri.xml
12:32:50.343	0:0:0:0:0:0:0:1:50395	admin	200		114.1 ms
12:33:26.343	0:0:0:0:0:0:0:1:50395	admin	REQUEST	[POST] http://localhost:8984/save_dict_file_request?uri=http://localhost:8984/get_dict_file_xml_content_request?file=content/dictionary_f.delahaye_bpri.xml
12:33:26.456	0:0:0:0:0:0:0:1:50395	admin	200		113.41 ms
12:34:24.819	0:0:0:0:0:0:0:1:50395	admin	REQUEST	[GET] http://localhost:8984/get_dict_file_content_as_textile_request?file=content/dictionary_f.delahaye_bpri.xml
12:34:27.420	0:0:0:0:0:0:0:1:50395	admin	200		2605.37 ms
12:43:33.415	0:0:0:0:0:0:0:1:50732	admin	REQUEST	[POST] http://localhost:8984/save_dict_file_request?uri=http://localhost:8984/get_dict_file_xml_content_request?file=content/dictionary_f.delahaye_bpri.xml
12:43:33.661	0:0:0:0:0:0:0:1:50732	admin	200		247.65 ms
12:43:49.564	0:0:0:0:0:0:0:1:50732	admin	REQUEST	[POST] http://localhost:8984/save_dict_file_request?uri=http://localhost:8984/get_dict_file_xml_content_request?file=content/dictionary_f.delahaye_bpri.xml
12:43:49.694	0:0:0:0:0:0:0:1:50732	admin	200		131.25 ms
12:44:07.069	0:0:0:0:0:0:0:1:50732	admin	REQUEST	[POST] http://localhost:8984/save_dict_file_request?uri=http://localhost:8984/get_dict_file_xml_content_request?file=content/dictionary_f.delahaye_bpri.xml
12:44:07.162	0:0:0:0:0:0:0:1:50732	admin	200		93.19 ms
12:44:21.018	0:0:0:0:0:0:0:1:50732	admin	REQUEST	[POST] http://localhost:8984/save_dict_file_request?uri=http://localhost:8984/get_dict_file_xml_content_request?file=content/dictionary_f.delahaye_bpri.xml
12:44:21.126	0:0:0:0:0:0:0:1:50732	admin	200		108.21 ms
12:44:42.784	0:0:0:0:0:0:0:1:50732	admin	REQUEST	[POST] http://localhost:8984/save_dict_file_request?uri=http://localhost:8984/get_dict_file_xml_content_request?file=content/dictionary_f.delahaye_bpri.xml
12:44:42.979	0:0:0:0:0:0:0:1:50732	admin	200		201.27 ms
12:44:53.571	0:0:0:0:0:0:0:1:50732	admin	REQUEST	[POST] http://localhost:8984/save_dict_file_request?uri=http://localhost:8984/get_dict_file_xml_content_request?file=content/dictionary_f.delahaye_bpri.xml
12:44:53.728	0:0:0:0:0:0:0:1:50732	admin	200		164.33 ms
12:45:10.108	0:0:0:0:0:0:0:1:50732	admin	REQUEST	[GET] http://localhost:8984/get_dict_file_content_as_textile_request?file=content/dictionary_f.delahaye_bpri.xml
12:45:11.516	0:0:0:0:0:0:0:1:50732	admin	200		1408.57 ms
12:47:41.173	0:0:0:0:0:0:0:1:50850	admin	REQUEST	[POST] http://localhost:8984/save_dict_file_request?uri=http://localhost:8984/get_dict_file_xml_content_request?file=content/dictionary_f.delahaye_bpri.xml
12:47:41.290	0:0:0:0:0:0:0:1:50850	admin	200		120.3 ms
12:47:46.810	0:0:0:0:0:0:0:1:50850	admin	REQUEST	[GET] http://localhost:8984/get_dict_file_content_as_textile_request?file=content/dictionary_f.delahaye_bpri.xml
12:47:47.969	0:0:0:0:0:0:0:1:50850	admin	200		1158.71 ms
15:06:40.362	0:0:0:0:0:0:0:1:54847	admin	REQUEST	[POST] http://localhost:8984/save_dict_file_request?uri=http://localhost:8984/get_dict_file_xml_content_request?file=content/dictionary_f.delahaye_bpri.xml
15:06:40.500	0:0:0:0:0:0:0:1:54847	admin	200		138.86 ms
15:12:09.915	0:0:0:0:0:0:0:1:55023	admin	REQUEST	[POST] http://localhost:8984/save_dict_file_request?uri=http://localhost:8984/get_dict_file_xml_content_request?file=content/dictionary_f.delahaye_bpri.xml
15:12:10.085	0:0:0:0:0:0:0:1:55023	admin	200		171.22 ms
15:20:23.024	0:0:0:0:0:0:0:1:55254	admin	REQUEST	[POST] http://localhost:8984/save_dict_file_request?uri=http://localhost:8984/get_dict_file_xml_content_request?file=content/dictionary_f.delahaye_bpri.xml
15:20:23.162	0:0:0:0:0:0:0:1:55254	admin	200		139.53 ms
15:21:10.424	0:0:0:0:0:0:0:1:55254	admin	REQUEST	[POST] http://localhost:8984/save_dict_file_request?uri=http://localhost:8984/get_dict_file_xml_content_request?file=content/dictionary_f.delahaye_bpri.xml
15:21:10.551	0:0:0:0:0:0:0:1:55254	admin	200		128.01 ms
15:21:27.053	0:0:0:0:0:0:0:1:55254	admin	REQUEST	[GET] http://localhost:8984/get_dict_file_content_as_textile_request?file=content/dictionary_f.delahaye_bpri.xml
15:21:28.146	0:0:0:0:0:0:0:1:55254	admin	200		1094.28 ms
15:24:58.538	0:0:0:0:0:0:0:1:55398	admin	REQUEST	[POST] http://localhost:8984/save_dict_file_request?uri=http://localhost:8984/get_dict_file_xml_content_request?file=content/dictionary_f.delahaye_bpri.xml
15:24:58.710	0:0:0:0:0:0:0:1:55398	admin	200		174.18 ms
15:25:03.052	0:0:0:0:0:0:0:1:55398	admin	REQUEST	[GET] http://localhost:8984/get_dict_file_content_as_textile_request?file=content/dictionary_f.delahaye_bpri.xml
15:25:04.144	0:0:0:0:0:0:0:1:55398	admin	200		1092.29 ms
15:25:56.805	0:0:0:0:0:0:0:1:55398	admin	REQUEST	[POST] http://localhost:8984/save_dict_file_request?uri=http://localhost:8984/get_dict_file_xml_content_request?file=content/dictionary_f.delahaye_bpri.xml
15:25:56.897	0:0:0:0:0:0:0:1:55398	admin	200		92.39 ms
15:26:06.459	0:0:0:0:0:0:0:1:55398	admin	REQUEST	[POST] http://localhost:8984/save_dict_file_request?uri=http://localhost:8984/get_dict_file_xml_content_request?file=content/dictionary_f.delahaye_bpri.xml
15:26:06.534	0:0:0:0:0:0:0:1:55398	admin	200		77.08 ms
15:26:14.432	0:0:0:0:0:0:0:1:55398	admin	REQUEST	[GET] http://localhost:8984/get_dict_file_content_as_textile_request?file=content/dictionary_f.delahaye_bpri.xml
15:26:15.596	0:0:0:0:0:0:0:1:55398	admin	200		1164.85 ms
15:29:35.165	0:0:0:0:0:0:0:1:55552	admin	REQUEST	[POST] http://localhost:8984/save_dict_file_request?uri=http://localhost:8984/get_dict_file_xml_content_request?file=content/dictionary_f.delahaye_bpri.xml
15:29:35.280	0:0:0:0:0:0:0:1:55552	admin	200		116.11 ms
15:30:07.667	0:0:0:0:0:0:0:1:55552	admin	REQUEST	[POST] http://localhost:8984/save_dict_file_request?uri=http://localhost:8984/get_dict_file_xml_content_request?file=content/dictionary_f.delahaye_bpri.xml
15:30:07.764	0:0:0:0:0:0:0:1:55552	admin	200		97.31 ms
15:30:11.723	0:0:0:0:0:0:0:1:55552	admin	REQUEST	[GET] http://localhost:8984/get_dict_file_content_as_textile_request?file=content/dictionary_f.delahaye_bpri.xml
15:30:12.720	0:0:0:0:0:0:0:1:55552	admin	200		997.98 ms
15:33:58.410	0:0:0:0:0:0:0:1:55698	admin	REQUEST	[POST] http://localhost:8984/save_dict_file_request?uri=http://localhost:8984/get_dict_file_xml_content_request?file=content/dictionary_f.delahaye_bpri.xml
15:33:58.526	0:0:0:0:0:0:0:1:55698	admin	200		117.28 ms
15:34:02.261	0:0:0:0:0:0:0:1:55698	admin	REQUEST	[GET] http://localhost:8984/get_dict_file_content_as_textile_request?file=content/dictionary_f.delahaye_bpri.xml
15:34:03.215	0:0:0:0:0:0:0:1:55698	admin	200		954.71 ms
15:34:56.539	0:0:0:0:0:0:0:1:55698	admin	REQUEST	[POST] http://localhost:8984/save_dict_file_request?uri=http://localhost:8984/get_dict_file_xml_content_request?file=content/dictionary_f.delahaye_bpri.xml
15:34:56.660	0:0:0:0:0:0:0:1:55698	admin	200		123.87 ms
15:34:59.840	0:0:0:0:0:0:0:1:55698	admin	REQUEST	[GET] http://localhost:8984/get_dict_file_content_as_textile_request?file=content/dictionary_f.delahaye_bpri.xml
15:35:00.960	0:0:0:0:0:0:0:1:55698	admin	200		1120.48 ms
15:36:31.534	0:0:0:0:0:0:0:1:55806	admin	REQUEST	[POST] http://localhost:8984/save_dict_file_request?uri=http://localhost:8984/get_dict_file_xml_content_request?file=content/dictionary_f.delahaye_bpri.xml
15:36:31.629	0:0:0:0:0:0:0:1:55806	admin	200		96.45 ms
15:36:37.279	0:0:0:0:0:0:0:1:55806	admin	REQUEST	[GET] http://localhost:8984/get_dict_file_content_as_textile_request?file=content/dictionary_f.delahaye_bpri.xml
15:36:38.288	0:0:0:0:0:0:0:1:55806	admin	200		1008.83 ms
17:29:39.578	0:0:0:0:0:0:0:1:59222	admin	REQUEST	[POST] http://localhost:8984/save_dict_file_request?uri=http://localhost:8984/get_dict_file_xml_content_request?file=content/dictionary_f.delahaye_bpri.xml
17:29:39.679	0:0:0:0:0:0:0:1:59222	admin	200		101.53 ms
