08:01:14.465	0:0:0:0:0:0:0:1:54761	admin	REQUEST	[GET] http://localhost:8984/edit_dict_file_request?file=content/dictionary_f.delahaye.xml
08:01:14.546	0:0:0:0:0:0:0:1:54761	admin	200		81.53 ms
08:01:14.928	0:0:0:0:0:0:0:1:54759	admin	REQUEST	[GET] http://localhost:8984/edit_dict_file_request?file=content/dictionary_f.delahaye.xml
08:01:14.986	0:0:0:0:0:0:0:1:54759	admin	200		58.81 ms
08:01:15.036	0:0:0:0:0:0:0:1:54759	admin	REQUEST	[GET] http://localhost:8984/get_dict_file_xml_content_request?file=content/dictionary_f.delahaye.xml
08:01:15.067	0:0:0:0:0:0:0:1:54759	admin	200		31.72 ms
08:16:04.216	0:0:0:0:0:0:0:1:55107	admin	REQUEST	[POST] http://localhost:8984/save_dict_file_request?uri=http://localhost:8984/get_dict_file_xml_content_request?file=content/dictionary_f.delahaye.xml
08:16:04.344	0:0:0:0:0:0:0:1:55107	admin	200		129.23 ms
08:16:49.214	0:0:0:0:0:0:0:1:55107	admin	REQUEST	[POST] http://localhost:8984/save_dict_file_request?uri=http://localhost:8984/get_dict_file_xml_content_request?file=content/dictionary_f.delahaye.xml
08:16:49.289	0:0:0:0:0:0:0:1:55107	admin	200		75.55 ms
08:17:03.642	0:0:0:0:0:0:0:1:55107	admin	REQUEST	[GET] http://localhost:8984/get_dict_file_content_as_markdown_request?file=content/dictionary_f.delahaye.xml
08:17:03.871	0:0:0:0:0:0:0:1:55107	admin	200		229.11 ms
12:05:59.595	0:0:0:0:0:0:0:1:62261	admin	REQUEST	[POST] http://localhost:8984/save_dict_file_request?uri=http://localhost:8984/get_dict_file_xml_content_request?file=content/dictionary_f.delahaye_bpri.xml
12:05:59.728	0:0:0:0:0:0:0:1:62261	admin	200		134.72 ms
12:43:30.123	0:0:0:0:0:0:0:1:63345	admin	REQUEST	[POST] http://localhost:8984/save_dict_file_request?uri=http://localhost:8984/get_dict_file_xml_content_request?file=content/dictionary_f.delahaye_bpri.xml
12:43:30.224	0:0:0:0:0:0:0:1:63345	admin	200		101.34 ms
12:44:57.448	0:0:0:0:0:0:0:1:63397	admin	REQUEST	[POST] http://localhost:8984/save_dict_file_request?uri=http://localhost:8984/get_dict_file_xml_content_request?file=content/dictionary_f.delahaye_bpri.xml
12:44:57.533	0:0:0:0:0:0:0:1:63397	admin	200		86.09 ms
12:48:24.560	0:0:0:0:0:0:0:1:63482	admin	REQUEST	[POST] http://localhost:8984/save_dict_file_request?uri=http://localhost:8984/get_dict_file_xml_content_request?file=content/dictionary_f.delahaye_bpri.xml
12:48:24.663	0:0:0:0:0:0:0:1:63482	admin	200		103.88 ms
13:00:44.129	0:0:0:0:0:0:0:1:63828	admin	REQUEST	[POST] http://localhost:8984/save_dict_file_request?uri=http://localhost:8984/get_dict_file_xml_content_request?file=content/dictionary_f.delahaye_bpri.xml
13:00:44.222	0:0:0:0:0:0:0:1:63828	admin	200		93.41 ms
13:01:27.630	0:0:0:0:0:0:0:1:63828	admin	REQUEST	[POST] http://localhost:8984/save_dict_file_request?uri=http://localhost:8984/get_dict_file_xml_content_request?file=content/dictionary_f.delahaye_bpri.xml
13:01:27.716	0:0:0:0:0:0:0:1:63828	admin	200		86.74 ms
13:01:47.316	0:0:0:0:0:0:0:1:63828	admin	REQUEST	[POST] http://localhost:8984/save_dict_file_request?uri=http://localhost:8984/get_dict_file_xml_content_request?file=content/dictionary_f.delahaye_bpri.xml
13:01:47.397	0:0:0:0:0:0:0:1:63828	admin	200		80.76 ms
13:03:04.666	0:0:0:0:0:0:0:1:63885	admin	REQUEST	[POST] http://localhost:8984/save_dict_file_request?uri=http://localhost:8984/get_dict_file_xml_content_request?file=content/dictionary_f.delahaye_bpri.xml
13:03:04.731	0:0:0:0:0:0:0:1:63885	admin	200		64.75 ms
13:04:01.323	0:0:0:0:0:0:0:1:63885	admin	REQUEST	[POST] http://localhost:8984/save_dict_file_request?uri=http://localhost:8984/get_dict_file_xml_content_request?file=content/dictionary_f.delahaye_bpri.xml
13:04:01.390	0:0:0:0:0:0:0:1:63885	admin	200		66.92 ms
13:05:57.039	0:0:0:0:0:0:0:1:63977	admin	REQUEST	[POST] http://localhost:8984/save_dict_file_request?uri=http://localhost:8984/get_dict_file_xml_content_request?file=content/dictionary_f.delahaye_bpri.xml
13:05:57.135	0:0:0:0:0:0:0:1:63977	admin	200		97.65 ms
13:06:12.920	0:0:0:0:0:0:0:1:63977	admin	REQUEST	[POST] http://localhost:8984/save_dict_file_request?uri=http://localhost:8984/get_dict_file_xml_content_request?file=content/dictionary_f.delahaye_bpri.xml
13:06:12.980	0:0:0:0:0:0:0:1:63977	admin	200		60.32 ms
13:06:53.813	0:0:0:0:0:0:0:1:63977	admin	REQUEST	[POST] http://localhost:8984/save_dict_file_request?uri=http://localhost:8984/get_dict_file_xml_content_request?file=content/dictionary_f.delahaye_bpri.xml
13:06:53.874	0:0:0:0:0:0:0:1:63977	admin	200		60.93 ms
13:08:59.030	0:0:0:0:0:0:0:1:64068	admin	REQUEST	[POST] http://localhost:8984/save_dict_file_request?uri=http://localhost:8984/get_dict_file_xml_content_request?file=content/dictionary_f.delahaye_bpri.xml
13:08:59.138	0:0:0:0:0:0:0:1:64068	admin	200		109.89 ms
13:11:32.870	0:0:0:0:0:0:0:1:64149	admin	REQUEST	[POST] http://localhost:8984/save_dict_file_request?uri=http://localhost:8984/get_dict_file_xml_content_request?file=content/dictionary_f.delahaye_bpri.xml
13:11:32.984	0:0:0:0:0:0:0:1:64149	admin	200		114.41 ms
13:12:21.237	0:0:0:0:0:0:0:1:64149	admin	REQUEST	[POST] http://localhost:8984/save_dict_file_request?uri=http://localhost:8984/get_dict_file_xml_content_request?file=content/dictionary_f.delahaye_bpri.xml
13:12:21.318	0:0:0:0:0:0:0:1:64149	admin	200		82.06 ms
13:12:48.347	0:0:0:0:0:0:0:1:64149	admin	REQUEST	[GET] http://localhost:8984/get_dict_file_content_as_textile_request?file=content/dictionary_f.delahaye_bpri.xml
13:12:49.354	0:0:0:0:0:0:0:1:64149	admin	200		1010.84 ms
14:57:43.186	0:0:0:0:0:0:0:1:51122	admin	REQUEST	[POST] http://localhost:8984/save_dict_file_request?uri=http://localhost:8984/get_dict_file_xml_content_request?file=content/dictionary_f.delahaye_bpri.xml
14:57:43.366	0:0:0:0:0:0:0:1:51122	admin	200		183.24 ms
15:08:08.555	0:0:0:0:0:0:0:1:51493	admin	REQUEST	[POST] http://localhost:8984/save_dict_file_request?uri=http://localhost:8984/get_dict_file_xml_content_request?file=content/dictionary_f.delahaye_bpri.xml
15:08:08.669	0:0:0:0:0:0:0:1:51493	admin	200		114.8 ms
15:08:25.411	0:0:0:0:0:0:0:1:51493	admin	REQUEST	[POST] http://localhost:8984/save_dict_file_request?uri=http://localhost:8984/get_dict_file_xml_content_request?file=content/dictionary_f.delahaye_bpri.xml
15:08:25.468	0:0:0:0:0:0:0:1:51493	admin	200		57.22 ms
15:08:55.165	0:0:0:0:0:0:0:1:51493	admin	REQUEST	[POST] http://localhost:8984/save_dict_file_request?uri=http://localhost:8984/get_dict_file_xml_content_request?file=content/dictionary_f.delahaye_bpri.xml
15:08:55.239	0:0:0:0:0:0:0:1:51493	admin	200		75.36 ms
15:10:05.900	0:0:0:0:0:0:0:1:51557	admin	REQUEST	[POST] http://localhost:8984/save_dict_file_request?uri=http://localhost:8984/get_dict_file_xml_content_request?file=content/dictionary_f.delahaye_bpri.xml
15:10:05.991	0:0:0:0:0:0:0:1:51557	admin	200		93.06 ms
15:11:06.576	0:0:0:0:0:0:0:1:51591	admin	REQUEST	[GET] http://localhost:8984/get_dict_file_content_as_textile_request?file=content/dictionary_f.delahaye_bpri.xml
15:11:07.519	0:0:0:0:0:0:0:1:51591	admin	200		943.39 ms
15:11:28.052	0:0:0:0:0:0:0:1:51591	admin	REQUEST	[POST] http://localhost:8984/save_dict_file_request?uri=http://localhost:8984/get_dict_file_xml_content_request?file=content/dictionary_f.delahaye_bpri.xml
15:11:28.106	0:0:0:0:0:0:0:1:51591	admin	200		54.38 ms
15:11:32.036	0:0:0:0:0:0:0:1:51591	admin	REQUEST	[GET] http://localhost:8984/get_dict_file_content_as_textile_request?file=content/dictionary_f.delahaye_bpri.xml
15:11:32.854	0:0:0:0:0:0:0:1:51591	admin	200		817.86 ms
15:12:28.673	0:0:0:0:0:0:0:1:51591	admin	REQUEST	[POST] http://localhost:8984/save_dict_file_request?uri=http://localhost:8984/get_dict_file_xml_content_request?file=content/dictionary_f.delahaye_bpri.xml
15:12:28.746	0:0:0:0:0:0:0:1:51591	admin	200		73.6 ms
15:13:46.485	0:0:0:0:0:0:0:1:51667	admin	REQUEST	[POST] http://localhost:8984/save_dict_file_request?uri=http://localhost:8984/get_dict_file_xml_content_request?file=content/dictionary_f.delahaye_bpri.xml
15:13:46.542	0:0:0:0:0:0:0:1:51667	admin	200		57.78 ms
15:13:51.864	0:0:0:0:0:0:0:1:51667	admin	REQUEST	[GET] http://localhost:8984/get_dict_file_content_as_textile_request?file=content/dictionary_f.delahaye_bpri.xml
15:13:52.743	0:0:0:0:0:0:0:1:51667	admin	200		879.34 ms
15:14:07.929	0:0:0:0:0:0:0:1:51667	admin	REQUEST	[POST] http://localhost:8984/save_dict_file_request?uri=http://localhost:8984/get_dict_file_xml_content_request?file=content/dictionary_f.delahaye_bpri.xml
15:14:07.967	0:0:0:0:0:0:0:1:51667	admin	200		38.13 ms
15:14:11.618	0:0:0:0:0:0:0:1:51667	admin	REQUEST	[GET] http://localhost:8984/get_dict_file_content_as_textile_request?file=content/dictionary_f.delahaye_bpri.xml
15:14:12.350	0:0:0:0:0:0:0:1:51667	admin	200		732.39 ms
15:20:13.286	0:0:0:0:0:0:0:1:51876	admin	REQUEST	[GET] http://localhost:8984/get_dict_file_content_as_textile_request?file=content/dictionary_f.delahaye_bpri.xml
15:20:14.118	0:0:0:0:0:0:0:1:51876	admin	200		832.66 ms
15:21:24.709	0:0:0:0:0:0:0:1:51911	admin	REQUEST	[POST] http://localhost:8984/save_dict_file_request?uri=http://localhost:8984/get_dict_file_xml_content_request?file=content/dictionary_f.delahaye_bpri.xml
15:21:24.793	0:0:0:0:0:0:0:1:51911	admin	200		84.63 ms
15:21:28.204	0:0:0:0:0:0:0:1:51911	admin	REQUEST	[GET] http://localhost:8984/get_dict_file_content_as_textile_request?file=content/dictionary_f.delahaye_bpri.xml
15:21:29.020	0:0:0:0:0:0:0:1:51911	admin	200		816.08 ms
15:22:05.422	0:0:0:0:0:0:0:1:51911	admin	REQUEST	[POST] http://localhost:8984/save_dict_file_request?uri=http://localhost:8984/get_dict_file_xml_content_request?file=content/dictionary_f.delahaye_bpri.xml
15:22:05.486	0:0:0:0:0:0:0:1:51911	admin	200		64.46 ms
15:22:12.119	0:0:0:0:0:0:0:1:51911	admin	REQUEST	[POST] http://localhost:8984/save_dict_file_request?uri=http://localhost:8984/get_dict_file_xml_content_request?file=content/dictionary_f.delahaye_bpri.xml
15:22:12.166	0:0:0:0:0:0:0:1:51911	admin	200		47.12 ms
15:22:15.735	0:0:0:0:0:0:0:1:51911	admin	REQUEST	[GET] http://localhost:8984/get_dict_file_content_as_textile_request?file=content/dictionary_f.delahaye_bpri.xml
15:22:16.557	0:0:0:0:0:0:0:1:51911	admin	200		821.94 ms
15:23:25.231	0:0:0:0:0:0:0:1:51977	admin	REQUEST	[POST] http://localhost:8984/save_dict_file_request?uri=http://localhost:8984/get_dict_file_xml_content_request?file=content/dictionary_f.delahaye_bpri.xml
15:23:25.319	0:0:0:0:0:0:0:1:51977	admin	200		88.79 ms
15:23:29.240	0:0:0:0:0:0:0:1:51977	admin	REQUEST	[GET] http://localhost:8984/get_dict_file_content_as_textile_request?file=content/dictionary_f.delahaye_bpri.xml
15:23:30.120	0:0:0:0:0:0:0:1:51977	admin	200		879.87 ms
15:23:43.172	0:0:0:0:0:0:0:1:51977	admin	REQUEST	[POST] http://localhost:8984/save_dict_file_request?uri=http://localhost:8984/get_dict_file_xml_content_request?file=content/dictionary_f.delahaye_bpri.xml
15:23:43.228	0:0:0:0:0:0:0:1:51977	admin	200		56.63 ms
15:23:46.785	0:0:0:0:0:0:0:1:51977	admin	REQUEST	[GET] http://localhost:8984/get_dict_file_content_as_textile_request?file=content/dictionary_f.delahaye_bpri.xml
15:23:47.569	0:0:0:0:0:0:0:1:51977	admin	200		784.66 ms
15:25:03.243	0:0:0:0:0:0:0:1:52037	admin	REQUEST	[POST] http://localhost:8984/save_dict_file_request?uri=http://localhost:8984/get_dict_file_xml_content_request?file=content/dictionary_f.delahaye_bpri.xml
15:25:03.317	0:0:0:0:0:0:0:1:52037	admin	200		74.9 ms
15:25:07.175	0:0:0:0:0:0:0:1:52037	admin	REQUEST	[GET] http://localhost:8984/get_dict_file_content_as_textile_request?file=content/dictionary_f.delahaye_bpri.xml
15:25:08.022	0:0:0:0:0:0:0:1:52037	admin	200		847.73 ms
16:25:38.783	0:0:0:0:0:0:0:1:53915	admin	REQUEST	[POST] http://localhost:8984/save_dict_file_request?uri=http://localhost:8984/get_dict_file_xml_content_request?file=content/dictionary_f.delahaye_bpri.xml
16:25:38.894	0:0:0:0:0:0:0:1:53915	admin	200		113.86 ms
16:25:55.166	0:0:0:0:0:0:0:1:53915	admin	REQUEST	[GET] http://localhost:8984/get_dict_file_content_as_textile_request?file=content/dictionary_f.delahaye_bpri.xml
16:25:56.151	0:0:0:0:0:0:0:1:53915	admin	200		985.93 ms
16:26:17.878	0:0:0:0:0:0:0:1:53915	admin	REQUEST	[POST] http://localhost:8984/save_dict_file_request?uri=http://localhost:8984/get_dict_file_xml_content_request?file=content/dictionary_f.delahaye_bpri.xml
16:26:17.937	0:0:0:0:0:0:0:1:53915	admin	200		59.48 ms
16:26:21.738	0:0:0:0:0:0:0:1:53915	admin	REQUEST	[GET] http://localhost:8984/get_dict_file_content_as_textile_request?file=content/dictionary_f.delahaye_bpri.xml
16:26:22.110	0:0:0:0:0:0:0:1:53915	admin	200		372.48 ms
16:29:19.680	0:0:0:0:0:0:0:1:54013	admin	REQUEST	[POST] http://localhost:8984/save_dict_file_request?uri=http://localhost:8984/get_dict_file_xml_content_request?file=content/dictionary_f.delahaye_bpri.xml
16:29:19.782	0:0:0:0:0:0:0:1:54013	admin	200		107.35 ms
16:29:23.424	0:0:0:0:0:0:0:1:54013	admin	REQUEST	[GET] http://localhost:8984/get_dict_file_content_as_textile_request?file=content/dictionary_f.delahaye_bpri.xml
16:29:24.193	0:0:0:0:0:0:0:1:54013	admin	200		769.35 ms
