10:16:36.114	0:0:0:0:0:0:0:1:53161	admin	REQUEST	[POST] http://localhost:8984/save_dict_file_request?uri=http://localhost:8984/get_dict_file_xml_content_request?file=content/dictionary_f.delahaye_bpri.xml
10:16:36.225	0:0:0:0:0:0:0:1:53161	admin	200		111.32 ms
15:47:51.661	0:0:0:0:0:0:0:1:61102	admin	REQUEST	[POST] http://localhost:8984/save_dict_file_request?uri=http://localhost:8984/get_dict_file_xml_content_request?file=content/dictionary_f.delahaye_bpri.xml
15:47:51.787	0:0:0:0:0:0:0:1:61102	admin	200		126.62 ms
16:02:26.288	0:0:0:0:0:0:0:1:61526	admin	REQUEST	[POST] http://localhost:8984/save_dict_file_request?uri=http://localhost:8984/get_dict_file_xml_content_request?file=content/dictionary_f.delahaye_bpri.xml
16:02:26.390	0:0:0:0:0:0:0:1:61526	admin	200		103.21 ms
16:12:14.810	0:0:0:0:0:0:0:1:61765	admin	REQUEST	[POST] http://localhost:8984/save_dict_file_request?uri=http://localhost:8984/get_dict_file_xml_content_request?file=content/dictionary_f.delahaye_bpri.xml
16:12:14.910	0:0:0:0:0:0:0:1:61765	admin	200		100.86 ms
16:14:49.807	0:0:0:0:0:0:0:1:61832	admin	REQUEST	[POST] http://localhost:8984/save_dict_file_request?uri=http://localhost:8984/get_dict_file_xml_content_request?file=content/dictionary_f.delahaye_bpri.xml
16:14:49.924	0:0:0:0:0:0:0:1:61832	admin	200		117.71 ms
16:16:46.251	0:0:0:0:0:0:0:1:61879	admin	REQUEST	[POST] http://localhost:8984/save_dict_file_request?uri=http://localhost:8984/get_dict_file_xml_content_request?file=content/dictionary_f.delahaye_bpri.xml
16:16:46.357	0:0:0:0:0:0:0:1:61879	admin	200		106.18 ms
16:26:17.753	0:0:0:0:0:0:0:1:62142	admin	REQUEST	[POST] http://localhost:8984/save_dict_file_request?uri=http://localhost:8984/get_dict_file_xml_content_request?file=content/dictionary_f.delahaye_bpri.xml
16:26:17.859	0:0:0:0:0:0:0:1:62142	admin	200		106.86 ms
16:34:53.619	0:0:0:0:0:0:0:1:62395	admin	REQUEST	[POST] http://localhost:8984/save_dict_file_request?uri=http://localhost:8984/get_dict_file_xml_content_request?file=content/dictionary_f.delahaye_bpri.xml
16:34:53.724	0:0:0:0:0:0:0:1:62395	admin	200		105.79 ms
16:58:28.996	0:0:0:0:0:0:0:1:63042	admin	REQUEST	[POST] http://localhost:8984/save_dict_file_request?uri=http://localhost:8984/get_dict_file_xml_content_request?file=content/dictionary_f.delahaye_bpri.xml
16:58:29.104	0:0:0:0:0:0:0:1:63042	admin	200		108.13 ms
17:23:24.828	0:0:0:0:0:0:0:1:63729	admin	REQUEST	[POST] http://localhost:8984/save_dict_file_request?uri=http://localhost:8984/get_dict_file_xml_content_request?file=content/dictionary_f.delahaye_bpri.xml
17:23:24.927	0:0:0:0:0:0:0:1:63729	admin	200		99.36 ms
17:32:18.963	0:0:0:0:0:0:0:1:63937	admin	REQUEST	[POST] http://localhost:8984/save_dict_file_request?uri=http://localhost:8984/get_dict_file_xml_content_request?file=content/dictionary_f.delahaye_bpri.xml
17:32:19.079	0:0:0:0:0:0:0:1:63937	admin	200		117.83 ms
17:38:16.320	0:0:0:0:0:0:0:1:64072	admin	REQUEST	[POST] http://localhost:8984/save_dict_file_request?uri=http://localhost:8984/get_dict_file_xml_content_request?file=content/dictionary_f.delahaye_bpri.xml
17:38:16.421	0:0:0:0:0:0:0:1:64072	admin	200		102.08 ms
17:40:17.661	0:0:0:0:0:0:0:1:64133	admin	REQUEST	[POST] http://localhost:8984/save_dict_file_request?uri=http://localhost:8984/get_dict_file_xml_content_request?file=content/dictionary_f.delahaye_bpri.xml
17:40:17.753	0:0:0:0:0:0:0:1:64133	admin	200		93.06 ms
17:41:08.137	0:0:0:0:0:0:0:1:64133	admin	REQUEST	[POST] http://localhost:8984/save_dict_file_request?uri=http://localhost:8984/get_dict_file_xml_content_request?file=content/dictionary_f.delahaye_bpri.xml
17:41:08.225	0:0:0:0:0:0:0:1:64133	admin	200		88.0 ms
17:42:23.293	0:0:0:0:0:0:0:1:64183	admin	REQUEST	[GET] http://localhost:8984/get_dict_file_content_as_textile_request?file=content/dictionary_f.delahaye_bpri.xml
17:42:24.307	0:0:0:0:0:0:0:1:64183	admin	200		1014.88 ms
17:44:50.733	0:0:0:0:0:0:0:1:64241	admin	REQUEST	[POST] http://localhost:8984/save_dict_file_request?uri=http://localhost:8984/get_dict_file_xml_content_request?file=content/dictionary_f.delahaye_bpri.xml
17:44:50.839	0:0:0:0:0:0:0:1:64241	admin	200		106.78 ms
17:45:01.024	0:0:0:0:0:0:0:1:64241	admin	REQUEST	[GET] http://localhost:8984/get_dict_file_content_as_textile_request?file=content/dictionary_f.delahaye_bpri.xml
17:45:01.872	0:0:0:0:0:0:0:1:64241	admin	200		848.0 ms
17:47:49.142	0:0:0:0:0:0:0:1:64319	admin	REQUEST	[POST] http://localhost:8984/save_dict_file_request?uri=http://localhost:8984/get_dict_file_xml_content_request?file=content/dictionary_f.delahaye_bpri.xml
17:47:49.233	0:0:0:0:0:0:0:1:64319	admin	200		92.2 ms
17:47:59.282	0:0:0:0:0:0:0:1:64319	admin	REQUEST	[GET] http://localhost:8984/get_dict_file_content_as_textile_request?file=content/dictionary_f.delahaye_bpri.xml
17:48:00.252	0:0:0:0:0:0:0:1:64319	admin	200		970.58 ms
17:49:52.965	0:0:0:0:0:0:0:1:64380	admin	REQUEST	[POST] http://localhost:8984/save_dict_file_request?uri=http://localhost:8984/get_dict_file_xml_content_request?file=content/dictionary_f.delahaye_bpri.xml
17:49:53.067	0:0:0:0:0:0:0:1:64380	admin	200		104.2 ms
17:50:32.039	0:0:0:0:0:0:0:1:64380	admin	REQUEST	[POST] http://localhost:8984/save_dict_file_request?uri=http://localhost:8984/get_dict_file_xml_content_request?file=content/dictionary_f.delahaye_bpri.xml
17:50:32.113	0:0:0:0:0:0:0:1:64380	admin	200		74.47 ms
17:50:59.705	0:0:0:0:0:0:0:1:64380	admin	REQUEST	[POST] http://localhost:8984/save_dict_file_request?uri=http://localhost:8984/get_dict_file_xml_content_request?file=content/dictionary_f.delahaye_bpri.xml
17:50:59.784	0:0:0:0:0:0:0:1:64380	admin	200		79.0 ms
17:51:26.372	0:0:0:0:0:0:0:1:64380	admin	REQUEST	[POST] http://localhost:8984/save_dict_file_request?uri=http://localhost:8984/get_dict_file_xml_content_request?file=content/dictionary_f.delahaye_bpri.xml
17:51:26.481	0:0:0:0:0:0:0:1:64380	admin	200		109.74 ms
17:53:25.444	0:0:0:0:0:0:0:1:64476	admin	REQUEST	[POST] http://localhost:8984/save_dict_file_request?uri=http://localhost:8984/get_dict_file_xml_content_request?file=content/dictionary_f.delahaye_bpri.xml
17:53:25.561	0:0:0:0:0:0:0:1:64476	admin	200		117.9 ms
17:53:35.927	0:0:0:0:0:0:0:1:64476	admin	REQUEST	[GET] http://localhost:8984/get_dict_file_content_as_textile_request?file=content/dictionary_f.delahaye_bpri.xml
17:53:36.876	0:0:0:0:0:0:0:1:64476	admin	200		951.21 ms
17:54:24.250	0:0:0:0:0:0:0:1:64476	admin	REQUEST	[POST] http://localhost:8984/save_dict_file_request?uri=http://localhost:8984/get_dict_file_xml_content_request?file=content/dictionary_f.delahaye_bpri.xml
17:54:24.360	0:0:0:0:0:0:0:1:64476	admin	200		111.08 ms
17:54:39.353	0:0:0:0:0:0:0:1:64476	admin	REQUEST	[POST] http://localhost:8984/save_dict_file_request?uri=http://localhost:8984/get_dict_file_xml_content_request?file=content/dictionary_f.delahaye_bpri.xml
17:54:39.432	0:0:0:0:0:0:0:1:64476	admin	200		79.3 ms
17:55:52.915	0:0:0:0:0:0:0:1:64558	admin	REQUEST	[POST] http://localhost:8984/save_dict_file_request?uri=http://localhost:8984/get_dict_file_xml_content_request?file=content/dictionary_f.delahaye_bpri.xml
17:55:53.011	0:0:0:0:0:0:0:1:64558	admin	200		96.54 ms
17:56:05.777	0:0:0:0:0:0:0:1:64558	admin	REQUEST	[POST] http://localhost:8984/save_dict_file_request?uri=http://localhost:8984/get_dict_file_xml_content_request?file=content/dictionary_f.delahaye_bpri.xml
17:56:05.823	0:0:0:0:0:0:0:1:64558	admin	200		46.69 ms
17:56:42.491	0:0:0:0:0:0:0:1:64558	admin	REQUEST	[POST] http://localhost:8984/save_dict_file_request?uri=http://localhost:8984/get_dict_file_xml_content_request?file=content/dictionary_f.delahaye_bpri.xml
17:56:42.580	0:0:0:0:0:0:0:1:64558	admin	200		89.25 ms
17:57:25.955	0:0:0:0:0:0:0:1:64558	admin	REQUEST	[POST] http://localhost:8984/save_dict_file_request?uri=http://localhost:8984/get_dict_file_xml_content_request?file=content/dictionary_f.delahaye_bpri.xml
17:57:26.036	0:0:0:0:0:0:0:1:64558	admin	200		81.58 ms
17:58:45.360	0:0:0:0:0:0:0:1:64631	admin	REQUEST	[GET] http://localhost:8984/get_dict_file_content_as_textile_request?file=content/dictionary_f.delahaye_bpri.xml
17:58:46.258	0:0:0:0:0:0:0:1:64631	admin	200		898.29 ms
18:03:30.875	0:0:0:0:0:0:0:1:64768	admin	REQUEST	[POST] http://localhost:8984/save_dict_file_request?uri=http://localhost:8984/get_dict_file_xml_content_request?file=content/dictionary_f.delahaye_bpri.xml
18:03:30.986	0:0:0:0:0:0:0:1:64768	admin	200		113.36 ms
18:03:34.799	0:0:0:0:0:0:0:1:64768	admin	REQUEST	[GET] http://localhost:8984/get_dict_file_content_as_textile_request?file=content/dictionary_f.delahaye_bpri.xml
18:03:35.724	0:0:0:0:0:0:0:1:64768	admin	200		925.69 ms
18:04:55.717	0:0:0:0:0:0:0:1:64808	admin	REQUEST	[POST] http://localhost:8984/save_dict_file_request?uri=http://localhost:8984/get_dict_file_xml_content_request?file=content/dictionary_f.delahaye_bpri.xml
18:04:55.819	0:0:0:0:0:0:0:1:64808	admin	200		103.13 ms
18:05:03.192	0:0:0:0:0:0:0:1:64808	admin	REQUEST	[GET] http://localhost:8984/get_dict_file_content_as_textile_request?file=content/dictionary_f.delahaye_bpri.xml
18:05:04.121	0:0:0:0:0:0:0:1:64808	admin	200		931.49 ms
18:06:34.582	0:0:0:0:0:0:0:1:64874	admin	REQUEST	[POST] http://localhost:8984/save_dict_file_request?uri=http://localhost:8984/get_dict_file_xml_content_request?file=content/dictionary_f.delahaye_bpri.xml
18:06:34.757	0:0:0:0:0:0:0:1:64874	admin	200		176.34 ms
18:06:44.233	0:0:0:0:0:0:0:1:64874	admin	REQUEST	[GET] http://localhost:8984/get_dict_file_content_as_textile_request?file=content/dictionary_f.delahaye_bpri.xml
18:06:45.271	0:0:0:0:0:0:0:1:64874	admin	200		1038.49 ms
18:08:05.327	0:0:0:0:0:0:0:1:64912	admin	REQUEST	[POST] http://localhost:8984/save_dict_file_request?uri=http://localhost:8984/get_dict_file_xml_content_request?file=content/dictionary_f.delahaye_bpri.xml
18:08:05.428	0:0:0:0:0:0:0:1:64912	admin	200		101.36 ms
18:08:19.205	0:0:0:0:0:0:0:1:64912	admin	REQUEST	[GET] http://localhost:8984/get_dict_file_content_as_textile_request?file=content/dictionary_f.delahaye_bpri.xml
18:08:20.206	0:0:0:0:0:0:0:1:64912	admin	200		1001.51 ms
18:08:53.609	0:0:0:0:0:0:0:1:64912	admin	REQUEST	[POST] http://localhost:8984/save_dict_file_request?uri=http://localhost:8984/get_dict_file_xml_content_request?file=content/dictionary_f.delahaye_bpri.xml
18:08:53.690	0:0:0:0:0:0:0:1:64912	admin	200		80.81 ms
18:08:57.448	0:0:0:0:0:0:0:1:64912	admin	REQUEST	[GET] http://localhost:8984/get_dict_file_content_as_textile_request?file=content/dictionary_f.delahaye_bpri.xml
18:08:58.195	0:0:0:0:0:0:0:1:64912	admin	200		747.84 ms
18:09:35.006	0:0:0:0:0:0:0:1:64912	admin	REQUEST	[POST] http://localhost:8984/save_dict_file_request?uri=http://localhost:8984/get_dict_file_xml_content_request?file=content/dictionary_f.delahaye_bpri.xml
18:09:35.149	0:0:0:0:0:0:0:1:64912	admin	200		144.9 ms
18:09:44.951	0:0:0:0:0:0:0:1:64912	admin	REQUEST	[POST] http://localhost:8984/save_dict_file_request?uri=http://localhost:8984/get_dict_file_xml_content_request?file=content/dictionary_f.delahaye_bpri.xml
18:09:45.006	0:0:0:0:0:0:0:1:64912	admin	200		55.42 ms
18:09:48.424	0:0:0:0:0:0:0:1:64912	admin	REQUEST	[GET] http://localhost:8984/get_dict_file_content_as_textile_request?file=content/dictionary_f.delahaye_bpri.xml
18:09:49.268	0:0:0:0:0:0:0:1:64912	admin	200		844.91 ms
18:15:18.133	0:0:0:0:0:0:0:1:65125	admin	REQUEST	[POST] http://localhost:8984/save_dict_file_request?uri=http://localhost:8984/get_dict_file_xml_content_request?file=content/dictionary_f.delahaye_bpri.xml
18:15:18.216	0:0:0:0:0:0:0:1:65125	admin	200		82.93 ms
18:15:21.642	0:0:0:0:0:0:0:1:65125	admin	REQUEST	[GET] http://localhost:8984/get_dict_file_content_as_textile_request?file=content/dictionary_f.delahaye_bpri.xml
18:15:22.561	0:0:0:0:0:0:0:1:65125	admin	200		919.21 ms
18:16:07.134	0:0:0:0:0:0:0:1:65125	admin	REQUEST	[POST] http://localhost:8984/save_dict_file_request?uri=http://localhost:8984/get_dict_file_xml_content_request?file=content/dictionary_f.delahaye_bpri.xml
18:16:07.220	0:0:0:0:0:0:0:1:65125	admin	200		87.23 ms
18:16:17.080	0:0:0:0:0:0:0:1:65125	admin	REQUEST	[GET] http://localhost:8984/get_dict_file_content_as_textile_request?file=content/dictionary_f.delahaye_bpri.xml
18:16:17.918	0:0:0:0:0:0:0:1:65125	admin	200		838.61 ms
18:17:20.502	0:0:0:0:0:0:0:1:65192	admin	REQUEST	[POST] http://localhost:8984/save_dict_file_request?uri=http://localhost:8984/get_dict_file_xml_content_request?file=content/dictionary_f.delahaye_bpri.xml
18:17:20.605	0:0:0:0:0:0:0:1:65192	admin	200		103.28 ms
18:17:24.454	0:0:0:0:0:0:0:1:65192	admin	REQUEST	[GET] http://localhost:8984/get_dict_file_content_as_textile_request?file=content/dictionary_f.delahaye_bpri.xml
18:17:25.318	0:0:0:0:0:0:0:1:65192	admin	200		865.62 ms
18:32:29.192	0:0:0:0:0:0:0:1:49207	admin	REQUEST	[GET] http://localhost:8984/get_dict_file_content_as_markdown_request?file=content/dictionary_f.delahaye_bpri.xml
18:32:29.383	0:0:0:0:0:0:0:1:49207	admin	200		191.54 ms
18:33:43.095	0:0:0:0:0:0:0:1:49244	admin	REQUEST	[GET] http://localhost:8984/get_dict_file_content_request?file=content/dictionary_f.delahaye_bpri.xml
18:33:43.277	0:0:0:0:0:0:0:1:49244	admin	200		183.2 ms
18:34:21.026	0:0:0:0:0:0:0:1:49244	admin	REQUEST	[POST] http://localhost:8984/save_dict_file_request?uri=http://localhost:8984/get_dict_file_xml_content_request?file=content/dictionary_f.delahaye_bpri.xml
18:34:21.108	0:0:0:0:0:0:0:1:49244	admin	200		84.08 ms
18:34:39.576	0:0:0:0:0:0:0:1:49244	admin	REQUEST	[POST] http://localhost:8984/save_dict_file_request?uri=http://localhost:8984/get_dict_file_xml_content_request?file=content/dictionary_f.delahaye_bpri.xml
18:34:39.634	0:0:0:0:0:0:0:1:49244	admin	200		58.34 ms
18:34:53.968	0:0:0:0:0:0:0:1:49244	admin	REQUEST	[POST] http://localhost:8984/save_dict_file_request?uri=http://localhost:8984/get_dict_file_xml_content_request?file=content/dictionary_f.delahaye_bpri.xml
18:34:54.030	0:0:0:0:0:0:0:1:49244	admin	200		62.64 ms
18:35:15.892	0:0:0:0:0:0:0:1:49244	admin	REQUEST	[GET] http://localhost:8984/get_dict_file_content_as_markdown_request?file=content/dictionary_f.delahaye_bpri.xml
18:35:16.053	0:0:0:0:0:0:0:1:49244	admin	200		162.07 ms
18:35:27.633	0:0:0:0:0:0:0:1:49244	admin	REQUEST	[GET] http://localhost:8984/get_dict_file_content_request?file=content/dictionary_f.delahaye_bpri.xml
18:35:27.762	0:0:0:0:0:0:0:1:49244	admin	200		129.46 ms
19:28:11.916	0:0:0:0:0:0:0:1:51178	admin	REQUEST	[POST] http://localhost:8984/save_dict_file_request?uri=http://localhost:8984/get_dict_file_xml_content_request?file=content/dictionary_f.delahaye_bpri.xml
19:28:12.009	0:0:0:0:0:0:0:1:51178	admin	200		95.76 ms
19:28:48.315	0:0:0:0:0:0:0:1:51178	admin	REQUEST	[POST] http://localhost:8984/save_dict_file_request?uri=http://localhost:8984/get_dict_file_xml_content_request?file=content/dictionary_f.delahaye_bpri.xml
19:28:48.424	0:0:0:0:0:0:0:1:51178	admin	200		109.53 ms
19:29:01.033	0:0:0:0:0:0:0:1:51178	admin	REQUEST	[GET] http://localhost:8984/get_dict_file_content_request?file=content/dictionary_f.delahaye_bpri.xml
19:29:01.164	0:0:0:0:0:0:0:1:51178	admin	200		130.93 ms
19:50:32.957	0:0:0:0:0:0:0:1:51687	admin	REQUEST	[POST] http://localhost:8984/save_dict_file_request?uri=http://localhost:8984/get_dict_file_xml_content_request?file=content/dictionary_f.delahaye_bpri.xml
19:50:33.062	0:0:0:0:0:0:0:1:51687	admin	200		105.82 ms
19:51:12.932	0:0:0:0:0:0:0:1:51687	admin	REQUEST	[GET] http://localhost:8984/get_dict_file_content_as_markdown_request?file=content/dictionary_f.delahaye_bpri.xml
19:51:13.108	0:0:0:0:0:0:0:1:51687	admin	200		176.7 ms
19:52:54.436	0:0:0:0:0:0:0:1:51750	admin	REQUEST	[POST] http://localhost:8984/save_dict_file_request?uri=http://localhost:8984/get_dict_file_xml_content_request?file=content/dictionary_f.delahaye_bpri.xml
19:52:54.535	0:0:0:0:0:0:0:1:51750	admin	200		100.17 ms
19:53:07.072	0:0:0:0:0:0:0:1:51750	admin	REQUEST	[GET] http://localhost:8984/get_dict_file_content_as_textile_request?file=content/dictionary_f.delahaye_bpri.xml
19:53:07.926	0:0:0:0:0:0:0:1:51750	admin	200		854.38 ms
19:53:58.505	0:0:0:0:0:0:0:1:51750	admin	REQUEST	[POST] http://localhost:8984/save_dict_file_request?uri=http://localhost:8984/get_dict_file_xml_content_request?file=content/dictionary_f.delahaye_bpri.xml
19:53:58.615	0:0:0:0:0:0:0:1:51750	admin	200		113.09 ms
19:54:05.908	0:0:0:0:0:0:0:1:51750	admin	REQUEST	[GET] http://localhost:8984/get_dict_file_content_as_textile_request?file=content/dictionary_f.delahaye_bpri.xml
19:54:06.831	0:0:0:0:0:0:0:1:51750	admin	200		923.69 ms
19:55:28.654	0:0:0:0:0:0:0:1:51817	admin	REQUEST	[POST] http://localhost:8984/save_dict_file_request?uri=http://localhost:8984/get_dict_file_xml_content_request?file=content/dictionary_f.delahaye_bpri.xml
19:55:28.795	0:0:0:0:0:0:0:1:51817	admin	200		141.99 ms
19:56:09.842	0:0:0:0:0:0:0:1:51817	admin	REQUEST	[POST] http://localhost:8984/save_dict_file_request?uri=http://localhost:8984/get_dict_file_xml_content_request?file=content/dictionary_f.delahaye_bpri.xml
19:56:09.919	0:0:0:0:0:0:0:1:51817	admin	200		90.25 ms
19:56:29.952	0:0:0:0:0:0:0:1:51817	admin	REQUEST	[GET] http://localhost:8984/get_dict_file_content_as_textile_request?file=content/dictionary_f.delahaye_bpri.xml
19:56:30.863	0:0:0:0:0:0:0:1:51817	admin	200		915.33 ms
19:57:13.800	0:0:0:0:0:0:0:1:51817	admin	REQUEST	[POST] http://localhost:8984/save_dict_file_request?uri=http://localhost:8984/get_dict_file_xml_content_request?file=content/dictionary_f.delahaye_bpri.xml
19:57:13.888	0:0:0:0:0:0:0:1:51817	admin	200		89.66 ms
19:57:17.409	0:0:0:0:0:0:0:1:51817	admin	REQUEST	[GET] http://localhost:8984/get_dict_file_content_as_textile_request?file=content/dictionary_f.delahaye_bpri.xml
19:57:18.316	0:0:0:0:0:0:0:1:51817	admin	200		906.99 ms
19:57:46.991	0:0:0:0:0:0:0:1:51817	admin	REQUEST	[POST] http://localhost:8984/save_dict_file_request?uri=http://localhost:8984/get_dict_file_xml_content_request?file=content/dictionary_f.delahaye_bpri.xml
19:57:47.050	0:0:0:0:0:0:0:1:51817	admin	200		59.89 ms
19:57:50.679	0:0:0:0:0:0:0:1:51817	admin	REQUEST	[GET] http://localhost:8984/get_dict_file_content_as_textile_request?file=content/dictionary_f.delahaye_bpri.xml
19:57:51.449	0:0:0:0:0:0:0:1:51817	admin	200		769.64 ms
19:58:26.563	0:0:0:0:0:0:0:1:51817	admin	REQUEST	[POST] http://localhost:8984/save_dict_file_request?uri=http://localhost:8984/get_dict_file_xml_content_request?file=content/dictionary_f.delahaye_bpri.xml
19:58:26.670	0:0:0:0:0:0:0:1:51817	admin	200		108.33 ms
19:58:30.085	0:0:0:0:0:0:0:1:51817	admin	REQUEST	[GET] http://localhost:8984/get_dict_file_content_as_textile_request?file=content/dictionary_f.delahaye_bpri.xml
19:58:30.974	0:0:0:0:0:0:0:1:51817	admin	200		890.57 ms
19:59:06.356	0:0:0:0:0:0:0:1:51817	admin	REQUEST	[POST] http://localhost:8984/save_dict_file_request?uri=http://localhost:8984/get_dict_file_xml_content_request?file=content/dictionary_f.delahaye_bpri.xml
19:59:06.418	0:0:0:0:0:0:0:1:51817	admin	200		63.63 ms
19:59:10.048	0:0:0:0:0:0:0:1:51817	admin	REQUEST	[GET] http://localhost:8984/get_dict_file_content_as_textile_request?file=content/dictionary_f.delahaye_bpri.xml
19:59:10.903	0:0:0:0:0:0:0:1:51817	admin	200		855.05 ms
20:01:04.995	0:0:0:0:0:0:0:1:51959	admin	REQUEST	[POST] http://localhost:8984/save_dict_file_request?uri=http://localhost:8984/get_dict_file_xml_content_request?file=content/dictionary_f.delahaye_bpri.xml
20:01:05.091	0:0:0:0:0:0:0:1:51959	admin	200		98.32 ms
20:01:10.397	0:0:0:0:0:0:0:1:51959	admin	REQUEST	[GET] http://localhost:8984/get_dict_file_content_as_textile_request?file=content/dictionary_f.delahaye_bpri.xml
20:01:11.262	0:0:0:0:0:0:0:1:51959	admin	200		865.09 ms
20:02:22.754	0:0:0:0:0:0:0:1:51992	admin	REQUEST	[POST] http://localhost:8984/save_dict_file_request?uri=http://localhost:8984/get_dict_file_xml_content_request?file=content/dictionary_f.delahaye_bpri.xml
20:02:22.868	0:0:0:0:0:0:0:1:51992	admin	200		114.67 ms
20:02:27.088	0:0:0:0:0:0:0:1:51992	admin	REQUEST	[GET] http://localhost:8984/get_dict_file_content_as_textile_request?file=content/dictionary_f.delahaye_bpri.xml
20:02:27.983	0:0:0:0:0:0:0:1:51992	admin	200		898.09 ms
20:03:01.447	0:0:0:0:0:0:0:1:51992	admin	REQUEST	[POST] http://localhost:8984/save_dict_file_request?uri=http://localhost:8984/get_dict_file_xml_content_request?file=content/dictionary_f.delahaye_bpri.xml
20:03:01.595	0:0:0:0:0:0:0:1:51992	admin	200		150.84 ms
20:03:05.457	0:0:0:0:0:0:0:1:51992	admin	REQUEST	[GET] http://localhost:8984/get_dict_file_content_as_textile_request?file=content/dictionary_f.delahaye_bpri.xml
20:03:06.446	0:0:0:0:0:0:0:1:51992	admin	200		994.08 ms
20:03:36.403	0:0:0:0:0:0:0:1:51992	admin	REQUEST	[POST] http://localhost:8984/save_dict_file_request?uri=http://localhost:8984/get_dict_file_xml_content_request?file=content/dictionary_f.delahaye_bpri.xml
20:03:36.547	0:0:0:0:0:0:0:1:51992	admin	200		146.6 ms
20:03:48.355	0:0:0:0:0:0:0:1:51992	admin	REQUEST	[GET] http://localhost:8984/get_dict_file_content_as_textile_request?file=content/dictionary_f.delahaye_bpri.xml
20:03:49.186	0:0:0:0:0:0:0:1:51992	admin	200		831.15 ms
20:05:12.419	0:0:0:0:0:0:0:1:52061	admin	REQUEST	[POST] http://localhost:8984/save_dict_file_request?uri=http://localhost:8984/get_dict_file_xml_content_request?file=content/dictionary_f.delahaye_bpri.xml
20:05:12.496	0:0:0:0:0:0:0:1:52061	admin	200		77.83 ms
20:05:18.260	0:0:0:0:0:0:0:1:52061	admin	REQUEST	[GET] http://localhost:8984/get_dict_file_content_as_textile_request?file=content/dictionary_f.delahaye_bpri.xml
20:05:19.176	0:0:0:0:0:0:0:1:52061	admin	200		916.43 ms
20:05:36.094	0:0:0:0:0:0:0:1:52061	admin	REQUEST	[POST] http://localhost:8984/save_dict_file_request?uri=http://localhost:8984/get_dict_file_xml_content_request?file=content/dictionary_f.delahaye_bpri.xml
20:05:36.145	0:0:0:0:0:0:0:1:52061	admin	200		51.2 ms
20:05:39.669	0:0:0:0:0:0:0:1:52061	admin	REQUEST	[GET] http://localhost:8984/get_dict_file_content_as_textile_request?file=content/dictionary_f.delahaye_bpri.xml
20:05:40.441	0:0:0:0:0:0:0:1:52061	admin	200		772.81 ms
20:06:08.611	0:0:0:0:0:0:0:1:52061	admin	REQUEST	[POST] http://localhost:8984/save_dict_file_request?uri=http://localhost:8984/get_dict_file_xml_content_request?file=content/dictionary_f.delahaye_bpri.xml
20:06:08.698	0:0:0:0:0:0:0:1:52061	admin	200		87.78 ms
20:06:12.691	0:0:0:0:0:0:0:1:52061	admin	REQUEST	[GET] http://localhost:8984/get_dict_file_content_as_textile_request?file=content/dictionary_f.delahaye_bpri.xml
20:06:13.557	0:0:0:0:0:0:0:1:52061	admin	200		866.24 ms
20:06:21.551	0:0:0:0:0:0:0:1:52061	admin	REQUEST	[POST] http://localhost:8984/save_dict_file_request?uri=http://localhost:8984/get_dict_file_xml_content_request?file=content/dictionary_f.delahaye_bpri.xml
20:06:21.602	0:0:0:0:0:0:0:1:52061	admin	200		51.53 ms
20:06:34.462	0:0:0:0:0:0:0:1:52061	admin	REQUEST	[POST] http://localhost:8984/save_dict_file_request?uri=http://localhost:8984/get_dict_file_xml_content_request?file=content/dictionary_f.delahaye_bpri.xml
20:06:34.528	0:0:0:0:0:0:0:1:52061	admin	200		66.7 ms
20:06:39.388	0:0:0:0:0:0:0:1:52061	admin	REQUEST	[GET] http://localhost:8984/get_dict_file_content_as_textile_request?file=content/dictionary_f.delahaye_bpri.xml
20:06:40.211	0:0:0:0:0:0:0:1:52061	admin	200		824.13 ms
20:06:49.151	0:0:0:0:0:0:0:1:52061	admin	REQUEST	[POST] http://localhost:8984/save_dict_file_request?uri=http://localhost:8984/get_dict_file_xml_content_request?file=content/dictionary_f.delahaye_bpri.xml
20:06:49.226	0:0:0:0:0:0:0:1:52061	admin	200		76.09 ms
20:06:54.884	0:0:0:0:0:0:0:1:52061	admin	REQUEST	[GET] http://localhost:8984/get_dict_file_content_as_textile_request?file=content/dictionary_f.delahaye_bpri.xml
20:06:55.702	0:0:0:0:0:0:0:1:52061	admin	200		818.65 ms
20:07:42.911	0:0:0:0:0:0:0:1:52061	admin	REQUEST	[POST] http://localhost:8984/save_dict_file_request?uri=http://localhost:8984/get_dict_file_xml_content_request?file=content/dictionary_f.delahaye_bpri.xml
20:07:43.033	0:0:0:0:0:0:0:1:52061	admin	200		123.4 ms
20:07:46.935	0:0:0:0:0:0:0:1:52061	admin	REQUEST	[GET] http://localhost:8984/get_dict_file_content_as_textile_request?file=content/dictionary_f.delahaye_bpri.xml
20:07:47.771	0:0:0:0:0:0:0:1:52061	admin	200		836.3 ms
20:08:55.551	0:0:0:0:0:0:0:1:52147	admin	REQUEST	[POST] http://localhost:8984/save_dict_file_request?uri=http://localhost:8984/get_dict_file_xml_content_request?file=content/dictionary_f.delahaye_bpri.xml
20:08:55.650	0:0:0:0:0:0:0:1:52147	admin	200		99.77 ms
20:09:03.417	0:0:0:0:0:0:0:1:52147	admin	REQUEST	[GET] http://localhost:8984/get_dict_file_content_as_textile_request?file=content/dictionary_f.delahaye_bpri.xml
20:09:04.230	0:0:0:0:0:0:0:1:52147	admin	200		813.64 ms
20:13:58.247	0:0:0:0:0:0:0:1:52261	admin	REQUEST	[POST] http://localhost:8984/save_dict_file_request?uri=http://localhost:8984/get_dict_file_xml_content_request?file=content/dictionary_f.delahaye_bpri.xml
20:13:58.352	0:0:0:0:0:0:0:1:52261	admin	200		106.06 ms
20:14:02.801	0:0:0:0:0:0:0:1:52261	admin	REQUEST	[GET] http://localhost:8984/get_dict_file_content_as_textile_request?file=content/dictionary_f.delahaye_bpri.xml
20:14:03.600	0:0:0:0:0:0:0:1:52261	admin	200		798.92 ms
20:16:10.479	0:0:0:0:0:0:0:1:52316	admin	REQUEST	[POST] http://localhost:8984/save_dict_file_request?uri=http://localhost:8984/get_dict_file_xml_content_request?file=content/dictionary_f.delahaye_bpri.xml
20:16:10.576	0:0:0:0:0:0:0:1:52316	admin	200		97.96 ms
20:16:14.357	0:0:0:0:0:0:0:1:52316	admin	REQUEST	[GET] http://localhost:8984/get_dict_file_content_as_textile_request?file=content/dictionary_f.delahaye_bpri.xml
20:16:15.202	0:0:0:0:0:0:0:1:52316	admin	200		845.91 ms
