08:39:14.838	0:0:0:0:0:0:0:1:65251	admin	REQUEST	[GET] http://localhost:8984/edit_dict_file_request?file=content/dictionary_f.delahaye.xml
08:39:14.898	0:0:0:0:0:0:0:1:65251	admin	200		61.13 ms
08:39:15.908	0:0:0:0:0:0:0:1:65251	admin	REQUEST	[GET] http://localhost:8984/edit_dict_file_request?file=content/dictionary_f.delahaye.xml
08:39:15.939	0:0:0:0:0:0:0:1:65251	admin	200		32.17 ms
08:39:16.023	0:0:0:0:0:0:0:1:65251	admin	REQUEST	[GET] http://localhost:8984/get_dict_file_xml_content_request?file=content/dictionary_f.delahaye.xml
08:39:16.056	0:0:0:0:0:0:0:1:65251	admin	200		33.32 ms
08:39:27.880	0:0:0:0:0:0:0:1:65251	admin	REQUEST	[GET] http://localhost:8984/edit_dict_file_request?file=content/dictionary_f.delahaye_bpri.xml
08:39:27.902	0:0:0:0:0:0:0:1:65251	admin	200		22.31 ms
08:39:28.921	0:0:0:0:0:0:0:1:65251	admin	REQUEST	[GET] http://localhost:8984/edit_dict_file_request?file=content/dictionary_f.delahaye_bpri.xml
08:39:28.954	0:0:0:0:0:0:0:1:65251	admin	200		33.81 ms
08:39:29.001	0:0:0:0:0:0:0:1:65251	admin	REQUEST	[GET] http://localhost:8984/get_dict_file_xml_content_request?file=content/dictionary_f.delahaye_bpri.xml
08:39:29.048	0:0:0:0:0:0:0:1:65251	admin	200		48.6 ms
09:12:11.543	0:0:0:0:0:0:0:1:49334	admin	REQUEST	[POST] http://localhost:8984/save_dict_file_request?uri=http://localhost:8984/get_dict_file_xml_content_request?file=content/dictionary_f.delahaye_bpri.xml
09:12:11.672	0:0:0:0:0:0:0:1:49334	admin	200		130.56 ms
09:12:32.833	0:0:0:0:0:0:0:1:49334	admin	REQUEST	[GET] http://localhost:8984/get_dict_file_content_as_textile_v2_request?file=content/dictionary_f.delahaye_bpri.xml
09:12:32.999	0:0:0:0:0:0:0:1:49334	admin	200		166.1 ms
09:14:52.373	0:0:0:0:0:0:0:1:49370	admin	REQUEST	[GET] http://localhost:8984/get_dict_file_content_as_textile_request?file=content/dictionary_f.delahaye_bpri.xml
09:14:53.401	0:0:0:0:0:0:0:1:49370	admin	200		1027.97 ms
09:19:04.144	0:0:0:0:0:0:0:1:49423	admin	REQUEST	[GET] http://localhost:8984/get_dict_file_content_as_textile_request?file=content/dictionary_f.delahaye_bpri.xml
09:19:05.174	0:0:0:0:0:0:0:1:49423	admin	200		1032.17 ms
09:19:22.802	0:0:0:0:0:0:0:1:49423	admin	REQUEST	[GET] http://localhost:8984/get_dict_file_content_as_textile_request?file=content/dictionary_f.delahaye_bpri.xml
09:19:23.726	0:0:0:0:0:0:0:1:49423	admin	200		924.88 ms
09:19:35.856	0:0:0:0:0:0:0:1:49423	admin	REQUEST	[GET] http://localhost:8984/get_dict_file_content_as_textile_v2_request?file=content/dictionary_f.delahaye_bpri.xml
09:19:36.009	0:0:0:0:0:0:0:1:49423	admin	200		156.37 ms
09:19:57.580	0:0:0:0:0:0:0:1:49423	admin	REQUEST	[GET] http://localhost:8984/get_dict_file_content_as_textile_v2_request?file=content/dictionary_f.delahaye_bpri.xml
09:19:57.707	0:0:0:0:0:0:0:1:49423	admin	200		128.03 ms
09:21:01.187	0:0:0:0:0:0:0:1:49449	admin	REQUEST	[POST] http://localhost:8984/save_dict_file_request?uri=http://localhost:8984/get_dict_file_xml_content_request?file=content/dictionary_f.delahaye_bpri.xml
09:21:01.277	0:0:0:0:0:0:0:1:49449	admin	200		90.57 ms
09:21:05.807	0:0:0:0:0:0:0:1:49449	admin	REQUEST	[GET] http://localhost:8984/get_dict_file_content_as_textile_v2_request?file=content/dictionary_f.delahaye_bpri.xml
09:21:05.935	0:0:0:0:0:0:0:1:49449	admin	200		127.75 ms
09:21:10.846	0:0:0:0:0:0:0:1:49449	admin	REQUEST	[GET] http://localhost:8984/get_dict_file_content_as_textile_request?file=content/dictionary_f.delahaye_bpri.xml
09:21:11.776	0:0:0:0:0:0:0:1:49449	admin	200		930.56 ms
09:31:10.591	0:0:0:0:0:0:0:1:49574	admin	REQUEST	[GET] http://localhost:8984/edit_dict_file_request?file=content/dictionary_f.delahaye_bpri.xml
09:31:10.647	0:0:0:0:0:0:0:1:49574	admin	200		57.35 ms
09:31:10.659	0:0:0:0:0:0:0:1:49574	admin	REQUEST	[GET] http://localhost:8984/edit_dict_file_request?file=content/dictionary_f.delahaye_bpri.xml
09:31:10.677	0:0:0:0:0:0:0:1:49574	admin	200		18.27 ms
09:31:10.705	0:0:0:0:0:0:0:1:49574	admin	REQUEST	[GET] http://localhost:8984/get_dict_file_xml_content_request?file=content/dictionary_f.delahaye_bpri.xml
09:31:10.737	0:0:0:0:0:0:0:1:49574	admin	200		33.01 ms
09:31:25.313	0:0:0:0:0:0:0:1:49600	admin	REQUEST	[GET] http://localhost:8984/edit_dict_file_request?file=content/dictionary_f.delahaye_bpri.xml
09:31:25.348	0:0:0:0:0:0:0:1:49600	admin	200		35.76 ms
09:31:25.372	0:0:0:0:0:0:0:1:49600	admin	REQUEST	[GET] http://localhost:8984/edit_dict_file_request?file=content/dictionary_f.delahaye_bpri.xml
09:31:25.381	0:0:0:0:0:0:0:1:49600	admin	200		8.97 ms
09:31:25.423	0:0:0:0:0:0:0:1:49600	admin	REQUEST	[GET] http://localhost:8984/get_dict_file_xml_content_request?file=content/dictionary_f.delahaye_bpri.xml
09:31:25.443	0:0:0:0:0:0:0:1:49600	admin	200		19.79 ms
09:32:00.253	0:0:0:0:0:0:0:1:49574	admin	REQUEST	[POST] http://localhost:8984/save_dict_file_request?uri=http://localhost:8984/get_dict_file_xml_content_request?file=content/dictionary_f.delahaye_bpri.xml
09:32:00.340	0:0:0:0:0:0:0:1:49574	admin	200		88.03 ms
09:32:37.642	0:0:0:0:0:0:0:1:49910	admin	REQUEST	[GET] http://localhost:8984/edit_dict_file_request?file=content/dictionary_f.delahaye_bpri.xml
09:32:37.710	0:0:0:0:0:0:0:1:49910	admin	200		70.95 ms
09:32:37.727	0:0:0:0:0:0:0:1:49913	admin	REQUEST	[GET] http://localhost:8984/edit_dict_file_request?file=content/dictionary_f.delahaye_bpri.xml
09:32:37.737	0:0:0:0:0:0:0:1:49913	admin	200		10.19 ms
09:32:37.772	0:0:0:0:0:0:0:1:49913	admin	REQUEST	[GET] http://localhost:8984/get_dict_file_xml_content_request?file=content/dictionary_f.delahaye_bpri.xml
09:32:37.794	0:0:0:0:0:0:0:1:49913	admin	200		21.55 ms
09:33:16.521	0:0:0:0:0:0:0:1:49912	admin	REQUEST	[POST] http://localhost:8984/save_dict_file_request?uri=http://localhost:8984/get_dict_file_xml_content_request?file=content/dictionary_f.delahaye_bpri.xml
09:33:16.627	0:0:0:0:0:0:0:1:49912	admin	200		106.15 ms
09:37:21.167	0:0:0:0:0:0:0:1:51103	admin	REQUEST	[POST] http://localhost:8984/save_dict_file_request?uri=http://localhost:8984/get_dict_file_xml_content_request?file=content/dictionary_f.delahaye_bpri.xml
09:37:21.313	0:0:0:0:0:0:0:1:51103	admin	200		146.69 ms
09:49:30.325	0:0:0:0:0:0:0:1:54197	admin	REQUEST	[POST] http://localhost:8984/save_dict_file_request?uri=http://localhost:8984/get_dict_file_xml_content_request?file=content/dictionary_f.delahaye_bpri.xml
09:49:30.463	0:0:0:0:0:0:0:1:54197	admin	200		139.73 ms
09:49:37.243	0:0:0:0:0:0:0:1:54197	admin	REQUEST	[GET] http://localhost:8984/get_dict_file_content_as_textile_request?file=content/dictionary_f.delahaye_bpri.xml
09:49:38.215	0:0:0:0:0:0:0:1:54197	admin	200		972.4 ms
09:50:03.554	0:0:0:0:0:0:0:1:54197	admin	REQUEST	[POST] http://localhost:8984/save_dict_file_request?uri=http://localhost:8984/get_dict_file_xml_content_request?file=content/dictionary_f.delahaye_bpri.xml
09:50:03.626	0:0:0:0:0:0:0:1:54197	admin	200		71.91 ms
09:50:09.757	0:0:0:0:0:0:0:1:54197	admin	REQUEST	[GET] http://localhost:8984/get_dict_file_content_as_textile_request?file=content/dictionary_f.delahaye_bpri.xml
09:50:10.770	0:0:0:0:0:0:0:1:54197	admin	200		1018.92 ms
09:50:21.876	0:0:0:0:0:0:0:1:54197	admin	REQUEST	[POST] http://localhost:8984/save_dict_file_request?uri=http://localhost:8984/get_dict_file_xml_content_request?file=content/dictionary_f.delahaye_bpri.xml
09:50:22.102	0:0:0:0:0:0:0:1:54197	admin	200		228.99 ms
09:50:26.135	0:0:0:0:0:0:0:1:54197	admin	REQUEST	[GET] http://localhost:8984/get_dict_file_content_as_textile_request?file=content/dictionary_f.delahaye_bpri.xml
09:50:27.732	0:0:0:0:0:0:0:1:54197	admin	200		1598.19 ms
09:50:35.721	0:0:0:0:0:0:0:1:54197	admin	REQUEST	[POST] http://localhost:8984/save_dict_file_request?uri=http://localhost:8984/get_dict_file_xml_content_request?file=content/dictionary_f.delahaye_bpri.xml
09:50:35.798	0:0:0:0:0:0:0:1:54197	admin	200		77.0 ms
09:50:39.454	0:0:0:0:0:0:0:1:54197	admin	REQUEST	[GET] http://localhost:8984/get_dict_file_content_as_textile_request?file=content/dictionary_f.delahaye_bpri.xml
09:50:39.894	0:0:0:0:0:0:0:1:54197	admin	200		440.54 ms
09:51:11.660	0:0:0:0:0:0:0:1:54197	admin	REQUEST	[GET] http://localhost:8984/get_dict_file_content_as_textile_v2_request?file=content/dictionary_f.delahaye_bpri.xml
09:51:11.801	0:0:0:0:0:0:0:1:54197	admin	200		142.34 ms
09:52:34.781	0:0:0:0:0:0:0:1:54977	admin	REQUEST	[POST] http://localhost:8984/save_dict_file_request?uri=http://localhost:8984/get_dict_file_xml_content_request?file=content/dictionary_f.delahaye_bpri.xml
09:52:34.862	0:0:0:0:0:0:0:1:54977	admin	200		81.33 ms
09:52:45.591	0:0:0:0:0:0:0:1:54977	admin	REQUEST	[GET] http://localhost:8984/get_dict_file_content_as_textile_request?file=content/dictionary_f.delahaye_bpri.xml
09:52:46.491	0:0:0:0:0:0:0:1:54977	admin	200		899.92 ms
09:53:07.515	0:0:0:0:0:0:0:1:54977	admin	REQUEST	[POST] http://localhost:8984/save_dict_file_request?uri=http://localhost:8984/get_dict_file_xml_content_request?file=content/dictionary_f.delahaye_bpri.xml
09:53:07.581	0:0:0:0:0:0:0:1:54977	admin	200		66.35 ms
09:53:34.026	0:0:0:0:0:0:0:1:54977	admin	REQUEST	[POST] http://localhost:8984/save_dict_file_request?uri=http://localhost:8984/get_dict_file_xml_content_request?file=content/dictionary_f.delahaye_bpri.xml
09:53:34.089	0:0:0:0:0:0:0:1:54977	admin	200		63.74 ms
09:53:43.527	0:0:0:0:0:0:0:1:54977	admin	REQUEST	[GET] http://localhost:8984/get_dict_file_content_as_textile_request?file=content/dictionary_f.delahaye_bpri.xml
09:53:44.428	0:0:0:0:0:0:0:1:54977	admin	200		901.26 ms
09:54:02.579	0:0:0:0:0:0:0:1:54977	admin	REQUEST	[GET] http://localhost:8984/get_dict_file_content_as_textile_v2_request?file=content/dictionary_f.delahaye_bpri.xml
09:54:02.695	0:0:0:0:0:0:0:1:54977	admin	200		116.87 ms
09:54:49.977	0:0:0:0:0:0:0:1:54977	admin	REQUEST	[POST] http://localhost:8984/save_dict_file_request?uri=http://localhost:8984/get_dict_file_xml_content_request?file=content/dictionary_f.delahaye_bpri.xml
09:54:50.077	0:0:0:0:0:0:0:1:54977	admin	200		101.06 ms
09:54:53.793	0:0:0:0:0:0:0:1:54977	admin	REQUEST	[GET] http://localhost:8984/get_dict_file_content_as_textile_request?file=content/dictionary_f.delahaye_bpri.xml
09:54:54.978	0:0:0:0:0:0:0:1:54977	admin	200		1187.52 ms
09:55:52.239	0:0:0:0:0:0:0:1:54977	admin	REQUEST	[POST] http://localhost:8984/save_dict_file_request?uri=http://localhost:8984/get_dict_file_xml_content_request?file=content/dictionary_f.delahaye_bpri.xml
09:55:52.388	0:0:0:0:0:0:0:1:54977	admin	200		150.39 ms
09:55:59.784	0:0:0:0:0:0:0:1:54977	admin	REQUEST	[GET] http://localhost:8984/get_dict_file_content_as_textile_request?file=content/dictionary_f.delahaye_bpri.xml
09:56:00.840	0:0:0:0:0:0:0:1:54977	admin	200		1057.15 ms
09:56:33.248	0:0:0:0:0:0:0:1:54977	admin	REQUEST	[POST] http://localhost:8984/save_dict_file_request?uri=http://localhost:8984/get_dict_file_xml_content_request?file=content/dictionary_f.delahaye_bpri.xml
09:56:33.331	0:0:0:0:0:0:0:1:54977	admin	200		83.02 ms
09:56:40.734	0:0:0:0:0:0:0:1:54977	admin	REQUEST	[GET] http://localhost:8984/get_dict_file_content_as_textile_request?file=content/dictionary_f.delahaye_bpri.xml
09:56:41.625	0:0:0:0:0:0:0:1:54977	admin	200		892.04 ms
09:56:56.040	0:0:0:0:0:0:0:1:54977	admin	REQUEST	[POST] http://localhost:8984/save_dict_file_request?uri=http://localhost:8984/get_dict_file_xml_content_request?file=content/dictionary_f.delahaye_bpri.xml
09:56:56.105	0:0:0:0:0:0:0:1:54977	admin	200		65.4 ms
09:57:00.951	0:0:0:0:0:0:0:1:54977	admin	REQUEST	[GET] http://localhost:8984/get_dict_file_content_as_textile_request?file=content/dictionary_f.delahaye_bpri.xml
09:57:01.971	0:0:0:0:0:0:0:1:54977	admin	200		1020.61 ms
09:57:20.510	0:0:0:0:0:0:0:1:54977	admin	REQUEST	[POST] http://localhost:8984/save_dict_file_request?uri=http://localhost:8984/get_dict_file_xml_content_request?file=content/dictionary_f.delahaye_bpri.xml
09:57:20.599	0:0:0:0:0:0:0:1:54977	admin	200		89.78 ms
09:57:24.598	0:0:0:0:0:0:0:1:54977	admin	REQUEST	[GET] http://localhost:8984/get_dict_file_content_as_textile_request?file=content/dictionary_f.delahaye_bpri.xml
09:57:25.473	0:0:0:0:0:0:0:1:54977	admin	200		879.39 ms
10:00:42.731	0:0:0:0:0:0:0:1:57023	admin	REQUEST	[POST] http://localhost:8984/save_dict_file_request?uri=http://localhost:8984/get_dict_file_xml_content_request?file=content/dictionary_f.delahaye_bpri.xml
10:00:42.942	0:0:0:0:0:0:0:1:57023	admin	200		213.42 ms
10:00:47.129	0:0:0:0:0:0:0:1:57023	admin	REQUEST	[GET] http://localhost:8984/get_dict_file_content_as_textile_request?file=content/dictionary_f.delahaye_bpri.xml
10:00:48.370	0:0:0:0:0:0:0:1:57023	admin	200		1243.44 ms
10:02:13.570	0:0:0:0:0:0:0:1:57410	admin	REQUEST	[POST] http://localhost:8984/save_dict_file_request?uri=http://localhost:8984/get_dict_file_xml_content_request?file=content/dictionary_f.delahaye_bpri.xml
10:02:13.719	0:0:0:0:0:0:0:1:57410	admin	200		150.33 ms
10:02:19.584	0:0:0:0:0:0:0:1:57410	admin	REQUEST	[GET] http://localhost:8984/get_dict_file_content_as_textile_request?file=content/dictionary_f.delahaye_bpri.xml
10:02:20.713	0:0:0:0:0:0:0:1:57410	admin	200		1131.71 ms
10:02:28.602	0:0:0:0:0:0:0:1:57410	admin	REQUEST	[GET] http://localhost:8984/get_dict_file_content_as_textile_v2_request?file=content/dictionary_f.delahaye_bpri.xml
10:02:28.760	0:0:0:0:0:0:0:1:57410	admin	200		160.8 ms
10:21:22.525	0:0:0:0:0:0:0:1:62221	admin	REQUEST	[POST] http://localhost:8984/save_dict_file_request?uri=http://localhost:8984/get_dict_file_xml_content_request?file=content/dictionary_f.delahaye_bpri.xml
10:21:22.853	0:0:0:0:0:0:0:1:62221	admin	200		340.39 ms
10:21:43.203	0:0:0:0:0:0:0:1:62221	admin	REQUEST	[GET] http://localhost:8984/get_dict_file_content_as_textile_request?file=content/dictionary_f.delahaye_bpri.xml
10:21:44.790	0:0:0:0:0:0:0:1:62221	admin	200		1590.19 ms
10:23:20.056	0:0:0:0:0:0:0:1:62719	admin	REQUEST	[POST] http://localhost:8984/save_dict_file_request?uri=http://localhost:8984/get_dict_file_xml_content_request?file=content/dictionary_f.delahaye_bpri.xml
10:23:20.247	0:0:0:0:0:0:0:1:62719	admin	200		195.2 ms
10:29:21.619	0:0:0:0:0:0:0:1:64236	admin	REQUEST	[POST] http://localhost:8984/save_dict_file_request?uri=http://localhost:8984/get_dict_file_xml_content_request?file=content/dictionary_f.delahaye_bpri.xml
10:29:21.794	0:0:0:0:0:0:0:1:64236	admin	200		180.34 ms
10:56:21.018	0:0:0:0:0:0:0:1:54019	admin	REQUEST	[POST] http://localhost:8984/save_dict_file_request?uri=http://localhost:8984/get_dict_file_xml_content_request?file=content/dictionary_f.delahaye_bpri.xml
10:56:21.113	0:0:0:0:0:0:0:1:54019	admin	200		95.43 ms
10:57:02.266	0:0:0:0:0:0:0:1:54019	admin	REQUEST	[POST] http://localhost:8984/save_dict_file_request?uri=http://localhost:8984/get_dict_file_xml_content_request?file=content/dictionary_f.delahaye_bpri.xml
10:57:02.460	0:0:0:0:0:0:0:1:54019	admin	200		200.09 ms
10:58:45.817	0:0:0:0:0:0:0:1:54623	admin	REQUEST	[POST] http://localhost:8984/save_dict_file_request?uri=http://localhost:8984/get_dict_file_xml_content_request?file=content/dictionary_f.delahaye_bpri.xml
10:58:45.977	0:0:0:0:0:0:0:1:54623	admin	200		161.19 ms
10:59:07.218	0:0:0:0:0:0:0:1:54623	admin	REQUEST	[POST] http://localhost:8984/save_dict_file_request?uri=http://localhost:8984/get_dict_file_xml_content_request?file=content/dictionary_f.delahaye_bpri.xml
10:59:07.305	0:0:0:0:0:0:0:1:54623	admin	200		88.03 ms
11:00:24.515	0:0:0:0:0:0:0:1:55036	admin	REQUEST	[POST] http://localhost:8984/save_dict_file_request?uri=http://localhost:8984/get_dict_file_xml_content_request?file=content/dictionary_f.delahaye_bpri.xml
11:00:24.686	0:0:0:0:0:0:0:1:55036	admin	200		175.31 ms
11:01:50.203	0:0:0:0:0:0:0:1:55392	admin	REQUEST	[POST] http://localhost:8984/save_dict_file_request?uri=http://localhost:8984/get_dict_file_xml_content_request?file=content/dictionary_f.delahaye_bpri.xml
11:01:50.291	0:0:0:0:0:0:0:1:55392	admin	200		88.27 ms
11:01:55.773	0:0:0:0:0:0:0:1:55392	admin	REQUEST	[GET] http://localhost:8984/get_dict_file_content_as_textile_request?file=content/dictionary_f.delahaye_bpri.xml
11:01:57.159	0:0:0:0:0:0:0:1:55392	admin	200		1390.01 ms
11:02:28.054	0:0:0:0:0:0:0:1:55392	admin	REQUEST	[POST] http://localhost:8984/save_dict_file_request?uri=http://localhost:8984/get_dict_file_xml_content_request?file=content/dictionary_f.delahaye_bpri.xml
11:02:28.223	0:0:0:0:0:0:0:1:55392	admin	200		171.24 ms
11:14:05.121	0:0:0:0:0:0:0:1:58492	admin	REQUEST	[POST] http://localhost:8984/save_dict_file_request?uri=http://localhost:8984/get_dict_file_xml_content_request?file=content/dictionary_f.delahaye_bpri.xml
11:14:05.370	0:0:0:0:0:0:0:1:58492	admin	200		259.67 ms
11:14:39.041	0:0:0:0:0:0:0:1:58492	admin	REQUEST	[GET] http://localhost:8984/get_dict_file_content_as_textile_request?file=content/dictionary_f.delahaye_bpri.xml
11:14:40.267	0:0:0:0:0:0:0:1:58492	admin	200		1231.68 ms
11:20:43.757	0:0:0:0:0:0:0:1:60167	admin	REQUEST	[POST] http://localhost:8984/save_dict_file_request?uri=http://localhost:8984/get_dict_file_xml_content_request?file=content/dictionary_f.delahaye_bpri.xml
11:20:44.046	0:0:0:0:0:0:0:1:60167	admin	200		299.11 ms
11:20:54.892	0:0:0:0:0:0:0:1:60167	admin	REQUEST	[GET] http://localhost:8984/get_dict_file_content_as_textile_request?file=content/dictionary_f.delahaye_bpri.xml
11:20:56.513	0:0:0:0:0:0:0:1:60167	admin	200		1624.83 ms
11:21:32.886	0:0:0:0:0:0:0:1:60167	admin	REQUEST	[POST] http://localhost:8984/save_dict_file_request?uri=http://localhost:8984/get_dict_file_xml_content_request?file=content/dictionary_f.delahaye_bpri.xml
11:21:33.085	0:0:0:0:0:0:0:1:60167	admin	200		205.01 ms
11:21:48.842	0:0:0:0:0:0:0:1:60167	admin	REQUEST	[GET] http://localhost:8984/get_dict_file_content_as_textile_request?file=content/dictionary_f.delahaye_bpri.xml
11:21:50.029	0:0:0:0:0:0:0:1:60167	admin	200		1194.89 ms
11:22:07.527	0:0:0:0:0:0:0:1:60167	admin	REQUEST	[POST] http://localhost:8984/save_dict_file_request?uri=http://localhost:8984/get_dict_file_xml_content_request?file=content/dictionary_f.delahaye_bpri.xml
11:22:07.682	0:0:0:0:0:0:0:1:60167	admin	200		162.82 ms
11:22:12.027	0:0:0:0:0:0:0:1:60167	admin	REQUEST	[GET] http://localhost:8984/get_dict_file_content_as_textile_request?file=content/dictionary_f.delahaye_bpri.xml
11:22:13.120	0:0:0:0:0:0:0:1:60167	admin	200		1098.55 ms
11:22:47.437	0:0:0:0:0:0:0:1:60167	admin	REQUEST	[POST] http://localhost:8984/save_dict_file_request?uri=http://localhost:8984/get_dict_file_xml_content_request?file=content/dictionary_f.delahaye_bpri.xml
11:22:47.588	0:0:0:0:0:0:0:1:60167	admin	200		154.55 ms
11:22:56.654	0:0:0:0:0:0:0:1:60167	admin	REQUEST	[POST] http://localhost:8984/save_dict_file_request?uri=http://localhost:8984/get_dict_file_xml_content_request?file=content/dictionary_f.delahaye_bpri.xml
11:22:56.780	0:0:0:0:0:0:0:1:60167	admin	200		128.68 ms
11:23:39.298	0:0:0:0:0:0:0:1:60167	admin	REQUEST	[POST] http://localhost:8984/save_dict_file_request?uri=http://localhost:8984/get_dict_file_xml_content_request?file=content/dictionary_f.delahaye_bpri.xml
11:23:39.411	0:0:0:0:0:0:0:1:60167	admin	200		113.38 ms
11:23:58.671	0:0:0:0:0:0:0:1:60167	admin	REQUEST	[GET] http://localhost:8984/get_dict_file_content_as_textile_request?file=content/dictionary_f.delahaye_bpri.xml
11:23:59.919	0:0:0:0:0:0:0:1:60167	admin	200		1251.95 ms
11:26:17.749	0:0:0:0:0:0:0:1:61571	admin	REQUEST	[POST] http://localhost:8984/save_dict_file_request?uri=http://localhost:8984/get_dict_file_xml_content_request?file=content/dictionary_f.delahaye_bpri.xml
11:26:17.899	0:0:0:0:0:0:0:1:61571	admin	200		151.39 ms
11:26:26.952	0:0:0:0:0:0:0:1:61571	admin	REQUEST	[GET] http://localhost:8984/get_dict_file_content_as_textile_request?file=content/dictionary_f.delahaye_bpri.xml
11:26:28.045	0:0:0:0:0:0:0:1:61571	admin	200		1095.39 ms
11:26:47.079	0:0:0:0:0:0:0:1:61571	admin	REQUEST	[POST] http://localhost:8984/save_dict_file_request?uri=http://localhost:8984/get_dict_file_xml_content_request?file=content/dictionary_f.delahaye_bpri.xml
11:26:47.202	0:0:0:0:0:0:0:1:61571	admin	200		125.66 ms
11:27:02.085	0:0:0:0:0:0:0:1:61571	admin	REQUEST	[GET] http://localhost:8984/get_dict_file_content_as_textile_request?file=content/dictionary_f.delahaye_bpri.xml
11:27:03.284	0:0:0:0:0:0:0:1:61571	admin	200		1201.44 ms
11:31:39.026	0:0:0:0:0:0:0:1:62919	admin	REQUEST	[POST] http://localhost:8984/save_dict_file_request?uri=http://localhost:8984/get_dict_file_xml_content_request?file=content/dictionary_f.delahaye_bpri.xml
11:31:39.205	0:0:0:0:0:0:0:1:62919	admin	200		181.96 ms
11:32:15.061	0:0:0:0:0:0:0:1:62919	admin	REQUEST	[GET] http://localhost:8984/get_dict_file_content_as_textile_request?file=content/dictionary_f.delahaye_bpri.xml
11:32:16.252	0:0:0:0:0:0:0:1:62919	admin	200		1192.88 ms
11:34:01.152	0:0:0:0:0:0:0:1:63513	admin	REQUEST	[POST] http://localhost:8984/save_dict_file_request?uri=http://localhost:8984/get_dict_file_xml_content_request?file=content/dictionary_f.delahaye_bpri.xml
11:34:01.339	0:0:0:0:0:0:0:1:63513	admin	200		189.8 ms
11:34:41.713	0:0:0:0:0:0:0:1:63513	admin	REQUEST	[POST] http://localhost:8984/save_dict_file_request?uri=http://localhost:8984/get_dict_file_xml_content_request?file=content/dictionary_f.delahaye_bpri.xml
11:34:41.860	0:0:0:0:0:0:0:1:63513	admin	200		151.23 ms
11:34:46.812	0:0:0:0:0:0:0:1:63513	admin	REQUEST	[GET] http://localhost:8984/get_dict_file_content_as_textile_request?file=content/dictionary_f.delahaye_bpri.xml
11:34:48.024	0:0:0:0:0:0:0:1:63513	admin	200		1220.07 ms
11:35:52.845	0:0:0:0:0:0:0:1:63997	admin	REQUEST	[GET] http://localhost:8984/get_dict_file_content_as_textile_v2_request?file=content/dictionary_f.delahaye_bpri.xml
11:35:53.218	0:0:0:0:0:0:0:1:63997	admin	200		376.63 ms
11:37:26.388	0:0:0:0:0:0:0:1:64392	admin	REQUEST	[POST] http://localhost:8984/save_dict_file_request?uri=http://localhost:8984/get_dict_file_xml_content_request?file=content/dictionary_f.delahaye_bpri.xml
11:37:26.536	0:0:0:0:0:0:0:1:64392	admin	200		149.59 ms
11:37:30.653	0:0:0:0:0:0:0:1:64392	admin	REQUEST	[GET] http://localhost:8984/get_dict_file_content_as_textile_v2_request?file=content/dictionary_f.delahaye_bpri.xml
11:37:31.037	0:0:0:0:0:0:0:1:64392	admin	200		386.43 ms
11:39:13.757	0:0:0:0:0:0:0:1:64842	admin	REQUEST	[POST] http://localhost:8984/save_dict_file_request?uri=http://localhost:8984/get_dict_file_xml_content_request?file=content/dictionary_f.delahaye_bpri.xml
11:39:13.845	0:0:0:0:0:0:0:1:64842	admin	200		89.75 ms
11:39:17.874	0:0:0:0:0:0:0:1:64842	admin	REQUEST	[GET] http://localhost:8984/get_dict_file_content_as_textile_v2_request?file=content/dictionary_f.delahaye_bpri.xml
11:39:18.190	0:0:0:0:0:0:0:1:64842	admin	200		318.92 ms
11:39:38.806	0:0:0:0:0:0:0:1:64842	admin	REQUEST	[POST] http://localhost:8984/save_dict_file_request?uri=http://localhost:8984/get_dict_file_xml_content_request?file=content/dictionary_f.delahaye_bpri.xml
11:39:38.942	0:0:0:0:0:0:0:1:64842	admin	200		138.42 ms
11:40:15.995	0:0:0:0:0:0:0:1:64842	admin	REQUEST	[POST] http://localhost:8984/save_dict_file_request?uri=http://localhost:8984/get_dict_file_xml_content_request?file=content/dictionary_f.delahaye_bpri.xml
11:40:16.155	0:0:0:0:0:0:0:1:64842	admin	200		163.31 ms
11:40:22.125	0:0:0:0:0:0:0:1:64842	admin	REQUEST	[GET] http://localhost:8984/get_dict_file_content_as_textile_v2_request?file=content/dictionary_f.delahaye_bpri.xml
11:40:22.427	0:0:0:0:0:0:0:1:64842	admin	200		304.87 ms
11:40:32.728	0:0:0:0:0:0:0:1:64842	admin	REQUEST	[GET] http://localhost:8984/get_dict_file_content_as_textile_request?file=content/dictionary_f.delahaye_bpri.xml
11:40:33.906	0:0:0:0:0:0:0:1:64842	admin	200		1179.9 ms
11:46:06.493	0:0:0:0:0:0:0:1:50185	admin	REQUEST	[POST] http://localhost:8984/save_dict_file_request?uri=http://localhost:8984/get_dict_file_xml_content_request?file=content/dictionary_f.delahaye_bpri.xml
11:46:06.666	0:0:0:0:0:0:0:1:50185	admin	200		178.83 ms
11:46:25.074	0:0:0:0:0:0:0:1:50185	admin	REQUEST	[GET] http://localhost:8984/get_dict_file_content_as_textile_request?file=content/dictionary_f.delahaye_bpri.xml
11:46:26.202	0:0:0:0:0:0:0:1:50185	admin	200		1130.33 ms
11:47:37.474	0:0:0:0:0:0:0:1:50568	admin	REQUEST	[GET] http://localhost:8984/get_dict_file_content_as_textile_v2_request?file=content/dictionary_f.delahaye_bpri.xml
11:47:37.677	0:0:0:0:0:0:0:1:50568	admin	200		206.36 ms
11:48:46.998	0:0:0:0:0:0:0:1:50862	admin	REQUEST	[POST] http://localhost:8984/save_dict_file_request?uri=http://localhost:8984/get_dict_file_xml_content_request?file=content/dictionary_f.delahaye_bpri.xml
11:48:47.223	0:0:0:0:0:0:0:1:50862	admin	200		228.63 ms
11:49:03.419	0:0:0:0:0:0:0:1:50862	admin	REQUEST	[GET] http://localhost:8984/get_dict_file_content_as_textile_request?file=content/dictionary_f.delahaye_bpri.xml
11:49:04.555	0:0:0:0:0:0:0:1:50862	admin	200		1137.81 ms
11:50:51.863	0:0:0:0:0:0:0:1:51384	admin	REQUEST	[GET] http://localhost:8984/get_dict_file_content_request?file=content/dictionary_f.delahaye_bpri.xml
11:50:52.165	0:0:0:0:0:0:0:1:51384	admin	200		305.52 ms
11:55:13.414	0:0:0:0:0:0:0:1:52489	admin	REQUEST	[GET] http://localhost:8984/get_dict_file_content_as_textile_v2_request?file=content/dictionary_f.delahaye_bpri.xml
11:55:13.682	0:0:0:0:0:0:0:1:52489	admin	200		271.92 ms
11:55:24.758	0:0:0:0:0:0:0:1:52489	admin	REQUEST	[GET] http://localhost:8984/get_dict_file_content_as_textile_v2_request?file=content/dictionary_f.delahaye_bpri.xml
11:55:24.877	0:0:0:0:0:0:0:1:52489	admin	200		119.84 ms
11:55:52.803	0:0:0:0:0:0:0:1:52489	admin	REQUEST	[GET] http://localhost:8984/get_dict_file_content_as_html_file_request?file=content/dictionary_f.delahaye_bpri.xml
11:55:52.918	0:0:0:0:0:0:0:1:52489	admin	200		115.44 ms
11:56:54.911	0:0:0:0:0:0:0:1:52919	admin	REQUEST	[GET] http://localhost:8984/get_dict_file_content_as_html_file_request?file=content/dictionary_f.delahaye_bpri.xml
11:56:55.048	0:0:0:0:0:0:0:1:52919	admin	200		138.24 ms
11:58:23.035	0:0:0:0:0:0:0:1:53294	admin	REQUEST	[GET] http://localhost:8984/get_dict_file_content_as_textile_request?file=content/dictionary_f.delahaye_bpri.xml
11:58:24.094	0:0:0:0:0:0:0:1:53294	admin	200		1060.06 ms
11:59:09.066	0:0:0:0:0:0:0:1:53294	admin	REQUEST	[GET] http://localhost:8984/get_dict_file_content_request?file=content/dictionary_f.delahaye_bpri.xml
11:59:09.198	0:0:0:0:0:0:0:1:53294	admin	200		132.11 ms
11:59:31.292	0:0:0:0:0:0:0:1:53294	admin	REQUEST	[GET] http://localhost:8984/get_dict_file_content_as_textile_request?file=content/dictionary_f.delahaye_bpri.xml
11:59:32.172	0:0:0:0:0:0:0:1:53294	admin	200		879.97 ms
12:01:09.702	0:0:0:0:0:0:0:1:53989	admin	REQUEST	[POST] http://localhost:8984/save_dict_file_request?uri=http://localhost:8984/get_dict_file_xml_content_request?file=content/dictionary_f.delahaye_bpri.xml
12:01:09.886	0:0:0:0:0:0:0:1:53989	admin	200		184.39 ms
12:01:35.857	0:0:0:0:0:0:0:1:53989	admin	REQUEST	[POST] http://localhost:8984/save_dict_file_request?uri=http://localhost:8984/get_dict_file_xml_content_request?file=content/dictionary_f.delahaye_bpri.xml
12:01:35.947	0:0:0:0:0:0:0:1:53989	admin	200		89.92 ms
12:01:53.996	0:0:0:0:0:0:0:1:53989	admin	REQUEST	[GET] http://localhost:8984/get_dict_file_content_as_textile_request?file=content/dictionary_f.delahaye_bpri.xml
12:01:55.057	0:0:0:0:0:0:0:1:53989	admin	200		1065.19 ms
13:45:16.340	0:0:0:0:0:0:0:1:59539	admin	REQUEST	[POST] http://localhost:8984/save_dict_file_request?uri=http://localhost:8984/get_dict_file_xml_content_request?file=content/dictionary_f.delahaye_bpri.xml
13:45:16.448	0:0:0:0:0:0:0:1:59539	admin	200		115.09 ms
13:46:00.745	0:0:0:0:0:0:0:1:59539	admin	REQUEST	[POST] http://localhost:8984/save_dict_file_request?uri=http://localhost:8984/get_dict_file_xml_content_request?file=content/dictionary_f.delahaye_bpri.xml
13:46:00.837	0:0:0:0:0:0:0:1:59539	admin	200		92.54 ms
13:46:15.605	0:0:0:0:0:0:0:1:59539	admin	REQUEST	[POST] http://localhost:8984/save_dict_file_request?uri=http://localhost:8984/get_dict_file_xml_content_request?file=content/dictionary_f.delahaye_bpri.xml
13:46:15.702	0:0:0:0:0:0:0:1:59539	admin	200		97.25 ms
13:48:09.208	0:0:0:0:0:0:0:1:60265	admin	REQUEST	[POST] http://localhost:8984/save_dict_file_request?uri=http://localhost:8984/get_dict_file_xml_content_request?file=content/dictionary_f.delahaye_bpri.xml
13:48:09.306	0:0:0:0:0:0:0:1:60265	admin	200		99.35 ms
14:19:53.038	0:0:0:0:0:0:0:1:62896	admin	REQUEST	[POST] http://localhost:8984/save_dict_file_request?uri=http://localhost:8984/get_dict_file_xml_content_request?file=content/dictionary_f.delahaye_bpri.xml
14:19:53.147	0:0:0:0:0:0:0:1:62896	admin	200		109.82 ms
14:21:08.265	0:0:0:0:0:0:0:1:62912	admin	REQUEST	[POST] http://localhost:8984/save_dict_file_request?uri=http://localhost:8984/get_dict_file_xml_content_request?file=content/dictionary_f.delahaye_bpri.xml
14:21:08.348	0:0:0:0:0:0:0:1:62912	admin	200		83.3 ms
14:30:04.347	0:0:0:0:0:0:0:1:63035	admin	REQUEST	[POST] http://localhost:8984/save_dict_file_request?uri=http://localhost:8984/get_dict_file_xml_content_request?file=content/dictionary_f.delahaye_bpri.xml
14:30:04.460	0:0:0:0:0:0:0:1:63035	admin	200		114.85 ms
14:34:45.233	0:0:0:0:0:0:0:1:63099	admin	REQUEST	[POST] http://localhost:8984/save_dict_file_request?uri=http://localhost:8984/get_dict_file_xml_content_request?file=content/dictionary_f.delahaye_bpri.xml
14:34:45.343	0:0:0:0:0:0:0:1:63099	admin	200		110.83 ms
14:40:38.211	0:0:0:0:0:0:0:1:63197	admin	REQUEST	[POST] http://localhost:8984/save_dict_file_request?uri=http://localhost:8984/get_dict_file_xml_content_request?file=content/dictionary_f.delahaye_bpri.xml
14:40:38.350	0:0:0:0:0:0:0:1:63197	admin	200		139.96 ms
14:40:48.667	0:0:0:0:0:0:0:1:63197	admin	REQUEST	[POST] http://localhost:8984/save_dict_file_request?uri=http://localhost:8984/get_dict_file_xml_content_request?file=content/dictionary_f.delahaye_bpri.xml
14:40:48.735	0:0:0:0:0:0:0:1:63197	admin	200		68.19 ms
14:43:08.814	0:0:0:0:0:0:0:1:63235	admin	REQUEST	[POST] http://localhost:8984/save_dict_file_request?uri=http://localhost:8984/get_dict_file_xml_content_request?file=content/dictionary_f.delahaye_bpri.xml
14:43:08.916	0:0:0:0:0:0:0:1:63235	admin	200		103.83 ms
14:44:17.749	0:0:0:0:0:0:0:1:63250	admin	REQUEST	[POST] http://localhost:8984/save_dict_file_request?uri=http://localhost:8984/get_dict_file_xml_content_request?file=content/dictionary_f.delahaye_bpri.xml
14:44:17.840	0:0:0:0:0:0:0:1:63250	admin	200		91.8 ms
14:47:34.584	0:0:0:0:0:0:0:1:63300	admin	REQUEST	[POST] http://localhost:8984/save_dict_file_request?uri=http://localhost:8984/get_dict_file_xml_content_request?file=content/dictionary_f.delahaye_bpri.xml
14:47:34.695	0:0:0:0:0:0:0:1:63300	admin	200		112.63 ms
14:47:51.728	0:0:0:0:0:0:0:1:63300	admin	REQUEST	[POST] http://localhost:8984/save_dict_file_request?uri=http://localhost:8984/get_dict_file_xml_content_request?file=content/dictionary_f.delahaye_bpri.xml
14:47:51.802	0:0:0:0:0:0:0:1:63300	admin	200		76.41 ms
14:48:55.595	0:0:0:0:0:0:0:1:63318	admin	REQUEST	[POST] http://localhost:8984/save_dict_file_request?uri=http://localhost:8984/get_dict_file_xml_content_request?file=content/dictionary_f.delahaye_bpri.xml
14:48:55.689	0:0:0:0:0:0:0:1:63318	admin	200		94.68 ms
15:02:21.264	0:0:0:0:0:0:0:1:63549	admin	REQUEST	[POST] http://localhost:8984/save_dict_file_request?uri=http://localhost:8984/get_dict_file_xml_content_request?file=content/dictionary_f.delahaye_bpri.xml
15:02:21.366	0:0:0:0:0:0:0:1:63549	admin	200		103.11 ms
15:02:40.310	0:0:0:0:0:0:0:1:63549	admin	REQUEST	[GET] http://localhost:8984/get_dict_file_content_as_textile_v2_request?file=content/dictionary_f.delahaye_bpri.xml
15:02:40.487	0:0:0:0:0:0:0:1:63549	admin	200		177.05 ms
15:07:21.200	0:0:0:0:0:0:0:1:63627	admin	REQUEST	[GET] http://localhost:8984/get_dict_file_content_as_textile_request?file=content/dictionary_f.delahaye_bpri.xml
15:07:22.145	0:0:0:0:0:0:0:1:63627	admin	200		946.82 ms
15:17:01.102	0:0:0:0:0:0:0:1:63779	admin	REQUEST	[POST] http://localhost:8984/save_dict_file_request?uri=http://localhost:8984/get_dict_file_xml_content_request?file=content/dictionary_f.delahaye_bpri.xml
15:17:01.255	0:0:0:0:0:0:0:1:63779	admin	200		153.5 ms
15:17:20.403	0:0:0:0:0:0:0:1:63779	admin	REQUEST	[GET] http://localhost:8984/get_dict_file_content_as_textile_request?file=content/dictionary_f.delahaye_bpri.xml
15:17:21.386	0:0:0:0:0:0:0:1:63779	admin	200		982.9 ms
15:19:51.394	0:0:0:0:0:0:0:1:63814	admin	REQUEST	[POST] http://localhost:8984/save_dict_file_request?uri=http://localhost:8984/get_dict_file_xml_content_request?file=content/dictionary_f.delahaye_bpri.xml
15:19:51.506	0:0:0:0:0:0:0:1:63814	admin	200		112.26 ms
15:19:55.874	0:0:0:0:0:0:0:1:63814	admin	REQUEST	[GET] http://localhost:8984/get_dict_file_content_as_textile_request?file=content/dictionary_f.delahaye_bpri.xml
15:19:56.788	0:0:0:0:0:0:0:1:63814	admin	200		915.16 ms
15:22:46.329	0:0:0:0:0:0:0:1:63853	admin	REQUEST	[POST] http://localhost:8984/save_dict_file_request?uri=http://localhost:8984/get_dict_file_xml_content_request?file=content/dictionary_f.delahaye_bpri.xml
15:22:46.453	0:0:0:0:0:0:0:1:63853	admin	200		124.63 ms
15:23:02.273	0:0:0:0:0:0:0:1:63853	admin	REQUEST	[GET] http://localhost:8984/get_dict_file_content_as_textile_request?file=content/dictionary_f.delahaye_bpri.xml
15:23:03.288	0:0:0:0:0:0:0:1:63853	admin	200		1015.6 ms
15:24:13.015	0:0:0:0:0:0:0:1:63871	admin	REQUEST	[POST] http://localhost:8984/save_dict_file_request?uri=http://localhost:8984/get_dict_file_xml_content_request?file=content/dictionary_f.delahaye_bpri.xml
15:24:13.101	0:0:0:0:0:0:0:1:63871	admin	200		86.66 ms
15:24:16.342	0:0:0:0:0:0:0:1:63871	admin	REQUEST	[GET] http://localhost:8984/get_dict_file_content_as_textile_request?file=content/dictionary_f.delahaye_bpri.xml
15:24:17.348	0:0:0:0:0:0:0:1:63871	admin	200		1006.12 ms
15:24:44.804	0:0:0:0:0:0:0:1:63871	admin	REQUEST	[POST] http://localhost:8984/save_dict_file_request?uri=http://localhost:8984/get_dict_file_xml_content_request?file=content/dictionary_f.delahaye_bpri.xml
15:24:44.894	0:0:0:0:0:0:0:1:63871	admin	200		91.27 ms
15:24:48.462	0:0:0:0:0:0:0:1:63871	admin	REQUEST	[GET] http://localhost:8984/get_dict_file_content_as_textile_request?file=content/dictionary_f.delahaye_bpri.xml
15:24:49.332	0:0:0:0:0:0:0:1:63871	admin	200		870.89 ms
15:26:15.694	0:0:0:0:0:0:0:1:63895	admin	REQUEST	[POST] http://localhost:8984/save_dict_file_request?uri=http://localhost:8984/get_dict_file_xml_content_request?file=content/dictionary_f.delahaye_bpri.xml
15:26:15.780	0:0:0:0:0:0:0:1:63895	admin	200		86.17 ms
15:26:33.362	0:0:0:0:0:0:0:1:63895	admin	REQUEST	[POST] http://localhost:8984/save_dict_file_request?uri=http://localhost:8984/get_dict_file_xml_content_request?file=content/dictionary_f.delahaye_bpri.xml
15:26:33.451	0:0:0:0:0:0:0:1:63895	admin	200		89.56 ms
15:26:37.964	0:0:0:0:0:0:0:1:63895	admin	REQUEST	[GET] http://localhost:8984/get_dict_file_content_as_textile_request?file=content/dictionary_f.delahaye_bpri.xml
15:26:38.939	0:0:0:0:0:0:0:1:63895	admin	200		975.95 ms
15:28:42.152	0:0:0:0:0:0:0:1:63926	admin	REQUEST	[POST] http://localhost:8984/save_dict_file_request?uri=http://localhost:8984/get_dict_file_xml_content_request?file=content/dictionary_f.delahaye_bpri.xml
15:28:42.239	0:0:0:0:0:0:0:1:63926	admin	200		88.05 ms
15:30:12.598	0:0:0:0:0:0:0:1:63949	admin	REQUEST	[POST] http://localhost:8984/save_dict_file_request?uri=http://localhost:8984/get_dict_file_xml_content_request?file=content/dictionary_f.delahaye_bpri.xml
15:30:12.686	0:0:0:0:0:0:0:1:63949	admin	200		88.78 ms
15:30:47.573	0:0:0:0:0:0:0:1:63949	admin	REQUEST	[POST] http://localhost:8984/save_dict_file_request?uri=http://localhost:8984/get_dict_file_xml_content_request?file=content/dictionary_f.delahaye_bpri.xml
15:30:47.651	0:0:0:0:0:0:0:1:63949	admin	200		77.64 ms
15:30:51.724	0:0:0:0:0:0:0:1:63949	admin	REQUEST	[GET] http://localhost:8984/get_dict_file_content_as_textile_request?file=content/dictionary_f.delahaye_bpri.xml
15:30:52.790	0:0:0:0:0:0:0:1:63949	admin	200		1065.76 ms
15:34:21.131	0:0:0:0:0:0:0:1:64000	admin	REQUEST	[POST] http://localhost:8984/save_dict_file_request?uri=http://localhost:8984/get_dict_file_xml_content_request?file=content/dictionary_f.delahaye_bpri.xml
15:34:21.245	0:0:0:0:0:0:0:1:64000	admin	200		115.12 ms
15:38:10.300	0:0:0:0:0:0:0:1:64047	admin	REQUEST	[POST] http://localhost:8984/save_dict_file_request?uri=http://localhost:8984/get_dict_file_xml_content_request?file=content/dictionary_f.delahaye_bpri.xml
15:38:10.428	0:0:0:0:0:0:0:1:64047	admin	200		128.94 ms
15:38:14.615	0:0:0:0:0:0:0:1:64047	admin	REQUEST	[GET] http://localhost:8984/get_dict_file_content_as_textile_request?file=content/dictionary_f.delahaye_bpri.xml
15:38:15.695	0:0:0:0:0:0:0:1:64047	admin	200		1080.46 ms
15:38:55.259	0:0:0:0:0:0:0:1:64047	admin	REQUEST	[POST] http://localhost:8984/save_dict_file_request?uri=http://localhost:8984/get_dict_file_xml_content_request?file=content/dictionary_f.delahaye_bpri.xml
15:38:55.342	0:0:0:0:0:0:0:1:64047	admin	200		83.39 ms
15:38:59.232	0:0:0:0:0:0:0:1:64047	admin	REQUEST	[GET] http://localhost:8984/get_dict_file_content_as_textile_request?file=content/dictionary_f.delahaye_bpri.xml
15:39:00.179	0:0:0:0:0:0:0:1:64047	admin	200		947.32 ms
15:39:54.906	0:0:0:0:0:0:0:1:64047	admin	REQUEST	[POST] http://localhost:8984/save_dict_file_request?uri=http://localhost:8984/get_dict_file_xml_content_request?file=content/dictionary_f.delahaye_bpri.xml
15:39:54.998	0:0:0:0:0:0:0:1:64047	admin	200		92.9 ms
15:39:59.090	0:0:0:0:0:0:0:1:64047	admin	REQUEST	[GET] http://localhost:8984/get_dict_file_content_as_textile_request?file=content/dictionary_f.delahaye_bpri.xml
15:40:00.047	0:0:0:0:0:0:0:1:64047	admin	200		956.69 ms
15:40:24.213	0:0:0:0:0:0:0:1:64047	admin	REQUEST	[POST] http://localhost:8984/save_dict_file_request?uri=http://localhost:8984/get_dict_file_xml_content_request?file=content/dictionary_f.delahaye_bpri.xml
15:40:24.289	0:0:0:0:0:0:0:1:64047	admin	200		76.31 ms
15:40:28.401	0:0:0:0:0:0:0:1:64047	admin	REQUEST	[GET] http://localhost:8984/get_dict_file_content_as_textile_request?file=content/dictionary_f.delahaye_bpri.xml
15:40:29.421	0:0:0:0:0:0:0:1:64047	admin	200		1020.26 ms
15:43:09.020	0:0:0:0:0:0:0:1:64113	admin	REQUEST	[POST] http://localhost:8984/save_dict_file_request?uri=http://localhost:8984/get_dict_file_xml_content_request?file=content/dictionary_f.delahaye_bpri.xml
15:43:09.138	0:0:0:0:0:0:0:1:64113	admin	200		118.61 ms
15:43:18.331	0:0:0:0:0:0:0:1:64113	admin	REQUEST	[GET] http://localhost:8984/get_dict_file_content_as_textile_request?file=content/dictionary_f.delahaye_bpri.xml
15:43:19.324	0:0:0:0:0:0:0:1:64113	admin	200		992.62 ms
15:44:17.875	0:0:0:0:0:0:0:1:64113	admin	REQUEST	[POST] http://localhost:8984/save_dict_file_request?uri=http://localhost:8984/get_dict_file_xml_content_request?file=content/dictionary_f.delahaye_bpri.xml
15:44:17.970	0:0:0:0:0:0:0:1:64113	admin	200		94.85 ms
15:44:21.717	0:0:0:0:0:0:0:1:64113	admin	REQUEST	[GET] http://localhost:8984/get_dict_file_content_as_textile_request?file=content/dictionary_f.delahaye_bpri.xml
15:44:22.598	0:0:0:0:0:0:0:1:64113	admin	200		881.08 ms
18:56:03.558	0:0:0:0:0:0:0:1:51085	admin	REQUEST	[POST] http://localhost:8984/save_dict_file_request?uri=http://localhost:8984/get_dict_file_xml_content_request?file=content/dictionary_f.delahaye_bpri.xml
18:56:03.658	0:0:0:0:0:0:0:1:51085	admin	200		101.98 ms
18:56:29.092	0:0:0:0:0:0:0:1:51085	admin	REQUEST	[GET] http://localhost:8984/get_dict_file_content_as_textile_request?file=content/dictionary_f.delahaye_bpri.xml
18:56:29.971	0:0:0:0:0:0:0:1:51085	admin	200		879.32 ms
19:02:01.733	0:0:0:0:0:0:0:1:51173	admin	REQUEST	[POST] http://localhost:8984/save_dict_file_request?uri=http://localhost:8984/get_dict_file_xml_content_request?file=content/dictionary_f.delahaye_bpri.xml
19:02:01.840	0:0:0:0:0:0:0:1:51173	admin	200		108.98 ms
19:02:09.196	0:0:0:0:0:0:0:1:51173	admin	REQUEST	[GET] http://localhost:8984/get_dict_file_content_as_textile_request?file=content/dictionary_f.delahaye_bpri.xml
19:02:10.385	0:0:0:0:0:0:0:1:51173	admin	200		1191.56 ms
