09:41:40.782	0:0:0:0:0:0:0:1:60998	admin	REQUEST	[GET] http://localhost:8984/dictionary
09:41:40.950	0:0:0:0:0:0:0:1:60998	admin	200		175.7 ms
09:41:40.995	0:0:0:0:0:0:0:1:60998	admin	REQUEST	[GET] http://localhost:8984/list_dictionary_request
09:41:41.071	0:0:0:0:0:0:0:1:60998	admin	200		76.5 ms
09:41:45.163	0:0:0:0:0:0:0:1:60998	admin	REQUEST	[GET] http://localhost:8984/edit_dict_file_request?file=content/dictionary_f.delahaye_bpri.xml
09:41:45.196	0:0:0:0:0:0:0:1:60998	admin	200		32.98 ms
09:41:46.170	0:0:0:0:0:0:0:1:60999	admin	REQUEST	[GET] http://localhost:8984/edit_dict_file_request?file=content/dictionary_f.delahaye_bpri.xml
09:41:46.198	0:0:0:0:0:0:0:1:60999	admin	200		28.22 ms
09:41:46.236	0:0:0:0:0:0:0:1:60999	admin	REQUEST	[GET] http://localhost:8984/get_dict_file_xml_content_request?file=content/dictionary_f.delahaye_bpri.xml
09:41:46.270	0:0:0:0:0:0:0:1:60999	admin	200		33.61 ms
09:45:59.775	0:0:0:0:0:0:0:1:61116	admin	REQUEST	[POST] http://localhost:8984/save_dict_file_request?uri=http://localhost:8984/get_dict_file_xml_content_request?file=content/dictionary_f.delahaye_bpri.xml
09:45:59.921	0:0:0:0:0:0:0:1:61116	admin	200		146.66 ms
09:46:15.575	0:0:0:0:0:0:0:1:61116	admin	REQUEST	[GET] http://localhost:8984/get_dict_file_content_as_textile_request?file=content/dictionary_f.delahaye_bpri.xml
09:46:17.036	0:0:0:0:0:0:0:1:61116	admin	200		1461.96 ms
09:46:37.878	0:0:0:0:0:0:0:1:61116	admin	REQUEST	[GET] http://localhost:8984/get_dict_file_content_as_markdown_request?file=content/dictionary_f.delahaye_bpri.xml
09:46:38.209	0:0:0:0:0:0:0:1:61116	admin	200		331.71 ms
09:48:16.214	0:0:0:0:0:0:0:1:61859	admin	REQUEST	[GET] http://localhost:8984/edit_dict_file_request?file=content/dictionary_f.delahaye_bpri.xml
09:48:16.282	0:0:0:0:0:0:0:1:61859	admin	200		68.46 ms
09:48:16.649	0:0:0:0:0:0:0:1:61859	admin	REQUEST	[GET] http://localhost:8984/edit_dict_file_request?file=content/dictionary_f.delahaye_bpri.xml
09:48:16.678	0:0:0:0:0:0:0:1:61859	admin	200		28.99 ms
09:48:16.712	0:0:0:0:0:0:0:1:61859	admin	REQUEST	[GET] http://localhost:8984/get_dict_file_xml_content_request?file=content/dictionary_f.delahaye_bpri.xml
09:48:16.738	0:0:0:0:0:0:0:1:61859	admin	200		25.42 ms
09:51:11.816	0:0:0:0:0:0:0:1:61950	admin	REQUEST	[POST] http://localhost:8984/save_dict_file_request?uri=http://localhost:8984/get_dict_file_xml_content_request?file=content/dictionary_f.delahaye_bpri.xml
09:51:11.888	0:0:0:0:0:0:0:1:61950	admin	200		74.1 ms
10:22:58.097	0:0:0:0:0:0:0:1:62852	admin	REQUEST	[GET] http://localhost:8984/edit_dict_file_request?file=content/dictionary_f.delahaye_bpri.xml
10:22:58.145	0:0:0:0:0:0:0:1:62852	admin	200		48.98 ms
10:22:58.695	0:0:0:0:0:0:0:1:62852	admin	REQUEST	[GET] http://localhost:8984/edit_dict_file_request?file=content/dictionary_f.delahaye_bpri.xml
10:22:58.739	0:0:0:0:0:0:0:1:62852	admin	200		46.97 ms
10:22:58.782	0:0:0:0:0:0:0:1:62852	admin	REQUEST	[GET] http://localhost:8984/get_dict_file_xml_content_request?file=content/dictionary_f.delahaye_bpri.xml
10:22:58.805	0:0:0:0:0:0:0:1:62852	admin	200		22.75 ms
10:23:17.081	0:0:0:0:0:0:0:1:62852	admin	REQUEST	[GET] http://localhost:8984/edit_dict_file_request?file=content/dictionary_f.delahaye_bpri.xml
10:23:17.119	0:0:0:0:0:0:0:1:62852	admin	200		38.24 ms
10:23:17.147	0:0:0:0:0:0:0:1:62852	admin	REQUEST	[GET] http://localhost:8984/edit_dict_file_request?file=content/dictionary_f.delahaye_bpri.xml
10:23:17.172	0:0:0:0:0:0:0:1:62852	admin	200		25.05 ms
10:23:17.211	0:0:0:0:0:0:0:1:62852	admin	REQUEST	[GET] http://localhost:8984/get_dict_file_xml_content_request?file=content/dictionary_f.delahaye_bpri.xml
10:23:17.247	0:0:0:0:0:0:0:1:62852	admin	200		35.91 ms
10:25:02.942	0:0:0:0:0:0:0:1:63366	admin	REQUEST	[POST] http://localhost:8984/save_dict_file_request?uri=http://localhost:8984/get_dict_file_xml_content_request?file=content/dictionary_f.delahaye_bpri.xml
10:25:03.061	0:0:0:0:0:0:0:1:63366	admin	200		119.6 ms
10:25:11.857	0:0:0:0:0:0:0:1:63366	admin	REQUEST	[GET] http://localhost:8984/get_dict_file_content_as_textile_request?file=content/dictionary_f.delahaye_bpri.xml
10:25:13.326	0:0:0:0:0:0:0:1:63366	admin	200		1471.38 ms
10:29:25.942	0:0:0:0:0:0:0:1:64530	admin	REQUEST	[GET] http://localhost:8984/get_dict_file_content_as_markdown_request?file=content/dictionary_f.delahaye.xml
10:29:26.339	0:0:0:0:0:0:0:1:64530	admin	200		400.12 ms
10:29:51.888	0:0:0:0:0:0:0:1:64530	admin	REQUEST	[GET] http://localhost:8984/get_dict_file_content_as_markdown_request?file=content/dictionary_f.delahaye_bpri.xml
10:29:52.097	0:0:0:0:0:0:0:1:64530	admin	200		213.19 ms
10:30:28.143	0:0:0:0:0:0:0:1:64530	admin	REQUEST	[GET] http://localhost:8984/get_dict_file_content_as_textile_request?file=content/dictionary_f.delahaye_bpri.xml
10:30:29.304	0:0:0:0:0:0:0:1:64530	admin	200		1163.66 ms
11:42:17.963	0:0:0:0:0:0:0:1:50842	admin	REQUEST	[GET] http://localhost:8984/edit_dict_file_request?file=content/dictionary_f.delahaye_bpri.xml
11:42:18.058	0:0:0:0:0:0:0:1:50842	admin	200		96.77 ms
11:42:18.076	0:0:0:0:0:0:0:1:50842	admin	REQUEST	[GET] http://localhost:8984/edit_dict_file_request?file=content/dictionary_f.delahaye_bpri.xml
11:42:18.091	0:0:0:0:0:0:0:1:50842	admin	200		15.18 ms
11:42:18.129	0:0:0:0:0:0:0:1:50842	admin	REQUEST	[GET] http://localhost:8984/get_dict_file_xml_content_request?file=content/dictionary_f.delahaye_bpri.xml
11:42:18.153	0:0:0:0:0:0:0:1:50842	admin	200		24.25 ms
11:42:50.041	0:0:0:0:0:0:0:1:50842	admin	REQUEST	[GET] http://localhost:8984/edit_dict_file_request?file=content/dictionary_f.delahaye_bpri.xml
11:42:50.079	0:0:0:0:0:0:0:1:50842	admin	200		38.97 ms
11:42:50.432	0:0:0:0:0:0:0:1:50842	admin	REQUEST	[GET] http://localhost:8984/edit_dict_file_request?file=content/dictionary_f.delahaye_bpri.xml
11:42:50.459	0:0:0:0:0:0:0:1:50842	admin	200		27.27 ms
11:42:50.494	0:0:0:0:0:0:0:1:50842	admin	REQUEST	[GET] http://localhost:8984/get_dict_file_xml_content_request?file=content/dictionary_f.delahaye_bpri.xml
11:42:50.530	0:0:0:0:0:0:0:1:50842	admin	200		35.7 ms
11:43:34.080	0:0:0:0:0:0:0:1:50842	admin	REQUEST	[GET] http://localhost:8984/edit_dict_file_request?file=content/dictionary_f.delahaye_bpri.xml
11:43:34.154	0:0:0:0:0:0:0:1:50842	admin	200		75.23 ms
11:43:34.456	0:0:0:0:0:0:0:1:50842	admin	REQUEST	[GET] http://localhost:8984/edit_dict_file_request?file=content/dictionary_f.delahaye_bpri.xml
11:43:34.488	0:0:0:0:0:0:0:1:50842	admin	200		31.87 ms
11:43:34.529	0:0:0:0:0:0:0:1:50842	admin	REQUEST	[GET] http://localhost:8984/get_dict_file_xml_content_request?file=content/dictionary_f.delahaye_bpri.xml
11:43:34.551	0:0:0:0:0:0:0:1:50842	admin	200		22.29 ms
11:43:55.063	0:0:0:0:0:0:0:1:50842	admin	REQUEST	[GET] http://localhost:8984/get_dict_file_content_as_textile_request?file=content/dictionary_f.delahaye_bpri.xml
11:43:56.116	0:0:0:0:0:0:0:1:50842	admin	200		1056.17 ms
11:46:00.024	0:0:0:0:0:0:0:1:51804	admin	REQUEST	[GET] http://localhost:8984/edit_dict_file_request?file=content/dictionary_f.delahaye_bpri.xml
11:46:00.125	0:0:0:0:0:0:0:1:51804	admin	200		103.35 ms
11:46:00.146	0:0:0:0:0:0:0:1:51804	admin	REQUEST	[GET] http://localhost:8984/edit_dict_file_request?file=content/dictionary_f.delahaye_bpri.xml
11:46:00.171	0:0:0:0:0:0:0:1:51804	admin	200		25.03 ms
11:46:00.200	0:0:0:0:0:0:0:1:51804	admin	REQUEST	[GET] http://localhost:8984/get_dict_file_xml_content_request?file=content/dictionary_f.delahaye_bpri.xml
11:46:00.232	0:0:0:0:0:0:0:1:51804	admin	200		32.93 ms
11:46:10.521	0:0:0:0:0:0:0:1:51804	admin	REQUEST	[GET] http://localhost:8984/get_dict_file_content_as_textile_request?file=content/dictionary_f.delahaye_bpri.xml
11:46:11.546	0:0:0:0:0:0:0:1:51804	admin	200		1025.23 ms
11:49:02.955	0:0:0:0:0:0:0:1:52727	admin	REQUEST	[GET] http://localhost:8984/edit_dict_file_request?file=content/dictionary_f.delahaye_bpri.xml
11:49:03.057	0:0:0:0:0:0:0:1:52727	admin	200		105.84 ms
11:49:03.830	0:0:0:0:0:0:0:1:52727	admin	REQUEST	[GET] http://localhost:8984/edit_dict_file_request?file=content/dictionary_f.delahaye_bpri.xml
11:49:03.900	0:0:0:0:0:0:0:1:52727	admin	200		73.09 ms
11:49:03.935	0:0:0:0:0:0:0:1:52727	admin	REQUEST	[GET] http://localhost:8984/get_dict_file_xml_content_request?file=content/dictionary_f.delahaye_bpri.xml
11:49:03.966	0:0:0:0:0:0:0:1:52727	admin	200		30.86 ms
11:49:17.231	0:0:0:0:0:0:0:1:52803	admin	REQUEST	[GET] http://localhost:8984/edit_dict_file_request?file=content/dictionary_f.delahaye_bpri.xml
11:49:17.262	0:0:0:0:0:0:0:1:52803	admin	200		32.05 ms
11:49:17.281	0:0:0:0:0:0:0:1:52803	admin	REQUEST	[GET] http://localhost:8984/edit_dict_file_request?file=content/dictionary_f.delahaye_bpri.xml
11:49:17.296	0:0:0:0:0:0:0:1:52803	admin	200		16.62 ms
11:49:17.335	0:0:0:0:0:0:0:1:52803	admin	REQUEST	[GET] http://localhost:8984/get_dict_file_xml_content_request?file=content/dictionary_f.delahaye_bpri.xml
11:49:17.352	0:0:0:0:0:0:0:1:52803	admin	200		17.88 ms
11:49:27.508	0:0:0:0:0:0:0:1:52728	admin	REQUEST	[GET] http://localhost:8984/get_dict_file_content_as_textile_request?file=content/dictionary_f.delahaye_bpri.xml
11:49:28.495	0:0:0:0:0:0:0:1:52728	admin	200		987.43 ms
11:53:15.131	0:0:0:0:0:0:0:1:53958	admin	REQUEST	[GET] http://localhost:8984/edit_dict_file_request?file=content/dictionary_f.delahaye_bpri.xml
11:53:15.188	0:0:0:0:0:0:0:1:53958	admin	200		58.02 ms
11:53:15.212	0:0:0:0:0:0:0:1:53956	admin	REQUEST	[GET] http://localhost:8984/edit_dict_file_request?file=content/dictionary_f.delahaye_bpri.xml
11:53:15.223	0:0:0:0:0:0:0:1:53956	admin	200		10.96 ms
11:53:15.265	0:0:0:0:0:0:0:1:53956	admin	REQUEST	[GET] http://localhost:8984/get_dict_file_xml_content_request?file=content/dictionary_f.delahaye_bpri.xml
11:53:15.285	0:0:0:0:0:0:0:1:53956	admin	200		20.23 ms
11:53:24.853	0:0:0:0:0:0:0:1:53959	admin	REQUEST	[GET] http://localhost:8984/get_dict_file_content_as_textile_request?file=content/dictionary_f.delahaye_bpri.xml
11:53:25.769	0:0:0:0:0:0:0:1:53959	admin	200		919.46 ms
11:57:24.038	0:0:0:0:0:0:0:1:54943	admin	REQUEST	[GET] http://localhost:8984/edit_dict_file_request?file=content/dictionary_f.delahaye_bpri.xml
11:57:24.130	0:0:0:0:0:0:0:1:54943	admin	200		94.47 ms
11:57:24.144	0:0:0:0:0:0:0:1:54943	admin	REQUEST	[GET] http://localhost:8984/edit_dict_file_request?file=content/dictionary_f.delahaye_bpri.xml
11:57:24.155	0:0:0:0:0:0:0:1:54943	admin	200		11.28 ms
11:57:24.183	0:0:0:0:0:0:0:1:54943	admin	REQUEST	[GET] http://localhost:8984/get_dict_file_xml_content_request?file=content/dictionary_f.delahaye_bpri.xml
11:57:24.212	0:0:0:0:0:0:0:1:54943	admin	200		28.46 ms
11:59:32.304	0:0:0:0:0:0:0:1:55675	admin	REQUEST	[GET] http://localhost:8984/get_dict_file_content_as_textile_request?file=content/dictionary_f.delahaye_bpri.xml
11:59:33.416	0:0:0:0:0:0:0:1:55675	admin	200		1112.86 ms
12:01:35.707	SERVER	admin	OK	Server was stopped (port: 1984)
12:01:35.718	SERVER	admin	OK	HTTP Server was stopped (port: 8984)
12:01:40.085	SERVER	admin	OK	Server was started (port: 1984)
12:01:40.171	SERVER	admin	OK	HTTP Server was started (port: 8984)
12:01:46.854	0:0:0:0:0:0:0:1:56259	admin	REQUEST	[GET] http://localhost:8984/dictionary
12:01:47.304	0:0:0:0:0:0:0:1:56259	admin	200		455.37 ms
12:01:47.337	0:0:0:0:0:0:0:1:56260	admin	REQUEST	[GET] http://localhost:8984/list_dictionary_request
12:01:47.472	0:0:0:0:0:0:0:1:56260	admin	200		136.04 ms
12:01:52.024	0:0:0:0:0:0:0:1:56260	admin	REQUEST	[GET] http://localhost:8984/edit_dict_file_request?file=content/dictionary_f.delahaye_bpri.xml
12:01:52.102	0:0:0:0:0:0:0:1:56260	admin	200		79.47 ms
12:01:52.477	0:0:0:0:0:0:0:1:56260	admin	REQUEST	[GET] http://localhost:8984/edit_dict_file_request?file=content/dictionary_f.delahaye_bpri.xml
12:01:52.545	0:0:0:0:0:0:0:1:56260	admin	200		69.89 ms
12:01:52.582	0:0:0:0:0:0:0:1:56260	admin	REQUEST	[GET] http://localhost:8984/get_dict_file_xml_content_request?file=content/dictionary_f.delahaye_bpri.xml
12:01:52.675	0:0:0:0:0:0:0:1:56260	admin	200		94.85 ms
12:20:17.942	0:0:0:0:0:0:0:1:61224	admin	REQUEST	[GET] http://localhost:8984/dictionary
12:20:18.025	0:0:0:0:0:0:0:1:61224	admin	200		84.95 ms
12:20:18.048	0:0:0:0:0:0:0:1:61225	admin	REQUEST	[GET] http://localhost:8984/list_dictionary_request
12:20:18.089	0:0:0:0:0:0:0:1:61225	admin	200		40.97 ms
12:20:21.484	0:0:0:0:0:0:0:1:61225	admin	REQUEST	[GET] http://localhost:8984/get_dict_file_content_as_textile_request?file=content/dictionary_f.delahaye_bpri.xml
12:20:24.289	0:0:0:0:0:0:0:1:61225	admin	200		2808.44 ms
12:20:51.971	0:0:0:0:0:0:0:1:61225	admin	REQUEST	[GET] http://localhost:8984/get_dict_file_content_as_textile_request?file=content/dictionary_f.delahaye_bpri.xml
12:20:53.545	0:0:0:0:0:0:0:1:61225	admin	200		1576.51 ms
12:22:30.161	0:0:0:0:0:0:0:1:61811	admin	REQUEST	[GET] http://localhost:8984/get_dict_file_content_as_markdown_request?file=content/dictionary_f.delahaye_bpri.xml
12:22:30.749	0:0:0:0:0:0:0:1:61811	admin	200		592.56 ms
12:31:10.740	0:0:0:0:0:0:0:1:64317	admin	REQUEST	[GET] http://localhost:8984/edit_dict_file_request?file=content/dictionary_f.delahaye_bpri.xml
12:31:10.841	0:0:0:0:0:0:0:1:64317	admin	200		101.5 ms
12:31:10.851	0:0:0:0:0:0:0:1:64317	admin	REQUEST	[GET] http://localhost:8984/edit_dict_file_request?file=content/dictionary_f.delahaye_bpri.xml
12:31:10.872	0:0:0:0:0:0:0:1:64317	admin	200		21.86 ms
12:31:10.902	0:0:0:0:0:0:0:1:64317	admin	REQUEST	[GET] http://localhost:8984/get_dict_file_xml_content_request?file=content/dictionary_f.delahaye_bpri.xml
12:31:10.944	0:0:0:0:0:0:0:1:64317	admin	200		42.86 ms
12:31:24.950	0:0:0:0:0:0:0:1:64383	admin	REQUEST	[GET] http://localhost:8984/edit_dict_file_request?file=content/dictionary_f.delahaye_bpri.xml
12:31:25.005	0:0:0:0:0:0:0:1:64383	admin	200		55.61 ms
12:31:25.025	0:0:0:0:0:0:0:1:64384	admin	REQUEST	[GET] http://localhost:8984/edit_dict_file_request?file=content/dictionary_f.delahaye_bpri.xml
12:31:25.058	0:0:0:0:0:0:0:1:64384	admin	200		33.05 ms
12:31:25.104	0:0:0:0:0:0:0:1:64384	admin	REQUEST	[GET] http://localhost:8984/get_dict_file_xml_content_request?file=content/dictionary_f.delahaye_bpri.xml
12:31:25.148	0:0:0:0:0:0:0:1:64384	admin	200		46.24 ms
12:31:41.987	0:0:0:0:0:0:0:1:64318	admin	REQUEST	[GET] http://localhost:8984/get_dict_file_content_as_markdown_request?file=content/dictionary_f.delahaye_bpri.xml
12:31:42.519	0:0:0:0:0:0:0:1:64318	admin	200		533.68 ms
12:35:48.935	0:0:0:0:0:0:0:1:49178	admin	REQUEST	[GET] http://localhost:8984/get_dict_file_content_as_markdown_request?file=content/dictionary_f.delahaye_bpri.xml
12:35:49.420	0:0:0:0:0:0:0:1:49178	admin	200		487.05 ms
12:36:19.931	0:0:0:0:0:0:0:1:49178	admin	REQUEST	[GET] http://localhost:8984/get_dict_file_content_as_markdown_request?file=content/dictionary_f.delahaye_bpri.xml
12:36:20.304	0:0:0:0:0:0:0:1:49178	admin	200		374.25 ms
12:39:53.411	0:0:0:0:0:0:0:1:50292	admin	REQUEST	[GET] http://localhost:8984/get_dict_file_content_as_markdown_request?file=content/dictionary_f.delahaye_bpri.xml
12:39:53.776	0:0:0:0:0:0:0:1:50292	admin	200		365.29 ms
12:40:03.795	0:0:0:0:0:0:0:1:50292	admin	REQUEST	[GET] http://localhost:8984/get_dict_file_content_as_textile_request?file=content/dictionary_f.delahaye_bpri.xml
12:40:04.907	0:0:0:0:0:0:0:1:50292	admin	200		1112.43 ms
12:42:11.093	0:0:0:0:0:0:0:1:50901	admin	REQUEST	[GET] http://localhost:8984/get_dict_file_content_as_markdown_request?file=content/dictionary_f.delahaye_bpri.xml
12:42:11.346	0:0:0:0:0:0:0:1:50901	admin	200		253.07 ms
12:44:00.646	0:0:0:0:0:0:0:1:51395	admin	REQUEST	[GET] http://localhost:8984/edit_dict_file_request?file=content/dictionary_f.delahaye_bpri.xml
12:44:00.734	0:0:0:0:0:0:0:1:51395	admin	200		87.77 ms
12:44:00.756	0:0:0:0:0:0:0:1:51398	admin	REQUEST	[GET] http://localhost:8984/edit_dict_file_request?file=content/dictionary_f.delahaye_bpri.xml
12:44:00.771	0:0:0:0:0:0:0:1:51398	admin	200		15.82 ms
12:44:00.811	0:0:0:0:0:0:0:1:51398	admin	REQUEST	[GET] http://localhost:8984/get_dict_file_xml_content_request?file=content/dictionary_f.delahaye_bpri.xml
12:44:00.848	0:0:0:0:0:0:0:1:51398	admin	200		36.99 ms
12:44:21.155	0:0:0:0:0:0:0:1:51398	admin	REQUEST	[GET] http://localhost:8984/get_dict_file_content_as_markdown_request?file=content/dictionary_f.delahaye_bpri.xml
12:44:21.391	0:0:0:0:0:0:0:1:51398	admin	200		237.3 ms
12:44:26.597	0:0:0:0:0:0:0:1:51398	admin	REQUEST	[GET] http://localhost:8984/get_dict_file_content_as_textile_request?file=content/dictionary_f.delahaye_bpri.xml
12:44:27.697	0:0:0:0:0:0:0:1:51398	admin	200		1101.37 ms
12:45:41.089	0:0:0:0:0:0:0:1:51855	admin	REQUEST	[GET] http://localhost:8984/get_dict_file_content_as_markdown_request?file=content/dictionary_f.delahaye_bpri.xml
12:45:41.314	0:0:0:0:0:0:0:1:51855	admin	200		225.76 ms
12:45:51.429	0:0:0:0:0:0:0:1:51855	admin	REQUEST	[GET] http://localhost:8984/edit_dict_file_request?file=content/dictionary_f.delahaye_bpri.xml
12:45:51.494	0:0:0:0:0:0:0:1:51855	admin	200		64.94 ms
12:45:51.527	0:0:0:0:0:0:0:1:51856	admin	REQUEST	[GET] http://localhost:8984/edit_dict_file_request?file=content/dictionary_f.delahaye_bpri.xml
12:45:51.546	0:0:0:0:0:0:0:1:51856	admin	200		18.67 ms
12:45:51.587	0:0:0:0:0:0:0:1:51856	admin	REQUEST	[GET] http://localhost:8984/get_dict_file_xml_content_request?file=content/dictionary_f.delahaye_bpri.xml
12:45:51.615	0:0:0:0:0:0:0:1:51856	admin	200		28.78 ms
12:46:03.023	0:0:0:0:0:0:0:1:51906	admin	REQUEST	[GET] http://localhost:8984/get_dict_file_content_as_textile_request?file=content/dictionary_f.delahaye_bpri.xml
12:46:04.136	0:0:0:0:0:0:0:1:51906	admin	200		1113.05 ms
12:53:52.448	0:0:0:0:0:0:0:1:54220	admin	REQUEST	[GET] http://localhost:8984/edit_dict_file_request?file=content/dictionary_f.delahaye_bpri.xml
12:53:52.532	0:0:0:0:0:0:0:1:54220	admin	200		85.96 ms
12:53:52.551	0:0:0:0:0:0:0:1:54226	admin	REQUEST	[GET] http://localhost:8984/edit_dict_file_request?file=content/dictionary_f.delahaye_bpri.xml
12:53:52.566	0:0:0:0:0:0:0:1:54226	admin	200		15.17 ms
12:53:52.607	0:0:0:0:0:0:0:1:54226	admin	REQUEST	[GET] http://localhost:8984/get_dict_file_xml_content_request?file=content/dictionary_f.delahaye_bpri.xml
12:53:52.638	0:0:0:0:0:0:0:1:54226	admin	200		31.29 ms
12:54:03.505	0:0:0:0:0:0:0:1:54219	admin	REQUEST	[GET] http://localhost:8984/get_dict_file_content_as_markdown_request?file=content/dictionary_f.delahaye_bpri.xml
12:54:03.925	0:0:0:0:0:0:0:1:54219	admin	200		420.89 ms
12:54:33.820	0:0:0:0:0:0:0:1:54219	admin	REQUEST	[GET] http://localhost:8984/get_dict_file_content_as_textile_request?file=content/dictionary_f.delahaye_bpri.xml
12:54:34.863	0:0:0:0:0:0:0:1:54219	admin	200		1043.94 ms
12:56:30.321	0:0:0:0:0:0:0:1:54906	admin	REQUEST	[GET] http://localhost:8984/edit_dict_file_request?file=content/dictionary_f.delahaye_bpri.xml
12:56:30.400	0:0:0:0:0:0:0:1:54906	admin	200		79.72 ms
12:56:30.419	0:0:0:0:0:0:0:1:54906	admin	REQUEST	[GET] http://localhost:8984/edit_dict_file_request?file=content/dictionary_f.delahaye_bpri.xml
12:56:30.443	0:0:0:0:0:0:0:1:54906	admin	200		24.52 ms
12:56:30.485	0:0:0:0:0:0:0:1:54906	admin	REQUEST	[GET] http://localhost:8984/get_dict_file_xml_content_request?file=content/dictionary_f.delahaye_bpri.xml
12:56:30.511	0:0:0:0:0:0:0:1:54906	admin	200		25.48 ms
12:56:37.883	0:0:0:0:0:0:0:1:54906	admin	REQUEST	[GET] http://localhost:8984/get_dict_file_content_as_markdown_request?file=content/dictionary_f.delahaye_bpri.xml
12:56:38.125	0:0:0:0:0:0:0:1:54906	admin	200		242.67 ms
12:56:42.207	0:0:0:0:0:0:0:1:54906	admin	REQUEST	[GET] http://localhost:8984/get_dict_file_content_as_textile_request?file=content/dictionary_f.delahaye_bpri.xml
12:56:43.138	0:0:0:0:0:0:0:1:54906	admin	200		931.49 ms
13:04:31.114	0:0:0:0:0:0:0:1:57015	admin	REQUEST	[POST] http://localhost:8984/save_dict_file_request?uri=http://localhost:8984/get_dict_file_xml_content_request?file=content/dictionary_f.delahaye_bpri.xml
13:04:31.458	0:0:0:0:0:0:0:1:57015	admin	200		344.46 ms
13:04:35.880	0:0:0:0:0:0:0:1:57015	admin	REQUEST	[GET] http://localhost:8984/get_dict_file_content_as_markdown_request?file=content/dictionary_f.delahaye_bpri.xml
13:04:36.109	0:0:0:0:0:0:0:1:57015	admin	200		229.01 ms
13:04:45.896	0:0:0:0:0:0:0:1:57015	admin	REQUEST	[GET] http://localhost:8984/get_dict_file_content_as_textile_request?file=content/dictionary_f.delahaye_bpri.xml
13:04:46.908	0:0:0:0:0:0:0:1:57015	admin	200		1012.64 ms
13:05:46.066	0:0:0:0:0:0:0:1:57015	admin	REQUEST	[POST] http://localhost:8984/save_dict_file_request?uri=http://localhost:8984/get_dict_file_xml_content_request?file=content/dictionary_f.delahaye_bpri.xml
13:05:46.262	0:0:0:0:0:0:0:1:57015	admin	200		196.56 ms
13:05:50.144	0:0:0:0:0:0:0:1:57015	admin	REQUEST	[GET] http://localhost:8984/get_dict_file_content_as_textile_request?file=content/dictionary_f.delahaye_bpri.xml
13:05:51.243	0:0:0:0:0:0:0:1:57015	admin	200		1102.27 ms
13:17:19.161	0:0:0:0:0:0:0:1:60345	admin	REQUEST	[POST] http://localhost:8984/save_dict_file_request?uri=http://localhost:8984/get_dict_file_xml_content_request?file=content/dictionary_f.delahaye_bpri.xml
13:17:19.474	0:0:0:0:0:0:0:1:60345	admin	200		319.57 ms
13:17:26.892	0:0:0:0:0:0:0:1:60345	admin	REQUEST	[GET] http://localhost:8984/get_dict_file_content_as_textile_request?file=content/dictionary_f.delahaye_bpri.xml
13:17:27.982	0:0:0:0:0:0:0:1:60345	admin	200		1091.83 ms
13:18:40.260	0:0:0:0:0:0:0:1:60691	admin	REQUEST	[POST] http://localhost:8984/save_dict_file_request?uri=http://localhost:8984/get_dict_file_xml_content_request?file=content/dictionary_f.delahaye_bpri.xml
13:18:40.433	0:0:0:0:0:0:0:1:60691	admin	200		173.84 ms
13:18:44.965	0:0:0:0:0:0:0:1:60691	admin	REQUEST	[GET] http://localhost:8984/get_dict_file_content_as_textile_request?file=content/dictionary_f.delahaye_bpri.xml
13:18:46.019	0:0:0:0:0:0:0:1:60691	admin	200		1054.42 ms
13:19:10.403	0:0:0:0:0:0:0:1:60691	admin	REQUEST	[POST] http://localhost:8984/save_dict_file_request?uri=http://localhost:8984/get_dict_file_xml_content_request?file=content/dictionary_f.delahaye_bpri.xml
13:19:10.520	0:0:0:0:0:0:0:1:60691	admin	200		118.0 ms
13:19:14.063	0:0:0:0:0:0:0:1:60691	admin	REQUEST	[GET] http://localhost:8984/get_dict_file_content_as_textile_request?file=content/dictionary_f.delahaye_bpri.xml
13:19:14.929	0:0:0:0:0:0:0:1:60691	admin	200		866.52 ms
13:20:06.307	0:0:0:0:0:0:0:1:60691	admin	REQUEST	[POST] http://localhost:8984/save_dict_file_request?uri=http://localhost:8984/get_dict_file_xml_content_request?file=content/dictionary_f.delahaye_bpri.xml
13:20:06.452	0:0:0:0:0:0:0:1:60691	admin	200		146.18 ms
13:20:14.997	0:0:0:0:0:0:0:1:60691	admin	REQUEST	[POST] http://localhost:8984/save_dict_file_request?uri=http://localhost:8984/get_dict_file_xml_content_request?file=content/dictionary_f.delahaye_bpri.xml
13:20:15.114	0:0:0:0:0:0:0:1:60691	admin	200		116.65 ms
13:20:24.065	0:0:0:0:0:0:0:1:60691	admin	REQUEST	[POST] http://localhost:8984/save_dict_file_request?uri=http://localhost:8984/get_dict_file_xml_content_request?file=content/dictionary_f.delahaye_bpri.xml
13:20:24.151	0:0:0:0:0:0:0:1:60691	admin	200		86.51 ms
13:20:28.423	0:0:0:0:0:0:0:1:60691	admin	REQUEST	[GET] http://localhost:8984/get_dict_file_content_as_textile_request?file=content/dictionary_f.delahaye_bpri.xml
13:20:29.447	0:0:0:0:0:0:0:1:60691	admin	200		1024.48 ms
13:21:33.372	0:0:0:0:0:0:0:1:61458	admin	REQUEST	[POST] http://localhost:8984/save_dict_file_request?uri=http://localhost:8984/get_dict_file_xml_content_request?file=content/dictionary_f.delahaye_bpri.xml
13:21:33.516	0:0:0:0:0:0:0:1:61458	admin	200		145.3 ms
13:21:37.087	0:0:0:0:0:0:0:1:61458	admin	REQUEST	[GET] http://localhost:8984/get_dict_file_content_as_textile_request?file=content/dictionary_f.delahaye_bpri.xml
13:21:38.115	0:0:0:0:0:0:0:1:61458	admin	200		1029.02 ms
13:23:42.623	0:0:0:0:0:0:0:1:62021	admin	REQUEST	[POST] http://localhost:8984/save_dict_file_request?uri=http://localhost:8984/get_dict_file_xml_content_request?file=content/dictionary_f.delahaye_bpri.xml
13:23:42.772	0:0:0:0:0:0:0:1:62021	admin	200		149.52 ms
13:23:48.551	0:0:0:0:0:0:0:1:62021	admin	REQUEST	[GET] http://localhost:8984/get_dict_file_content_as_textile_request?file=content/dictionary_f.delahaye_bpri.xml
13:23:49.479	0:0:0:0:0:0:0:1:62021	admin	200		927.94 ms
13:25:01.204	0:0:0:0:0:0:0:1:62354	admin	REQUEST	[POST] http://localhost:8984/save_dict_file_request?uri=http://localhost:8984/get_dict_file_xml_content_request?file=content/dictionary_f.delahaye_bpri.xml
13:25:01.366	0:0:0:0:0:0:0:1:62354	admin	200		162.85 ms
13:25:06.901	0:0:0:0:0:0:0:1:62354	admin	REQUEST	[GET] http://localhost:8984/get_dict_file_content_as_textile_request?file=content/dictionary_f.delahaye_bpri.xml
13:25:07.915	0:0:0:0:0:0:0:1:62354	admin	200		1016.19 ms
13:26:30.321	0:0:0:0:0:0:0:1:62762	admin	REQUEST	[POST] http://localhost:8984/save_dict_file_request?uri=http://localhost:8984/get_dict_file_xml_content_request?file=content/dictionary_f.delahaye_bpri.xml
13:26:30.514	0:0:0:0:0:0:0:1:62762	admin	200		195.23 ms
13:26:34.058	0:0:0:0:0:0:0:1:62762	admin	REQUEST	[GET] http://localhost:8984/get_dict_file_content_as_textile_request?file=content/dictionary_f.delahaye_bpri.xml
13:26:35.142	0:0:0:0:0:0:0:1:62762	admin	200		1084.15 ms
13:27:00.657	0:0:0:0:0:0:0:1:62762	admin	REQUEST	[POST] http://localhost:8984/save_dict_file_request?uri=http://localhost:8984/get_dict_file_xml_content_request?file=content/dictionary_f.delahaye_bpri.xml
13:27:00.755	0:0:0:0:0:0:0:1:62762	admin	200		98.7 ms
13:27:59.566	0:0:0:0:0:0:0:1:62762	admin	REQUEST	[POST] http://localhost:8984/save_dict_file_request?uri=http://localhost:8984/get_dict_file_xml_content_request?file=content/dictionary_f.delahaye_bpri.xml
13:27:59.707	0:0:0:0:0:0:0:1:62762	admin	200		141.88 ms
13:28:03.807	0:0:0:0:0:0:0:1:62762	admin	REQUEST	[GET] http://localhost:8984/get_dict_file_content_as_textile_request?file=content/dictionary_f.delahaye_bpri.xml
13:28:04.736	0:0:0:0:0:0:0:1:62762	admin	200		928.69 ms
13:28:43.640	0:0:0:0:0:0:0:1:62762	admin	REQUEST	[POST] http://localhost:8984/save_dict_file_request?uri=http://localhost:8984/get_dict_file_xml_content_request?file=content/dictionary_f.delahaye_bpri.xml
13:28:43.730	0:0:0:0:0:0:0:1:62762	admin	200		90.65 ms
13:28:49.884	0:0:0:0:0:0:0:1:62762	admin	REQUEST	[GET] http://localhost:8984/get_dict_file_content_as_textile_request?file=content/dictionary_f.delahaye_bpri.xml
13:28:50.910	0:0:0:0:0:0:0:1:62762	admin	200		1025.98 ms
13:30:35.411	0:0:0:0:0:0:0:1:63833	admin	REQUEST	[POST] http://localhost:8984/save_dict_file_request?uri=http://localhost:8984/get_dict_file_xml_content_request?file=content/dictionary_f.delahaye_bpri.xml
13:30:35.504	0:0:0:0:0:0:0:1:63833	admin	200		93.33 ms
13:30:40.567	0:0:0:0:0:0:0:1:63833	admin	REQUEST	[GET] http://localhost:8984/get_dict_file_content_as_textile_request?file=content/dictionary_f.delahaye_bpri.xml
13:30:41.513	0:0:0:0:0:0:0:1:63833	admin	200		947.0 ms
13:32:35.059	0:0:0:0:0:0:0:1:64374	admin	REQUEST	[POST] http://localhost:8984/save_dict_file_request?uri=http://localhost:8984/get_dict_file_xml_content_request?file=content/dictionary_f.delahaye_bpri.xml
13:32:35.193	0:0:0:0:0:0:0:1:64374	admin	200		135.4 ms
13:32:38.845	0:0:0:0:0:0:0:1:64374	admin	REQUEST	[GET] http://localhost:8984/get_dict_file_content_as_textile_request?file=content/dictionary_f.delahaye_bpri.xml
13:32:39.732	0:0:0:0:0:0:0:1:64374	admin	200		887.25 ms
13:34:01.054	0:0:0:0:0:0:0:1:64754	admin	REQUEST	[POST] http://localhost:8984/save_dict_file_request?uri=http://localhost:8984/get_dict_file_xml_content_request?file=content/dictionary_f.delahaye_bpri.xml
13:34:01.165	0:0:0:0:0:0:0:1:64754	admin	200		110.97 ms
13:54:05.944	0:0:0:0:0:0:0:1:53236	admin	REQUEST	[POST] http://localhost:8984/save_dict_file_request?uri=http://localhost:8984/get_dict_file_xml_content_request?file=content/dictionary_f.delahaye_bpri.xml
13:54:06.061	0:0:0:0:0:0:0:1:53236	admin	200		117.26 ms
13:54:37.116	0:0:0:0:0:0:0:1:53236	admin	REQUEST	[POST] http://localhost:8984/save_dict_file_request?uri=http://localhost:8984/get_dict_file_xml_content_request?file=content/dictionary_f.delahaye_bpri.xml
13:54:37.211	0:0:0:0:0:0:0:1:53236	admin	200		94.86 ms
13:57:16.592	0:0:0:0:0:0:0:1:54068	admin	REQUEST	[POST] http://localhost:8984/save_dict_file_request?uri=http://localhost:8984/get_dict_file_xml_content_request?file=content/dictionary_f.delahaye_bpri.xml
13:57:16.738	0:0:0:0:0:0:0:1:54068	admin	200		146.65 ms
13:57:20.432	0:0:0:0:0:0:0:1:54068	admin	REQUEST	[GET] http://localhost:8984/get_dict_file_content_as_textile_request?file=content/dictionary_f.delahaye_bpri.xml
13:57:21.448	0:0:0:0:0:0:0:1:54068	admin	200		1015.57 ms
13:59:39.055	0:0:0:0:0:0:0:1:54684	admin	REQUEST	[POST] http://localhost:8984/save_dict_file_request?uri=http://localhost:8984/get_dict_file_xml_content_request?file=content/dictionary_f.delahaye_bpri.xml
13:59:39.165	0:0:0:0:0:0:0:1:54684	admin	200		111.44 ms
13:59:44.245	0:0:0:0:0:0:0:1:54684	admin	REQUEST	[GET] http://localhost:8984/get_dict_file_content_as_textile_request?file=content/dictionary_f.delahaye_bpri.xml
13:59:45.204	0:0:0:0:0:0:0:1:54684	admin	200		959.31 ms
14:00:02.105	0:0:0:0:0:0:0:1:54684	admin	REQUEST	[POST] http://localhost:8984/save_dict_file_request?uri=http://localhost:8984/get_dict_file_xml_content_request?file=content/dictionary_f.delahaye_bpri.xml
14:00:02.188	0:0:0:0:0:0:0:1:54684	admin	200		83.06 ms
14:00:11.783	0:0:0:0:0:0:0:1:54684	admin	REQUEST	[GET] http://localhost:8984/get_dict_file_content_as_textile_request?file=content/dictionary_f.delahaye_bpri.xml
14:00:12.705	0:0:0:0:0:0:0:1:54684	admin	200		922.69 ms
14:00:49.304	0:0:0:0:0:0:0:1:54684	admin	REQUEST	[POST] http://localhost:8984/save_dict_file_request?uri=http://localhost:8984/get_dict_file_xml_content_request?file=content/dictionary_f.delahaye_bpri.xml
14:00:49.410	0:0:0:0:0:0:0:1:54684	admin	200		107.01 ms
14:00:53.631	0:0:0:0:0:0:0:1:54684	admin	REQUEST	[GET] http://localhost:8984/get_dict_file_content_as_textile_request?file=content/dictionary_f.delahaye_bpri.xml
14:00:54.549	0:0:0:0:0:0:0:1:54684	admin	200		919.65 ms
14:01:32.834	0:0:0:0:0:0:0:1:54684	admin	REQUEST	[POST] http://localhost:8984/save_dict_file_request?uri=http://localhost:8984/get_dict_file_xml_content_request?file=content/dictionary_f.delahaye_bpri.xml
14:01:32.973	0:0:0:0:0:0:0:1:54684	admin	200		139.51 ms
14:01:44.032	0:0:0:0:0:0:0:1:54684	admin	REQUEST	[GET] http://localhost:8984/get_dict_file_content_as_textile_request?file=content/dictionary_f.delahaye_bpri.xml
14:01:45.029	0:0:0:0:0:0:0:1:54684	admin	200		1000.86 ms
14:02:37.827	0:0:0:0:0:0:0:1:54684	admin	REQUEST	[POST] http://localhost:8984/save_dict_file_request?uri=http://localhost:8984/get_dict_file_xml_content_request?file=content/dictionary_f.delahaye_bpri.xml
14:02:38.056	0:0:0:0:0:0:0:1:54684	admin	200		233.79 ms
14:02:41.960	0:0:0:0:0:0:0:1:54684	admin	REQUEST	[GET] http://localhost:8984/get_dict_file_content_as_textile_request?file=content/dictionary_f.delahaye_bpri.xml
14:02:43.019	0:0:0:0:0:0:0:1:54684	admin	200		1061.39 ms
14:03:16.853	0:0:0:0:0:0:0:1:54684	admin	REQUEST	[POST] http://localhost:8984/save_dict_file_request?uri=http://localhost:8984/get_dict_file_xml_content_request?file=content/dictionary_f.delahaye_bpri.xml
14:03:16.991	0:0:0:0:0:0:0:1:54684	admin	200		142.7 ms
14:03:20.696	0:0:0:0:0:0:0:1:54684	admin	REQUEST	[GET] http://localhost:8984/get_dict_file_content_as_textile_request?file=content/dictionary_f.delahaye_bpri.xml
14:03:21.613	0:0:0:0:0:0:0:1:54684	admin	200		918.27 ms
14:03:40.587	0:0:0:0:0:0:0:1:54684	admin	REQUEST	[GET] http://localhost:8984/get_dict_file_content_as_textile_request?file=content/dictionary_f.delahaye_bpri.xml
14:03:41.464	0:0:0:0:0:0:0:1:54684	admin	200		877.85 ms
14:04:17.453	0:0:0:0:0:0:0:1:54684	admin	REQUEST	[POST] http://localhost:8984/save_dict_file_request?uri=http://localhost:8984/get_dict_file_xml_content_request?file=content/dictionary_f.delahaye_bpri.xml
14:04:17.549	0:0:0:0:0:0:0:1:54684	admin	200		97.29 ms
14:04:22.164	0:0:0:0:0:0:0:1:54684	admin	REQUEST	[GET] http://localhost:8984/get_dict_file_content_as_textile_request?file=content/dictionary_f.delahaye_bpri.xml
14:04:23.128	0:0:0:0:0:0:0:1:54684	admin	200		964.9 ms
14:04:37.399	0:0:0:0:0:0:0:1:54684	admin	REQUEST	[POST] http://localhost:8984/save_dict_file_request?uri=http://localhost:8984/get_dict_file_xml_content_request?file=content/dictionary_f.delahaye_bpri.xml
14:04:37.485	0:0:0:0:0:0:0:1:54684	admin	200		86.07 ms
14:04:41.118	0:0:0:0:0:0:0:1:54684	admin	REQUEST	[GET] http://localhost:8984/get_dict_file_content_as_textile_request?file=content/dictionary_f.delahaye_bpri.xml
14:04:42.006	0:0:0:0:0:0:0:1:54684	admin	200		888.27 ms
14:04:57.824	0:0:0:0:0:0:0:1:54684	admin	REQUEST	[POST] http://localhost:8984/save_dict_file_request?uri=http://localhost:8984/get_dict_file_xml_content_request?file=content/dictionary_f.delahaye_bpri.xml
14:04:57.882	0:0:0:0:0:0:0:1:54684	admin	200		58.06 ms
14:05:03.524	0:0:0:0:0:0:0:1:54684	admin	REQUEST	[GET] http://localhost:8984/get_dict_file_content_as_textile_request?file=content/dictionary_f.delahaye_bpri.xml
14:05:04.419	0:0:0:0:0:0:0:1:54684	admin	200		895.05 ms
14:06:11.626	0:0:0:0:0:0:0:1:54684	admin	REQUEST	[POST] http://localhost:8984/save_dict_file_request?uri=http://localhost:8984/get_dict_file_xml_content_request?file=content/dictionary_f.delahaye_bpri.xml
14:06:11.736	0:0:0:0:0:0:0:1:54684	admin	200		110.43 ms
14:06:17.463	0:0:0:0:0:0:0:1:54684	admin	REQUEST	[GET] http://localhost:8984/get_dict_file_content_as_textile_request?file=content/dictionary_f.delahaye_bpri.xml
14:06:18.472	0:0:0:0:0:0:0:1:54684	admin	200		1010.32 ms
14:06:40.991	0:0:0:0:0:0:0:1:54684	admin	REQUEST	[POST] http://localhost:8984/save_dict_file_request?uri=http://localhost:8984/get_dict_file_xml_content_request?file=content/dictionary_f.delahaye_bpri.xml
14:06:41.067	0:0:0:0:0:0:0:1:54684	admin	200		75.64 ms
14:06:46.386	0:0:0:0:0:0:0:1:54684	admin	REQUEST	[GET] http://localhost:8984/get_dict_file_content_as_textile_request?file=content/dictionary_f.delahaye_bpri.xml
14:06:47.354	0:0:0:0:0:0:0:1:54684	admin	200		967.84 ms
14:07:42.115	0:0:0:0:0:0:0:1:54684	admin	REQUEST	[POST] http://localhost:8984/save_dict_file_request?uri=http://localhost:8984/get_dict_file_xml_content_request?file=content/dictionary_f.delahaye_bpri.xml
14:07:42.246	0:0:0:0:0:0:0:1:54684	admin	200		132.46 ms
14:18:56.717	0:0:0:0:0:0:0:1:59891	admin	REQUEST	[POST] http://localhost:8984/save_dict_file_request?uri=http://localhost:8984/get_dict_file_xml_content_request?file=content/dictionary_f.delahaye_bpri.xml
14:18:56.871	0:0:0:0:0:0:0:1:59891	admin	200		155.12 ms
14:19:02.375	0:0:0:0:0:0:0:1:59891	admin	REQUEST	[GET] http://localhost:8984/get_dict_file_content_as_textile_request?file=content/dictionary_f.delahaye_bpri.xml
14:19:03.189	0:0:0:0:0:0:0:1:59891	admin	200		814.7 ms
17:41:44.293	0:0:0:0:0:0:0:1:63658	admin	REQUEST	[POST] http://localhost:8984/save_dict_file_request?uri=http://localhost:8984/get_dict_file_xml_content_request?file=content/dictionary_f.delahaye_bpri.xml
17:41:44.403	0:0:0:0:0:0:0:1:63658	admin	200		111.23 ms
17:48:15.820	0:0:0:0:0:0:0:1:65314	admin	REQUEST	[POST] http://localhost:8984/save_dict_file_request?uri=http://localhost:8984/get_dict_file_xml_content_request?file=content/dictionary_f.delahaye_bpri.xml
17:48:15.935	0:0:0:0:0:0:0:1:65314	admin	200		115.87 ms
17:49:39.861	0:0:0:0:0:0:0:1:49291	admin	REQUEST	[POST] http://localhost:8984/save_dict_file_request?uri=http://localhost:8984/get_dict_file_xml_content_request?file=content/dictionary_f.delahaye_bpri.xml
17:49:39.965	0:0:0:0:0:0:0:1:49291	admin	200		104.35 ms
17:59:33.149	0:0:0:0:0:0:0:1:51774	admin	REQUEST	[POST] http://localhost:8984/save_dict_file_request?uri=http://localhost:8984/get_dict_file_xml_content_request?file=content/dictionary_f.delahaye_bpri.xml
17:59:33.258	0:0:0:0:0:0:0:1:51774	admin	200		110.05 ms
18:00:10.711	0:0:0:0:0:0:0:1:51774	admin	REQUEST	[GET] http://localhost:8984/get_dict_file_content_as_textile_request?file=content/dictionary_f.delahaye_bpri.xml
18:00:11.647	0:0:0:0:0:0:0:1:51774	admin	200		936.27 ms
18:00:41.299	0:0:0:0:0:0:0:1:51774	admin	REQUEST	[POST] http://localhost:8984/save_dict_file_request?uri=http://localhost:8984/get_dict_file_xml_content_request?file=content/dictionary_f.delahaye_bpri.xml
18:00:41.380	0:0:0:0:0:0:0:1:51774	admin	200		81.59 ms
18:00:45.336	0:0:0:0:0:0:0:1:51774	admin	REQUEST	[GET] http://localhost:8984/get_dict_file_content_as_textile_request?file=content/dictionary_f.delahaye_bpri.xml
18:00:46.377	0:0:0:0:0:0:0:1:51774	admin	200		1041.89 ms
18:01:44.178	0:0:0:0:0:0:0:1:51774	admin	REQUEST	[POST] http://localhost:8984/save_dict_file_request?uri=http://localhost:8984/get_dict_file_xml_content_request?file=content/dictionary_f.delahaye_bpri.xml
18:01:44.300	0:0:0:0:0:0:0:1:51774	admin	200		123.55 ms
18:01:49.731	0:0:0:0:0:0:0:1:51774	admin	REQUEST	[GET] http://localhost:8984/get_dict_file_content_as_textile_request?file=content/dictionary_f.delahaye_bpri.xml
18:01:50.683	0:0:0:0:0:0:0:1:51774	admin	200		953.61 ms
18:42:15.872	0:0:0:0:0:0:0:1:62582	admin	REQUEST	[GET] http://localhost:8984/get_dict_file_content_as_textile_request?file=content/dictionary_f.delahaye_bpri.xml
18:42:16.901	0:0:0:0:0:0:0:1:62582	admin	200		1030.29 ms
18:42:29.926	0:0:0:0:0:0:0:1:62582	admin	REQUEST	[POST] http://localhost:8984/save_dict_file_request?uri=http://localhost:8984/get_dict_file_xml_content_request?file=content/dictionary_f.delahaye_bpri.xml
18:42:30.001	0:0:0:0:0:0:0:1:62582	admin	200		75.53 ms
18:42:34.597	0:0:0:0:0:0:0:1:62582	admin	REQUEST	[GET] http://localhost:8984/get_dict_file_content_as_textile_request?file=content/dictionary_f.delahaye_bpri.xml
18:42:35.480	0:0:0:0:0:0:0:1:62582	admin	200		883.39 ms
18:42:59.726	0:0:0:0:0:0:0:1:62582	admin	REQUEST	[POST] http://localhost:8984/save_dict_file_request?uri=http://localhost:8984/get_dict_file_xml_content_request?file=content/dictionary_f.delahaye_bpri.xml
18:42:59.799	0:0:0:0:0:0:0:1:62582	admin	200		74.34 ms
18:43:03.629	0:0:0:0:0:0:0:1:62582	admin	REQUEST	[GET] http://localhost:8984/get_dict_file_content_as_textile_request?file=content/dictionary_f.delahaye_bpri.xml
18:43:04.529	0:0:0:0:0:0:0:1:62582	admin	200		901.44 ms
18:44:49.452	0:0:0:0:0:0:0:1:63225	admin	REQUEST	[POST] http://localhost:8984/save_dict_file_request?uri=http://localhost:8984/get_dict_file_xml_content_request?file=content/dictionary_f.delahaye_bpri.xml
18:44:49.567	0:0:0:0:0:0:0:1:63225	admin	200		115.93 ms
18:46:05.723	0:0:0:0:0:0:0:1:63545	admin	REQUEST	[POST] http://localhost:8984/save_dict_file_request?uri=http://localhost:8984/get_dict_file_xml_content_request?file=content/dictionary_f.delahaye_bpri.xml
18:46:05.848	0:0:0:0:0:0:0:1:63545	admin	200		125.88 ms
18:49:13.459	0:0:0:0:0:0:0:1:64329	admin	REQUEST	[POST] http://localhost:8984/save_dict_file_request?uri=http://localhost:8984/get_dict_file_xml_content_request?file=content/dictionary_f.delahaye_bpri.xml
18:49:13.574	0:0:0:0:0:0:0:1:64329	admin	200		116.71 ms
19:02:17.115	0:0:0:0:0:0:0:1:51207	admin	REQUEST	[POST] http://localhost:8984/save_dict_file_request?uri=http://localhost:8984/get_dict_file_xml_content_request?file=content/dictionary_f.delahaye_bpri.xml
19:02:17.239	0:0:0:0:0:0:0:1:51207	admin	200		126.92 ms
19:05:04.422	0:0:0:0:0:0:0:1:51901	admin	REQUEST	[POST] http://localhost:8984/save_dict_file_request?uri=http://localhost:8984/get_dict_file_xml_content_request?file=content/dictionary_f.delahaye_bpri.xml
19:05:04.531	0:0:0:0:0:0:0:1:51901	admin	200		110.67 ms
19:05:24.064	0:0:0:0:0:0:0:1:51901	admin	REQUEST	[POST] http://localhost:8984/save_dict_file_request?uri=http://localhost:8984/get_dict_file_xml_content_request?file=content/dictionary_f.delahaye_bpri.xml
19:05:24.166	0:0:0:0:0:0:0:1:51901	admin	200		102.23 ms
19:05:51.196	0:0:0:0:0:0:0:1:51901	admin	REQUEST	[POST] http://localhost:8984/save_dict_file_request?uri=http://localhost:8984/get_dict_file_xml_content_request?file=content/dictionary_f.delahaye_bpri.xml
19:05:51.279	0:0:0:0:0:0:0:1:51901	admin	200		83.16 ms
19:06:10.570	0:0:0:0:0:0:0:1:51901	admin	REQUEST	[GET] http://localhost:8984/get_dict_file_content_as_textile_request?file=content/dictionary_f.delahaye_bpri.xml
19:06:11.527	0:0:0:0:0:0:0:1:51901	admin	200		957.72 ms
19:11:04.405	0:0:0:0:0:0:0:1:53433	admin	REQUEST	[POST] http://localhost:8984/save_dict_file_request?uri=http://localhost:8984/get_dict_file_xml_content_request?file=content/dictionary_f.delahaye_bpri.xml
19:11:04.546	0:0:0:0:0:0:0:1:53433	admin	200		143.2 ms
19:11:10.652	0:0:0:0:0:0:0:1:53433	admin	REQUEST	[GET] http://localhost:8984/get_dict_file_content_as_textile_request?file=content/dictionary_f.delahaye_bpri.xml
19:11:11.614	0:0:0:0:0:0:0:1:53433	admin	200		970.98 ms
