14:39:10.748	0:0:0:0:0:0:0:1:64535	admin	REQUEST	[GET] http://localhost:8984/edit_dict_file_request?file=content/dictionary_f.delahaye.xml
14:39:10.829	0:0:0:0:0:0:0:1:64535	admin	200		82.32 ms
14:39:11.464	0:0:0:0:0:0:0:1:64535	admin	REQUEST	[GET] http://localhost:8984/edit_dict_file_request?file=content/dictionary_f.delahaye.xml
14:39:11.494	0:0:0:0:0:0:0:1:64535	admin	200		29.27 ms
14:39:11.535	0:0:0:0:0:0:0:1:64535	admin	REQUEST	[GET] http://localhost:8984/get_dict_file_xml_content_request?file=content/dictionary_f.delahaye.xml
14:39:11.565	0:0:0:0:0:0:0:1:64535	admin	200		30.35 ms
14:39:38.587	0:0:0:0:0:0:0:1:64535	admin	REQUEST	[GET] http://localhost:8984/get_dict_file_content_as_markdown_request?file=content/dictionary_f.delahaye.xml
14:39:38.771	0:0:0:0:0:0:0:1:64535	admin	200		183.85 ms
15:12:25.569	0:0:0:0:0:0:0:1:64992	admin	REQUEST	[POST] http://localhost:8984/save_dict_file_request?uri=http://localhost:8984/get_dict_file_xml_content_request?file=content/dictionary_f.delahaye_bpri.xml
15:12:25.682	0:0:0:0:0:0:0:1:64992	admin	200		112.71 ms
15:12:37.665	0:0:0:0:0:0:0:1:64992	admin	REQUEST	[GET] http://localhost:8984/edit_dict_file_request?file=content/dictionary_f.delahaye_bpri.xml
15:12:37.698	0:0:0:0:0:0:0:1:64992	admin	200		34.14 ms
15:12:38.489	0:0:0:0:0:0:0:1:64992	admin	REQUEST	[GET] http://localhost:8984/edit_dict_file_request?file=content/dictionary_f.delahaye_bpri.xml
15:12:38.529	0:0:0:0:0:0:0:1:64992	admin	200		41.19 ms
15:12:38.563	0:0:0:0:0:0:0:1:64992	admin	REQUEST	[GET] http://localhost:8984/get_dict_file_xml_content_request?file=content/dictionary_f.delahaye_bpri.xml
15:12:38.598	0:0:0:0:0:0:0:1:64992	admin	200		34.97 ms
15:18:01.458	0:0:0:0:0:0:0:1:65069	admin	REQUEST	[POST] http://localhost:8984/save_dict_file_request?uri=http://localhost:8984/get_dict_file_xml_content_request?file=content/dictionary_f.delahaye_bpri.xml
15:18:01.581	0:0:0:0:0:0:0:1:65069	admin	200		124.14 ms
15:18:10.626	0:0:0:0:0:0:0:1:65069	admin	REQUEST	[GET] http://localhost:8984/edit_dict_file_request?file=content/dictionary_f.delahaye_bpri.xml
15:18:10.668	0:0:0:0:0:0:0:1:65069	admin	200		42.04 ms
15:18:11.097	0:0:0:0:0:0:0:1:65069	admin	REQUEST	[GET] http://localhost:8984/edit_dict_file_request?file=content/dictionary_f.delahaye_bpri.xml
15:18:11.134	0:0:0:0:0:0:0:1:65069	admin	200		37.23 ms
15:18:11.165	0:0:0:0:0:0:0:1:65069	admin	REQUEST	[GET] http://localhost:8984/get_dict_file_xml_content_request?file=content/dictionary_f.delahaye_bpri.xml
15:18:11.195	0:0:0:0:0:0:0:1:65069	admin	200		30.53 ms
15:22:06.730	0:0:0:0:0:0:0:1:65121	admin	REQUEST	[GET] http://localhost:8984/edit_dict_file_request?file=content/dictionary_f.delahaye_bpri.xml
15:22:06.802	0:0:0:0:0:0:0:1:65121	admin	200		72.79 ms
15:22:06.815	0:0:0:0:0:0:0:1:65121	admin	REQUEST	[GET] http://localhost:8984/edit_dict_file_request?file=content/dictionary_f.delahaye_bpri.xml
15:22:06.828	0:0:0:0:0:0:0:1:65121	admin	200		13.1 ms
15:22:06.856	0:0:0:0:0:0:0:1:65121	admin	REQUEST	[GET] http://localhost:8984/get_dict_file_xml_content_request?file=content/dictionary_f.delahaye_bpri.xml
15:22:06.882	0:0:0:0:0:0:0:1:65121	admin	200		26.54 ms
15:23:45.767	0:0:0:0:0:0:0:1:65147	admin	REQUEST	[GET] http://localhost:8984/edit_dict_file_request?file=content/dictionary_f.delahaye_bpri.xml
15:23:45.820	0:0:0:0:0:0:0:1:65147	admin	200		53.46 ms
15:23:45.844	0:0:0:0:0:0:0:1:65147	admin	REQUEST	[GET] http://localhost:8984/edit_dict_file_request?file=content/dictionary_f.delahaye_bpri.xml
15:23:45.857	0:0:0:0:0:0:0:1:65147	admin	200		12.82 ms
15:23:45.905	0:0:0:0:0:0:0:1:65147	admin	REQUEST	[GET] http://localhost:8984/get_dict_file_xml_content_request?file=content/dictionary_f.delahaye_bpri.xml
15:23:45.926	0:0:0:0:0:0:0:1:65147	admin	200		21.75 ms
15:29:20.782	0:0:0:0:0:0:0:1:50221	admin	REQUEST	[GET] http://localhost:8984/edit_dict_file_request?file=content/dictionary_f.delahaye_bpri.xml
15:29:20.856	0:0:0:0:0:0:0:1:50221	admin	200		74.57 ms
15:29:20.886	0:0:0:0:0:0:0:1:50224	admin	REQUEST	[GET] http://localhost:8984/edit_dict_file_request?file=content/dictionary_f.delahaye_bpri.xml
15:29:20.901	0:0:0:0:0:0:0:1:50224	admin	200		15.34 ms
15:29:20.940	0:0:0:0:0:0:0:1:50224	admin	REQUEST	[GET] http://localhost:8984/get_dict_file_xml_content_request?file=content/dictionary_f.delahaye_bpri.xml
15:29:20.958	0:0:0:0:0:0:0:1:50224	admin	200		18.61 ms
15:31:50.461	0:0:0:0:0:0:0:1:50853	admin	REQUEST	[GET] http://localhost:8984/edit_dict_file_request?file=content/dictionary_f.delahaye_bpri.xml
15:31:50.517	0:0:0:0:0:0:0:1:50853	admin	200		57.45 ms
15:31:50.542	0:0:0:0:0:0:0:1:50855	admin	REQUEST	[GET] http://localhost:8984/edit_dict_file_request?file=content/dictionary_f.delahaye_bpri.xml
15:31:50.552	0:0:0:0:0:0:0:1:50855	admin	200		12.05 ms
15:31:50.592	0:0:0:0:0:0:0:1:50855	admin	REQUEST	[GET] http://localhost:8984/get_dict_file_xml_content_request?file=content/dictionary_f.delahaye_bpri.xml
15:31:50.612	0:0:0:0:0:0:0:1:50855	admin	200		21.1 ms
15:34:43.162	0:0:0:0:0:0:0:1:51581	admin	REQUEST	[GET] http://localhost:8984/edit_dict_file_request?file=content/dictionary_f.delahaye_bpri.xml
15:34:43.227	0:0:0:0:0:0:0:1:51581	admin	200		64.73 ms
15:34:43.243	0:0:0:0:0:0:0:1:51587	admin	REQUEST	[GET] http://localhost:8984/edit_dict_file_request?file=content/dictionary_f.delahaye_bpri.xml
15:34:43.260	0:0:0:0:0:0:0:1:51587	admin	200		17.33 ms
15:34:43.295	0:0:0:0:0:0:0:1:51587	admin	REQUEST	[GET] http://localhost:8984/get_dict_file_xml_content_request?file=content/dictionary_f.delahaye_bpri.xml
15:34:43.345	0:0:0:0:0:0:0:1:51587	admin	200		50.17 ms
15:39:47.404	0:0:0:0:0:0:0:1:52867	admin	REQUEST	[GET] http://localhost:8984/get_dict_file_content_as_textile_v2_request?file=content/dictionary_f.delahaye_bpri.xml
15:39:47.666	0:0:0:0:0:0:0:1:52867	admin	200		262.29 ms
15:40:33.957	0:0:0:0:0:0:0:1:52867	admin	REQUEST	[POST] http://localhost:8984/save_dict_file_request?uri=http://localhost:8984/get_dict_file_xml_content_request?file=content/dictionary_f.delahaye_bpri.xml
15:40:34.041	0:0:0:0:0:0:0:1:52867	admin	200		84.96 ms
15:40:39.445	0:0:0:0:0:0:0:1:52867	admin	REQUEST	[GET] http://localhost:8984/get_dict_file_content_as_textile_v2_request?file=content/dictionary_f.delahaye_bpri.xml
15:40:39.593	0:0:0:0:0:0:0:1:52867	admin	200		148.65 ms
15:43:03.301	0:0:0:0:0:0:0:1:53690	admin	REQUEST	[GET] http://localhost:8984/get_dict_file_content_as_textile_v2_request?file=content/dictionary_f.delahaye_bpri.xml
15:43:03.476	0:0:0:0:0:0:0:1:53690	admin	200		176.49 ms
15:43:13.576	0:0:0:0:0:0:0:1:53690	admin	REQUEST	[GET] http://localhost:8984/get_dict_file_content_as_textile_v2_request?file=content/dictionary_f.delahaye_bpri.xml
15:43:13.708	0:0:0:0:0:0:0:1:53690	admin	200		132.32 ms
15:44:58.688	0:0:0:0:0:0:0:1:54177	admin	REQUEST	[GET] http://localhost:8984/get_dict_file_content_as_textile_v2_request?file=content/dictionary_f.delahaye_bpri.xml
15:44:58.880	0:0:0:0:0:0:0:1:54177	admin	200		192.42 ms
15:45:29.894	0:0:0:0:0:0:0:1:54177	admin	REQUEST	[GET] http://localhost:8984/get_dict_file_content_as_markdown_request?file=content/dictionary_f.delahaye_bpri.xml
15:45:30.001	0:0:0:0:0:0:0:1:54177	admin	200		107.14 ms
15:45:51.292	0:0:0:0:0:0:0:1:54177	admin	REQUEST	[GET] http://localhost:8984/get_dict_file_content_as_markdown_request?file=content/dictionary_f.delahaye_bpri.xml
15:45:51.421	0:0:0:0:0:0:0:1:54177	admin	200		129.91 ms
15:51:46.721	0:0:0:0:0:0:0:1:55896	admin	REQUEST	[GET] http://localhost:8984/get_dict_file_content_as_markdown_request?file=content/dictionary_f.delahaye.xml
15:51:46.903	0:0:0:0:0:0:0:1:55896	admin	200		182.75 ms
15:52:12.231	0:0:0:0:0:0:0:1:55896	admin	REQUEST	[GET] http://localhost:8984/edit_dict_file_request?file=content/dictionary_f.delahaye.xml
15:52:12.280	0:0:0:0:0:0:0:1:55896	admin	200		49.25 ms
15:52:12.294	0:0:0:0:0:0:0:1:55896	admin	REQUEST	[GET] http://localhost:8984/edit_dict_file_request?file=content/dictionary_f.delahaye.xml
15:52:12.306	0:0:0:0:0:0:0:1:55896	admin	200		12.67 ms
15:52:12.333	0:0:0:0:0:0:0:1:55896	admin	REQUEST	[GET] http://localhost:8984/get_dict_file_xml_content_request?file=content/dictionary_f.delahaye.xml
15:52:12.353	0:0:0:0:0:0:0:1:55896	admin	200		20.61 ms
15:53:42.973	0:0:0:0:0:0:0:1:56383	admin	REQUEST	[GET] http://localhost:8984/get_dict_file_content_as_markdown_request?file=content/dictionary_f.delahaye.xml
15:53:43.360	0:0:0:0:0:0:0:1:56383	admin	200		389.91 ms
16:19:41.657	0:0:0:0:0:0:0:1:63001	admin	REQUEST	[GET] http://localhost:8984/get_dict_file_content_as_markdown_request?file=content/dictionary_f.delahaye.xml
16:19:41.888	0:0:0:0:0:0:0:1:63001	admin	200		232.86 ms
16:40:35.184	0:0:0:0:0:0:0:1:52522	admin	REQUEST	[GET] http://localhost:8984/edit_dict_file_request?file=content/dictionary_f.delahaye.xml
16:40:35.260	0:0:0:0:0:0:0:1:52522	admin	200		79.7 ms
16:40:35.277	0:0:0:0:0:0:0:1:52522	admin	REQUEST	[GET] http://localhost:8984/edit_dict_file_request?file=content/dictionary_f.delahaye.xml
16:40:35.291	0:0:0:0:0:0:0:1:52522	admin	200		15.07 ms
16:40:35.319	0:0:0:0:0:0:0:1:52522	admin	REQUEST	[GET] http://localhost:8984/get_dict_file_xml_content_request?file=content/dictionary_f.delahaye.xml
16:40:35.344	0:0:0:0:0:0:0:1:52522	admin	200		24.4 ms
16:51:29.122	0:0:0:0:0:0:0:1:55466	admin	REQUEST	[GET] http://localhost:8984/edit_dict_file_request?file=content/dictionary_f.delahaye.xml
16:51:29.278	0:0:0:0:0:0:0:1:55466	admin	200		159.03 ms
16:51:29.295	0:0:0:0:0:0:0:1:55466	admin	REQUEST	[GET] http://localhost:8984/edit_dict_file_request?file=content/dictionary_f.delahaye.xml
16:51:29.303	0:0:0:0:0:0:0:1:55466	admin	200		8.01 ms
16:51:29.338	0:0:0:0:0:0:0:1:55466	admin	REQUEST	[GET] http://localhost:8984/get_dict_file_xml_content_request?file=content/dictionary_f.delahaye.xml
16:51:29.359	0:0:0:0:0:0:0:1:55466	admin	200		20.89 ms
16:52:15.488	0:0:0:0:0:0:0:1:55466	admin	REQUEST	[GET] http://localhost:8984/get_dict_file_content_as_markdown_request?file=content/dictionary_f.delahaye.xml
16:52:15.757	0:0:0:0:0:0:0:1:55466	admin	200		274.33 ms
17:38:26.105	0:0:0:0:0:0:0:1:51554	admin	REQUEST	[GET] http://localhost:8984/edit_dict_file_request?file=content/dictionary_f.delahaye.xml
17:38:26.209	0:0:0:0:0:0:0:1:51554	admin	200		109.26 ms
17:38:26.227	0:0:0:0:0:0:0:1:51563	admin	REQUEST	[GET] http://localhost:8984/edit_dict_file_request?file=content/dictionary_f.delahaye.xml
17:38:26.236	0:0:0:0:0:0:0:1:51563	admin	200		9.99 ms
17:38:26.270	0:0:0:0:0:0:0:1:51563	admin	REQUEST	[GET] http://localhost:8984/get_dict_file_xml_content_request?file=content/dictionary_f.delahaye.xml
17:38:26.297	0:0:0:0:0:0:0:1:51563	admin	200		27.9 ms
17:39:40.478	0:0:0:0:0:0:0:1:51902	admin	REQUEST	[GET] http://localhost:8984/get_dict_file_content_as_markdown_request?file=content/dictionary_f.delahaye.xml
17:39:40.762	0:0:0:0:0:0:0:1:51902	admin	200		285.54 ms
17:56:18.468	0:0:0:0:0:0:0:1:56284	admin	REQUEST	[GET] http://localhost:8984/get_dict_file_content_as_markdown_request?file=content/dictionary_f.delahaye.xml
17:56:18.631	0:0:0:0:0:0:0:1:56284	admin	200		164.34 ms
17:57:46.875	0:0:0:0:0:0:0:1:56684	admin	REQUEST	[GET] http://localhost:8984/get_dict_file_content_as_markdown_request?file=content/dictionary_f.delahaye.xml
17:57:47.024	0:0:0:0:0:0:0:1:56684	admin	200		150.58 ms
17:59:13.806	0:0:0:0:0:0:0:1:57047	admin	REQUEST	[GET] http://localhost:8984/get_dict_file_content_as_markdown_request?file=content/dictionary_f.delahaye.xml
17:59:13.950	0:0:0:0:0:0:0:1:57047	admin	200		145.77 ms
18:01:16.302	0:0:0:0:0:0:0:1:57587	admin	REQUEST	[GET] http://localhost:8984/get_dict_file_content_as_markdown_request?file=content/dictionary_f.delahaye.xml
18:01:16.504	0:0:0:0:0:0:0:1:57587	admin	200		203.82 ms
18:02:09.364	0:0:0:0:0:0:0:1:57587	admin	REQUEST	[GET] http://localhost:8984/get_dict_file_content_as_markdown_request?file=content/dictionary_f.delahaye.xml
18:02:09.557	0:0:0:0:0:0:0:1:57587	admin	400	Stopped at /Volumes/Samsung_T5/dev/epad/fdelahaye/editor/document_root/examples/epad/content/basex/webapp/bilendi_dictionary.xqm, 244/21: [bxerr:BXSL0001] Syntax error at char 52 near {...bstring-before(@id,'_expand...} in expression in xsl:apply-templates/@select on line 117 column 175 of xhtml2markdown.xsl: XPST0003: expected "]", found name "_expand"	205.44 ms
18:03:59.115	0:0:0:0:0:0:0:1:58312	admin	REQUEST	[GET] http://localhost:8984/get_dict_file_content_as_markdown_request?file=content/dictionary_f.delahaye.xml
18:03:59.298	0:0:0:0:0:0:0:1:58312	admin	200		184.8 ms
18:05:03.818	0:0:0:0:0:0:0:1:58590	admin	REQUEST	[GET] http://localhost:8984/get_dict_file_content_as_markdown_request?file=content/dictionary_f.delahaye.xml
18:05:03.963	0:0:0:0:0:0:0:1:58590	admin	200		145.5 ms
18:06:46.785	0:0:0:0:0:0:0:1:59045	admin	REQUEST	[GET] http://localhost:8984/get_dict_file_content_as_markdown_request?file=content/dictionary_f.delahaye.xml
18:06:46.925	0:0:0:0:0:0:0:1:59045	admin	200		141.44 ms
18:07:14.745	0:0:0:0:0:0:0:1:59045	admin	REQUEST	[GET] http://localhost:8984/get_dict_file_content_as_markdown_request?file=content/dictionary_f.delahaye.xml
18:07:14.878	0:0:0:0:0:0:0:1:59045	admin	200		132.49 ms
18:12:28.284	0:0:0:0:0:0:0:1:60578	admin	REQUEST	[GET] http://localhost:8984/get_dict_file_content_as_markdown_request?file=content/dictionary_f.delahaye.xml
18:12:28.459	0:0:0:0:0:0:0:1:60578	admin	200		175.51 ms
18:21:11.951	0:0:0:0:0:0:0:1:62847	admin	REQUEST	[GET] http://localhost:8984/get_dict_file_content_as_markdown_request?file=content/dictionary_f.delahaye.xml
18:21:12.122	0:0:0:0:0:0:0:1:62847	admin	200		171.2 ms
18:24:15.102	0:0:0:0:0:0:0:1:63641	admin	REQUEST	[GET] http://localhost:8984/get_dict_file_content_as_markdown_request?file=content/dictionary_f.delahaye.xml
18:24:15.291	0:0:0:0:0:0:0:1:63641	admin	200		190.99 ms
18:40:38.651	0:0:0:0:0:0:0:1:51526	admin	REQUEST	[GET] http://localhost:8984/get_dict_file_content_as_markdown_request?file=content/dictionary_f.delahaye.xml
18:40:38.803	0:0:0:0:0:0:0:1:51526	admin	200		155.37 ms
18:43:02.333	0:0:0:0:0:0:0:1:52150	admin	REQUEST	[GET] http://localhost:8984/get_dict_file_content_as_markdown_request?file=content/dictionary_f.delahaye.xml
18:43:02.521	0:0:0:0:0:0:0:1:52150	admin	200		189.15 ms
18:44:46.803	0:0:0:0:0:0:0:1:52610	admin	REQUEST	[GET] http://localhost:8984/get_dict_file_content_as_textile_v2_request?file=content/dictionary_f.delahaye_bpri.xml
18:44:47.008	0:0:0:0:0:0:0:1:52610	admin	200		206.7 ms
18:46:45.809	0:0:0:0:0:0:0:1:53121	admin	REQUEST	[GET] http://localhost:8984/get_dict_file_content_as_textile_v2_request?file=content/dictionary_f.delahaye.xml
18:46:45.994	0:0:0:0:0:0:0:1:53121	admin	200		186.31 ms
18:47:00.252	0:0:0:0:0:0:0:1:53121	admin	REQUEST	[GET] http://localhost:8984/get_dict_file_content_as_textile_v2_request?file=content/dictionary_f.delahaye_bpri.xml
18:47:00.387	0:0:0:0:0:0:0:1:53121	admin	200		135.64 ms
18:47:43.495	0:0:0:0:0:0:0:1:53121	admin	REQUEST	[GET] http://localhost:8984/get_dict_file_content_as_textile_v2_request?file=content/dictionary_f.delahaye_bpri.xml
18:47:43.635	0:0:0:0:0:0:0:1:53121	admin	200		140.74 ms
18:48:46.758	0:0:0:0:0:0:0:1:53649	admin	REQUEST	[GET] http://localhost:8984/get_dict_file_content_as_textile_v2_request?file=content/dictionary_f.delahaye_bpri.xml
18:48:46.955	0:0:0:0:0:0:0:1:53649	admin	200		198.88 ms
18:48:51.928	0:0:0:0:0:0:0:1:53649	admin	REQUEST	[GET] http://localhost:8984/get_dict_file_content_as_textile_v2_request?file=content/dictionary_f.delahaye.xml
18:48:52.033	0:0:0:0:0:0:0:1:53649	admin	200		105.29 ms
19:51:15.371	0:0:0:0:0:0:0:1:61509	admin	REQUEST	[GET] http://localhost:8984/get_dict_file_content_as_textile_v2_request?file=content/dictionary_f.delahaye_bpri.xml
19:51:15.611	0:0:0:0:0:0:0:1:61509	admin	200		242.07 ms
20:09:46.828	0:0:0:0:0:0:0:1:50093	admin	REQUEST	[GET] http://localhost:8984/dictionary
20:09:46.947	0:0:0:0:0:0:0:1:50093	admin	200		123.51 ms
20:09:46.976	0:0:0:0:0:0:0:1:50093	admin	REQUEST	[GET] http://localhost:8984/list_dictionary_request
20:09:47.008	0:0:0:0:0:0:0:1:50093	admin	200		31.91 ms
20:09:54.438	0:0:0:0:0:0:0:1:50093	admin	REQUEST	[GET] http://localhost:8984/get_dict_file_content_as_html_file_request?file=content/dictionary_f.delahaye.xml
20:09:54.683	0:0:0:0:0:0:0:1:50093	admin	200		246.1 ms
20:31:48.756	0:0:0:0:0:0:0:1:55664	admin	REQUEST	[POST] http://localhost:8984/save_dict_file_request?uri=http://localhost:8984/get_dict_file_xml_content_request?file=content/dictionary_f.delahaye.xml
20:31:48.882	0:0:0:0:0:0:0:1:55664	admin	200		127.49 ms
20:32:34.418	0:0:0:0:0:0:0:1:55664	admin	REQUEST	[GET] http://localhost:8984/get_dict_file_content_as_markdown_request?file=content/dictionary_f.delahaye.xml
20:32:34.553	0:0:0:0:0:0:0:1:55664	admin	200		134.93 ms
20:36:03.164	0:0:0:0:0:0:0:1:56857	admin	REQUEST	[GET] http://localhost:8984/dictionary
20:36:03.259	0:0:0:0:0:0:0:1:56857	admin	200		95.25 ms
20:36:03.288	0:0:0:0:0:0:0:1:56857	admin	REQUEST	[GET] http://localhost:8984/list_dictionary_request
20:36:03.308	0:0:0:0:0:0:0:1:56857	admin	200		20.45 ms
20:36:09.972	0:0:0:0:0:0:0:1:56857	admin	REQUEST	[GET] http://localhost:8984/get_dict_file_xml_content_request_debug?file=content/dictionary_f.delahaye.xml
20:36:10.010	0:0:0:0:0:0:0:1:56857	admin	200		38.62 ms
20:38:56.618	0:0:0:0:0:0:0:1:57583	admin	REQUEST	[GET] http://localhost:8984/dictionary
20:38:56.682	0:0:0:0:0:0:0:1:57583	admin	200		64.81 ms
20:38:56.708	0:0:0:0:0:0:0:1:57583	admin	REQUEST	[GET] http://localhost:8984/list_dictionary_request
20:38:56.729	0:0:0:0:0:0:0:1:57583	admin	200		21.32 ms
20:39:06.234	0:0:0:0:0:0:0:1:57583	admin	REQUEST	[GET] http://localhost:8984/get_dict_file_xml_content_request?file=content/dictionary_f.delahaye.xml
20:39:06.267	0:0:0:0:0:0:0:1:57583	admin	200		33.45 ms
20:42:29.415	0:0:0:0:0:0:0:1:58479	admin	REQUEST	[GET] http://localhost:8984/get_dict_file_content_as_markdown_request?file=content/dictionary_f.delahaye.xml
20:42:29.549	0:0:0:0:0:0:0:1:58479	admin	200		135.09 ms
20:44:51.539	0:0:0:0:0:0:0:1:59080	admin	REQUEST	[GET] http://localhost:8984/dictionary
20:44:51.593	0:0:0:0:0:0:0:1:59080	admin	200		54.92 ms
20:44:51.613	0:0:0:0:0:0:0:1:59080	admin	REQUEST	[GET] http://localhost:8984/list_dictionary_request
20:44:51.634	0:0:0:0:0:0:0:1:59080	admin	200		21.85 ms
20:45:00.165	0:0:0:0:0:0:0:1:59080	admin	REQUEST	[GET] http://localhost:8984/get_dict_file_content_as_textile_v2_request?file=content/dictionary_f.delahaye_bpri.xml
20:45:00.350	0:0:0:0:0:0:0:1:59080	admin	200		185.71 ms
20:46:39.075	0:0:0:0:0:0:0:1:59534	admin	REQUEST	[GET] http://localhost:8984/get_dict_file_content_as_textile_v2_request?file=content/dictionary_f.delahaye_bpri.xml
20:46:39.277	0:0:0:0:0:0:0:1:59534	admin	200		202.51 ms
20:48:51.286	0:0:0:0:0:0:0:1:60093	admin	REQUEST	[POST] http://localhost:8984/save_dict_file_request?uri=http://localhost:8984/get_dict_file_xml_content_request?file=content/dictionary_f.delahaye_bpri.xml
20:48:51.389	0:0:0:0:0:0:0:1:60093	admin	200		103.19 ms
20:49:24.564	0:0:0:0:0:0:0:1:60093	admin	REQUEST	[POST] http://localhost:8984/save_dict_file_request?uri=http://localhost:8984/get_dict_file_xml_content_request?file=content/dictionary_f.delahaye_bpri.xml
20:49:24.649	0:0:0:0:0:0:0:1:60093	admin	200		85.72 ms
20:50:40.790	0:0:0:0:0:0:0:1:60556	admin	REQUEST	[POST] http://localhost:8984/save_dict_file_request?uri=http://localhost:8984/get_dict_file_xml_content_request?file=content/dictionary_f.delahaye_bpri.xml
20:50:40.887	0:0:0:0:0:0:0:1:60556	admin	200		97.31 ms
20:52:05.751	0:0:0:0:0:0:0:1:60913	admin	REQUEST	[POST] http://localhost:8984/save_dict_file_request?uri=http://localhost:8984/get_dict_file_xml_content_request?file=content/dictionary_f.delahaye_bpri.xml
20:52:05.843	0:0:0:0:0:0:0:1:60913	admin	200		92.66 ms
20:53:30.315	0:0:0:0:0:0:0:1:61269	admin	REQUEST	[POST] http://localhost:8984/save_dict_file_request?uri=http://localhost:8984/get_dict_file_xml_content_request?file=content/dictionary_f.delahaye_bpri.xml
20:53:30.409	0:0:0:0:0:0:0:1:61269	admin	200		94.55 ms
20:55:42.209	0:0:0:0:0:0:0:1:61826	admin	REQUEST	[GET] http://localhost:8984/edit_dict_file_request?file=content/dictionary_f.delahaye_bpri.xml
20:55:42.273	0:0:0:0:0:0:0:1:61826	admin	200		64.74 ms
20:55:42.292	0:0:0:0:0:0:0:1:61827	admin	REQUEST	[GET] http://localhost:8984/edit_dict_file_request?file=content/dictionary_f.delahaye_bpri.xml
20:55:42.308	0:0:0:0:0:0:0:1:61827	admin	200		16.85 ms
20:55:42.351	0:0:0:0:0:0:0:1:61827	admin	REQUEST	[GET] http://localhost:8984/get_dict_file_xml_content_request?file=content/dictionary_f.delahaye_bpri.xml
20:55:42.376	0:0:0:0:0:0:0:1:61827	admin	200		27.25 ms
20:56:38.722	0:0:0:0:0:0:0:1:61825	admin	REQUEST	[GET] http://localhost:8984/edit_dict_file_request?file=content/dictionary_f.delahaye_bpri.xml
20:56:38.773	0:0:0:0:0:0:0:1:61825	admin	200		53.61 ms
20:56:38.814	0:0:0:0:0:0:0:1:61825	admin	REQUEST	[GET] http://localhost:8984/edit_dict_file_request?file=content/dictionary_f.delahaye_bpri.xml
20:56:38.824	0:0:0:0:0:0:0:1:61825	admin	200		9.81 ms
20:56:38.863	0:0:0:0:0:0:0:1:61825	admin	REQUEST	[GET] http://localhost:8984/get_dict_file_xml_content_request?file=content/dictionary_f.delahaye_bpri.xml
20:56:38.893	0:0:0:0:0:0:0:1:61825	admin	200		30.34 ms
20:58:49.693	0:0:0:0:0:0:0:1:62626	admin	REQUEST	[GET] http://localhost:8984/edit_dict_file_request?file=content/dictionary_f.delahaye_bpri.xml
20:58:49.753	0:0:0:0:0:0:0:1:62626	admin	200		60.7 ms
20:58:49.768	0:0:0:0:0:0:0:1:62630	admin	REQUEST	[GET] http://localhost:8984/edit_dict_file_request?file=content/dictionary_f.delahaye_bpri.xml
20:58:49.777	0:0:0:0:0:0:0:1:62630	admin	200		9.72 ms
20:58:49.819	0:0:0:0:0:0:0:1:62630	admin	REQUEST	[GET] http://localhost:8984/get_dict_file_xml_content_request?file=content/dictionary_f.delahaye_bpri.xml
20:58:49.855	0:0:0:0:0:0:0:1:62630	admin	200		36.29 ms
20:59:58.495	0:0:0:0:0:0:0:1:62920	admin	REQUEST	[GET] http://localhost:8984/edit_dict_file_request?file=content/dictionary_f.delahaye_bpri.xml
20:59:58.537	0:0:0:0:0:0:0:1:62920	admin	200		42.84 ms
20:59:58.553	0:0:0:0:0:0:0:1:62923	admin	REQUEST	[GET] http://localhost:8984/edit_dict_file_request?file=content/dictionary_f.delahaye_bpri.xml
20:59:58.562	0:0:0:0:0:0:0:1:62923	admin	200		8.85 ms
20:59:58.596	0:0:0:0:0:0:0:1:62923	admin	REQUEST	[GET] http://localhost:8984/get_dict_file_xml_content_request?file=content/dictionary_f.delahaye_bpri.xml
20:59:58.622	0:0:0:0:0:0:0:1:62923	admin	200		25.52 ms
21:01:23.178	0:0:0:0:0:0:0:1:62923	admin	REQUEST	[GET] http://localhost:8984/edit_dict_file_request?file=content/dictionary_f.delahaye_bpri.xml
21:01:23.213	0:0:0:0:0:0:0:1:62923	admin	200		35.55 ms
21:01:23.228	0:0:0:0:0:0:0:1:62923	admin	REQUEST	[GET] http://localhost:8984/edit_dict_file_request?file=content/dictionary_f.delahaye_bpri.xml
21:01:23.238	0:0:0:0:0:0:0:1:62923	admin	200		11.86 ms
21:01:23.265	0:0:0:0:0:0:0:1:62923	admin	REQUEST	[GET] http://localhost:8984/get_dict_file_xml_content_request?file=content/dictionary_f.delahaye_bpri.xml
21:01:23.284	0:0:0:0:0:0:0:1:62923	admin	200		18.93 ms
